13/06/2017 12:31:06
Citta 
Ragusa
Recupero dati della Città
Dati recuperati correttamente
Download pagina
Creazione Feed
Inserimento dati AlboPOP
BOLLETTINI ASTE GIUDIZIARIE - VENDITE MOBILIARI DEL 12/06/2017 II INCANTO - TRIBUNALE DI RAGUSA
Dati AlboPOP Item
PUBBLICAZIONE ART. 140 A CARICO DI ASSOCIAZIONE PROTEZIONE CIVILE "PROMETEO" C/O BUONAFEDE ANGELA, LEGALE RAPPRESENTANTE
Dati AlboPOP Item
PUBBLICAZIONE ATTO DI MATRIMONIO A NOME DI BUCCHIERI ANDREA, MELI DENISE
Dati AlboPOP Item
PUBBLICAZIONE ATTO DI MATRIMONIO A NOME DI BRACCHITTA SANDRO, TUMINO SIMONA
Dati AlboPOP Item
PUBBLICAZIONE ATTO DI MATRIMONIO A NOME DI ZAGO FABIANO, ACQUASANA VINCENZA
Dati AlboPOP Item
PUBBLICAZIONE ATTO DI MATRIMONIO A NOME DI SCALISE FRANCESCO, MARSALA MARILENA GRAZIA
Dati AlboPOP Item
OGGETTO: APPROVAZIONE CERTIFICATO REGOLARE ESECUZIONE, SVINCOLO CAUZIONE E LIQUIDAZIONE FINALE PER I LAVORI “DI MANUTENZIONE STRAORDINARIA IMPIANTO SPORTIVO DI VIA DELLE SIRENE A MARINA DI RAGUSA PER LIMITARE INTRUSIONI DI PERSONE DALL'ESTERNO”. SMART C.I.G.: ZA175848D
Dati AlboPOP Item
PUBBLICAZIONE ART. 143 C.P.C. A CARICO DI ARLOTTA TINDARO
Dati AlboPOP Item
LIQUIDAZIONE ARRETRI ANF ALLA DIPENDENTE FAILLA ADELINA - PERIODO 01/07/2016-31/12/2016
Dati AlboPOP Item
LIQUIDAZIONE ONERI CONDOMINIALI RELATIVI ALL'IMMOBILE, SEDE DI SCUOLA MATERNA STATALE, SITO IN VIA CILEA A RAGUSA.
Dati AlboPOP Item
LIQUIDAZIONE SPESE ACQUISTO MATERIALE DI CONSUMO, STAMPATI E VARIE (CAP. 1377.10)
Dati AlboPOP Item
LIQUIDAZIONE SPESE ACQUISTO MATERIALE DI CONSUMO, STAMPATI E VARIE ( CAP. 1377.8)
Dati AlboPOP Item
LIQUIDAZIONE SPESE ACQUISTO MATERIALE DI CONSUMO, STAMPATI E VARIE (CAP. 1377.5)
Dati AlboPOP Item
LIQUIDAZIONE SPESE ACQUISTO MATERIALE DI CONSUMO,STAMPATI E VARIE (CAP.1377.3)
Dati AlboPOP Item
PRENOTAZIONE SPESA PER AFFIDAMENTO DELLA FORNITURA DEL SERVIZIO DI ANALISI DI LABORATORIO PER I VOLONTARI DI PROTEZIONE CIVILE AI SENSI DEL D.LVO N° 81/2008 IN MATERIA DI TUTELA DELLA SALUTE E DELLA SICUREZZA NEI LUOGHI DI LAVORO CIG Z491EC9227
Dati AlboPOP Item
AUTORIZZAZIONE ALLA CESSIONE IN PROPRIETÀ DELL’AREA GIÀ CONCESSA IN DIRITTO DI SUPERFICIE ALLA SIG.RA CILIA CARMELA PROPRIETARIA DI UNO DEI 46 ALLOGGI COSTRUITI DALLA COOP. SUD COSTRUZIONI IN C.DA PENDENTE
Dati AlboPOP Item
RILASCIO AUTORIZZAZIONEAL TRASFERIMENTO DELL'ESERCIZIO DI OTTICO DA VIA ARCHIMEDE, 313 A VIA ARCHIMEDE 341
Dati AlboPOP Item
ESTENSIONE DEL QUINTO PER LA FORNITURA DELLE ATTIVITÀ DEL PROGRAMMA PIPPI 5 AL CONSORZIO QUARANTACINQUE DI REGGIO EMILIA. CIG: Z341B74240 
Dati AlboPOP Item
APPROVAZIONE E LIQUIDAZIONE DELLA SANZIONE DI €. 184,00 EMESSA DAL LIBERO CONSORZIO COMUNALE DI RAGUSA, PER MANCATA REGOLARIZZAZIONE DELL'ACCESSO CARRABILE DELL'IMMOBILE DI PROPRIETA' COMUNALE UBICATO SULLA STRADA PROVINCIALE N.14 "CASTIGLIONE TRASAURO" AL KM. 0+0.50
Dati AlboPOP Item
MINISTERO DEL LAVORO E DELLE POLITICHE SOCIALI – DIREZIONE GENERALE PER L’ INCLUSIONE SOCIALE E LE POLITICHE SOCIALI, AVVISO PUBBLICO 3/2016: PRESA D’ ATTO DI AMMISSIONE A FINANZIAMENTO DELLA PROPOSTA DI INTERVENTO PRESENTATA DAL DISTRETTO SOCIOSANITARIO 44 PER L’ ATTUAZIONE DEL SOSTEGNO PER L’ INCLUSIONE ATTIVA. ACCERTAMENTO IN ENTRATA. IMPEGNO SPESA RELATIVO ALL’ ANNO 2017.
Dati AlboPOP Item
ATTRIBUZIONE AL SETTORE VI DELLA SOMMA DI € 3.330,00 PER MINUTE SPESE DI COMPETENZA DEL SETTORE PER IL SERVIZIO IDRICO E FOGNARIO.
Dati AlboPOP Item
APPROVAZIONE GRADUATORIA PER ASSEGNAZIONE DEI POSTEGGI SU AREE PUBBLICHE (FIERE, MERCATI, SAGRE ED ALTRE RIUNIONI STRAORDINARIE DI PERSONE - LL.RR. N° 18/95 E 2/96 )-DETERMINAZIONE SINDACALE N° 29 DEL 24/05/2017- FIERA DI SAN GIOVANNI BATTISTA
Dati AlboPOP Item
IMPEGNO SPESA PER LA GESTIONE DEL SERVIZIO DI ASSISTENZA DOMCILIARE ANZIANI E NUCELI FAMILIARI IN DIFFICOLTA' (ADA) NEL CORSO DELL' ANNO 2017.
Dati AlboPOP Item
SERVIZIO DI IGIENE AMBIENTALE. ORDINANZA SINDACALE N. 473 DEL 24/05/2017 DI PROROGA DAL 01/06/2017 AL 30/06/2017. IMPEGNO DELLA SPESA. 
Dati AlboPOP Item
RICOGNIZIONE DI ULTERIORI AVENTI DIRITTO D’USO DI SEPOLTURA NELLA TOMBA SITA NEL CIMITERO DI RAGUSA CENTRO, LOTTO N. 7, CAMPO XVII, MQ. 9,28. DITTA: GAROFALO CARMELO, MORANA SALVATRICE, DISTEFANO MARIA. 
Dati AlboPOP Item
RSS Creato
Pubblicazione GitHUB
