Citta Bitonto
Download pagina
Creazione Feed
Inserimento dati AlboPOP
"LUCARELLI VINCENZO" BITONTO - LIQUIDAZIONE FATT. N° 01/PA DEL 04/05/2017 - FORNITURA DI BATTERIE E MATERIALE ELETTRICO PER GLI UFFICI DEL SERVIZIO DI POLIZIA LOCALE
Dati AlboPOP Item
CONTRIBUTO COMUNALE INTEGRATIVO SCUOLE DELL'INFANZIA PARITARIE CONVENZIONATE CON IL COMUNE DI BITONTO. ANNO SCOLASTICO 2016/2017.LIQUIDAZIONE.
Dati AlboPOP Item
Videoconferenza organizzata da Treviformazione sulla gestione del Patrimonio. Acquisizione materiale didattico. CIG: Z8A1D9FAD4. Liquidazione fattura.
Dati AlboPOP Item
ELEZIONI DEL SINDACO E DEL CONSIGLIO COMUNALE. FORNITURA CARTA. LIQUIDAZIONE.
Dati AlboPOP Item
FORNITURA IN USO DI UN SISTEMA INFORMATICO ON WEB INTEGRATO E SVILUPPATO IN MODO DA ESSERE INTERATTIVO CON IL CONTRIBUENTE A MEZZO WEB SERVICE PER LA GESTIONE DIRETTA DELLA RISCOSSIONE SPONTANEA E COATTIVA DELLE ENTRATE TRIBUTARIE ED EXTRATRIBUTARIE COMUNALI, NONCHÉ DEI SERVIZI DI SUPPORTO DEL SERVIZIO TRIBUTI STRUMENTALI ALLA GESTIONE DIRETTA. LIQUIDAZIONE FATTURA MAGGIO 2017 
Dati AlboPOP Item
SERVIZIO OSPITALITA' MINORE - FONDAZIONE SAN GIROLAMO EMILIANI. LIQUIDAZIONE FATTURE PERIODO GENNAIO-APRILE 2017.
Dati AlboPOP Item
SERVIZIO OSPITALITA' MINORE D. G D. PRESSO COMU NITA' EDUCATIVA ALBA - COOPERATIVA SOCIALE "EOS" - GRAVINA DI PUGLIA. LIQUIDAZIONE FATTURE PERIODO GANNAIO-MARZO 2016.
Dati AlboPOP Item
SERVIZIO OSPITALITA' N. 2 MINORI PRESSO COMUNITA' EDUCATIVA "A. AGOSTINI" GESTITA DALLA COOPERATIVA SOCIALE AMA AQUILONE - PAGLIARE DEL TRONTO (AP). LIQUIDAZIONE FATTURE PERIODO GENNAIO 2017.
Dati AlboPOP Item
FORNITURA PACCHI DI CANCELLERIA PER LE SEZIONI ELETTORALI
Dati AlboPOP Item
VIDEOCONFERENZA "LE MISURE MINIME DI SICUREZZA INFORMATICA NELLE PUBBLICHE AMMINISTRAZIONI: QUALI ADEMPIMENTI ENTRO IL 31 DICEMBRE?". LIQUIDAZIONE.
Dati AlboPOP Item
VIE G. GARIBALDI CIV.86 ANGOLO VIA P. MARTUCCI ZECCA DIVIETO DI SOSTA CON RIMOZIONE DAL 12/06 AL 06/08/2017 - PER OPERAZIONI DI MANUTENZIONE ORD. E STRAORDINARIA DEL FABBRICATO IVI ESISTENTE - DITTA I. & T. SRL DI MAZZILLI ANGELA
Dati AlboPOP Item
VIA M. D'AZEGLIO CIVV.33/41 DIVIETO DI SOSTA CON RIMOZIONE DAL 12.06.17 PER GG.31 - PER OPERAZIONI DI MANUTENZIONE ORD. E STRAORDINARIA FABBRICATO - IMPRESA EDILE COALTA SRL
Dati AlboPOP Item
VIA F.SCO AMBROSI E VIA ARCO PINTO DIVIETO DI CIRCOLAZIONE IL 09/06/2017 RISPETTIVAMENTE ORE 7/14 E 12/18 PER OPERAZIONI DI CARICO E/O SCARICO MOBILIO
Dati AlboPOP Item
RETE DI PRONTO INTERVENTO SOCIALE - EMERGENZA ABITATIVA- LIQUIDAZIONE FATTURA FONDAZIONE SANTI MEDICI 
Dati AlboPOP Item
RETE DI PRONTO INTERVENTO SOCIALE-PIS .LIQUIDAZIONE FATTURA SERVIZIO MENSA SOCIALE -FONDAZIONE SANTI MEDICI BITONTO
Dati AlboPOP Item
DOPO DI NOI. COOPERATIVA SOCIALE ZIP.H - COMUNITA' ARGE. LIQUIDAZIONE GENNAIO-MARZO 2017.
Dati AlboPOP Item
CASA PER LA VITA - SOCIETÀ RESIDENCE CASA BIANCA SRL. LIQUIDAZIONE MARZO 2017.
Dati AlboPOP Item
CENTRI DIURNI ART. 52 RR 4/2007. COOPERATIVA SOCIALE EUGHENIA. LIQUIDAZIONE MARZO 2017.
Dati AlboPOP Item
MARKETONG TERRITORIALE: REALIZZAZIONE DI ALCUNE PUNTATE DELPROGRAMMA TV "RICETTE ALL'ITALIANA" . LIQUIDAZIONE
Dati AlboPOP Item
INTERVENTO CULTRALE "SETTIMANA SANTA A BITONTO - PASQUA IN PUGLIA 2017" LIQUIDAZIONE.
Dati AlboPOP Item
FORNITURA MODULISTICA PER GLI ADEMPIMENTI ELETTORALI
Dati AlboPOP Item
STRAORDINARIO AUTORIZZATO - PERSONALE POLIZIA LOCALE - PERIODO 15 GENNAIO - 31 MAGGIO 2017
Dati AlboPOP Item
FUNZIONI DI ECONOMO COMUNALE. LIQUIDAZIONE INDENNITA' MANEGGIO VALORI PERIODO 21/01/2015 - 31/03/2016. 
Dati AlboPOP Item
SCUOLABUS COMUNALI TARGATI DT584YG - AB165NW - DT810YG - CA164YL. IMPEGNO E LIQUIDAZIONE TASSA DI POSSESSO 2017 - 2018
Dati AlboPOP Item
CORRESPONSIONE INDENNITA' DI TURNAZIONE E REPERIBILITA' AL PERSONALE DELLA POLIZIA LOCALE - MESE DI MAGGIO 2017
Dati AlboPOP Item
RISOLUZIONE UNILATERALE DEL RAPPORTO DI LAVORO DIPENDENTE BARBONE TERESA CON DECORRENZA 1.02.2018.
Dati AlboPOP Item
IMMOBILE DI PROPRIETA' COMUNALE SITO IN BITONTO ALLA PIAZZA C. SYLOS, 1. PAGAMENTO IMPOSTA DI REGISTRO.
Dati AlboPOP Item
PROGRAMMAZIONE DELLE ATTIVITÀ CULTURALI E TURISTICHE DEL PERIODO MAGGIO 2017. IMPEGNO SPESA.
Dati AlboPOP Item
ASSOCIAZIONE NAZIONALE UFFICIO TRIBUTI ENTI LOCALI (ANUTEL) QUOTA ASSOCIATIVA ANNO 2017. IMPEGNO E LIQUIDAZIONE.
Dati AlboPOP Item
LIQUIDAZIONE A TITOLO DI SORTE CAPITALE ED INTERESSI SENTENZA GIUDICE DI PACE DI BARI N° 2278/16 - PIZZUTO FRANCESCO E INTRONA MARIA MADDALENA C/COMUNE DI BITONTO.
Dati AlboPOP Item
AVVISO PUBBLICO N. 1/2016 POR PUGLIA 2014-2020 – LINEA DI AZIONE 9.7 FSE PER LA PRESENTAZIONE DELLE DOMANDE DA PARTE DEI CITTADINI E LA MESSA A REGIME DELLA MISURA "BUONI SERVIZIO PER L’ACCESSO AI SERVIZI A CICLO DIURNO E DOMICILIARI PER ANZIANI E PER PERSONE DON DISABILITA’" (D.G.R. N. 1505 DEL 28/09/2016) - AA.DD. N. 416/2016 E N. 425/2016. APPROVAZIONE PROGETTO ATTUATIVO (ALL. B) E QUADRO ECONOMICO (ALL. C). CODICE CUP D59D16002380002.
Dati AlboPOP Item
AVVISO PUBBLICO N. 1/2016 POR PUGLIA 2014-2020 – LINEA DI AZIONE 9.7 FSE PER LA PRESENTAZIONE DELLE DOMANDE DA PARTE DEI CITTADINI E LA MESSA A REGIME DELLA MISURA "BUONI SERVIZIO PER L’ACCESSO AI SERVIZI A CICLO DIURNO E DOMICILIARI PER ANZIANI E PER PERSONE DON DISABILITA’” (D.G.R. N. 1505 DEL 28/09/2016) - AA.DD. N. 416/2016 E N. 425/2016: APPROVAZIONE GRADUATORIE “A” E “B”. CODICE CUP D59D16002380002. ACCERTAMENTO E IMPEGNO DI SPESA.
Dati AlboPOP Item
ART. 147 - QUINQUIES DEL D.LGS 18.08.2000, N. 267 "CONTROLLO SUGLI EQUILIBRI FINANZIARI". ART. 22 - QUATER DEL REGOLAMENTO DI CONTABILITÀ - VERBALI N. 13 DEL 01/07/2016, N. 14 DEL 21/12/2016, N. 15 DEL 22/12/2016 E N. 16 DEL 7/02/2017 A FIRMA DEL RESPONSABILE DEL SERVIZIO RAGIONERIA ATTESTANTE IL PERMANERE DEGLI EQUILIBRI FINANZIARI. PRIMO, SECONDO, TERZO E QUARTO TRIMESTRE 2016. 
Dati AlboPOP Item
A.S.D. e C. LAUREATI IN MOVIMENTO - BITONTO (BA). 5^ EDIZIONE DEL CAMPUS SPORTIVO SCOLASTICO “COSÌ…PER GIOCO”. ESTATE 2017. PATROCINIO.
Dati AlboPOP Item
APPROVAZIONE PIANO TRIENNALE DI RAZIONALIZZAZIONE E RIQUALIFICAZIONE DELLA SPESA – AGGIORNAMENTO TRIENNIO 2017-2019 AI SENSI DELL'ART.16, C.4 D.L. N.98/2011 CONVERTITO CON MODIFICAZIONI NELLA L.N.111/2011.
Dati AlboPOP Item
PROTOCOLLO D’ INTESA TRA IL COMUNE DI BITONTO E IL CONSERVATORIO MUSICALE N. PICCINNI DI BARI – 2017/2018”. APPROVAZIONE SCHEMA DI PROTOCCOLO.
Dati AlboPOP Item
RICHIESTA RICONOSCIMENTO MANSIONI SUPERIORI E DIFFERENZE RETRIBUTIVE DA PARTE DI UN EX FUNZIONARIO CAT. D6) – DINIEGO PER INFONDATEZZA DELLA PRETESA.
Dati AlboPOP Item
PIAZZA G. MARCONI - DIVIETO DI SOSTA PER LE CONSULTAZIONI ELETTORALI DELL'11/06/2017
Dati AlboPOP Item
CENTRALE UNICA DI COMMITTENZA – UFFICIO COMUNE – PER IL COMUNE DI GIOVINAZZO: PROCEDURA NEGOZIATA PER SERVIZIO DIREZIONE LAVORI, MISURA E CONTABILITA’, ASSISTENZA COLLAUDO E COORDINAMENTO SICUREZZA IN FASE DI ESECUZIONE LAVORI DI ADEGUAMENTO, MESSA A NORMA, MIGLIORAMENTO ENERGETICO E SISMICO CASA DI RIPOSO SAN FRANCESCO.
Dati AlboPOP Item
PERMESSO DI COSTRUIRE IN SANATORIA N° 48 : ELIA 
Dati AlboPOP Item
VIA ISONZO CIVV.35/41 DIVIETO DI SOSTA CON RIMOZIONE IL 08/06/2017 ORE 7/17 PER INSTALLAZIONE SILOS PER LAVORI GETTO PAVIMENTAZIONE - IMPRESA EDILE ELDILEURO DEI F.LLI SICILIANO V & D
Dati AlboPOP Item
VIA ING. LOVASCIO CIV.8 DIVIETO DI SOSTA CON RIMOZIONE IL 09/06/2017 ORE 7/15 PER OPERAZIONI DI CARICO E/O SCARICO MOBILIO - DITTA PROGETTI DI CASA ARREDAMENTI DI MONTAGNA VINCENZO
Dati AlboPOP Item
VIA P. MARTUCCI ZECCA TRATTO COMPRESO VIE P. CARBONARA/L. AMBROSI DIVIETO DI CIRCOLAZIONE E SOSTA IL 09/06/2017 ORE 7,30/17 PER OPERAZIONI DI SMONTAGGIO GRU - DITTA EDILIZIA 2015 DI FALLACARA PATRIZIA
Dati AlboPOP Item
INTERVENTO URGENTE PER ELIMINAZIONE DI NIDI PROCESSIONARIA, POTATURA DI ALBERATURE ALL’INTERNO DELLA SCUOLA DI VIA ASPROMONTE A PALOMBAIO E DISERBO DI SUOLO COMUNALE NELLA ZONA ARTIGIANALE - LAVORI AGGIUNTIVI -
Dati AlboPOP Item
VIA CARLO ROSA - TRATTO COMPRESO TRA I CIVV. 26 E 34, PER GG. 60 A FAR DATA DAL 6/6/2017 - LAVORI EDILI
Dati AlboPOP Item
DGR N. 2141 DEL 21/12/2016. PATTO PER LA PUGLIA – FSC 2014/2020 – AREA DI INTERVENTO – TURISMO, CULTURA E VALORIZZAZIONE DELLE RISORSE NATURALI. FINANZIAMENTO PER ATTIVITA. RIAPPROVAZIONE DEL PIANO FINANZIARIO (ALLEGATO 2) RIMODULATO A SEGUITO DEL FINANZIAMENTO CONCESSO DALLA REGIONE PER IL ” TRAETTA OPERA FESTIVAL – XII EDIZIONE DI € 90.000,00.
Dati AlboPOP Item
REDDITO DI DIGNITÀ REGIONALE E POLITICHE PER L’INCLUSIONE SOCIALE ATTIVA. APPROVAZIONE ESITI ISTRUTTORIA SECONDA TRANCHE. 
Dati AlboPOP Item
GESTIONE DEL SERVIZIO PORTA UNICA DI ACCESSO (PUA) E DEL SERVIZIO DI SEGRETARIATO SOCIALE. CIG: 70123473CE. APPROVAZIONE ATTI DI GARA. DETERMINAZIONE A CONTRARRE AI SENSI DELL' ART. 192, D.LGS. N. 267/2000. NOMINA DEL RESPONSABILE DEL PROCEDIMENTO.
Dati AlboPOP Item
ASSISTENZA ALLE FAMIGLIE DEI DETENUTI- CONCESSIONE CONTRIBUTO ECONOMICO STRAORDINARIO A FAVORTE DI N.1 CITTADINO- LIQUIDAZIONE ANNO 2017 
Dati AlboPOP Item
IMPEGNO DI SPESA PER IL COLLOCAMENTO DEL MINORE D.C.D. PRESSO LA COMUNITA' ITACA DELLA COOPERATIVA SOCIALE LIBELLULA DI TRICASE (LE) PERIODO MARZO-GIUGNO 2017
Dati AlboPOP Item
ELEZIONI COMUNALI DELL’11 GIUGNO 2017 ED EVENTUALE BALLOTTAGGIO DEL 25 GIUGNO 2017 - SERVIZIO DI ALLESTIMENTO DEI SEGGI ELETTORALI, MANOVALANZA PER TRASPORTO PLICHI, PULIZIA DEI PLESSI E DISINFESTAZIONE - CIG 7067741461 - AFFIDAMENTO
Dati AlboPOP Item
ELEZIONI COMUNALI DELL’11 GIUGNO 2017 ED EVENTUALE BALLOTTAGGIO DEL 25 GIUGNO 2017 – LAVORI DI RIPRISTINO IMPIANTO ELETTRICO UFFICIO ELETTORALE E FORNITURA DI LAMPADE PORTATILI DI EMERGENZA - CIG ZAD1ECA05C - AFFIDAMENTO
Dati AlboPOP Item
ELEZIONI COMUNALI DELL’11 GIUGNO 2017 ED EVENTUALE BALLOTTAGGIO DEL 25 GIUGNO 2017 – LAVORI DI RIPRISTINO INFISSI SEZIONI ELETTORALI - CIG Z4D1ECA0F5 - AFFIDAMENTO
Dati AlboPOP Item
DETERMINA A CONTRARRE. AFFIDAMENTO A INFOCAMERE S.C.p.A. DEL SERVIZIO DI ACCESSO AI DATI DEL REGISTRO IMPRESE E REGISTRO PROTESTI (CIG: Z391ECFCA2). 
Dati AlboPOP Item
STAMPE SU GRANDI FORMATI SU GRANDI FORMATI DELLE PLANIMETRIE DELLA FIERA DI "SAN LEONE" EDIZIONE DEL 2017 - IMPEGNO SPESA
Dati AlboPOP Item
GARA SBARRAMENTI IN OCCASIONE DELLE "FESTE PATRONALI" E "DMORE STORICHE" ANNO 2017 - AGGIUDICAZIONE A "CUOCCIO GIUSEPPE" BITONTO
Dati AlboPOP Item
STAMPA DI N. 50 MANIFESTI A COLORI FORMATO 70X100 PER PUBBLICIZZARE L'ORDINANZA N. 186/2017 INCENDI BOSCHIVI ADESIONE M.E.P.A.
Dati AlboPOP Item
Deliberazione di G.C.113/2013-approvazione schema di convenzione eliminazione vincoli determinazione del prezzo massimo di cessione delle singole unità abitative e pertinenze nonché del canone massimo di locazione delle stesse contenuti nelle convenzioni ex art.35 L. 865/ 1971 con contestuale trasformazione in diritto di proprietà – Istanza dei sigg.ri MACCHIA Francesco e LOZITO Rosa.
Dati AlboPOP Item
MANUTENZIONE DELLE GIOSTRINE PRESENTI NELL’AREA LUDICA DELLA VILLA COMUNALE UMBERTO I – AFFIDAMENTO DEI LAVORI 
Dati AlboPOP Item
INTERVENTI DI URGENZA PER RIPRISTINO ANOMALIE IMPIANTO DI IRRIGAZIONE NELLA VILLA COMUNALE - PROVVEDIMENTI 
Dati AlboPOP Item
P.O. FESR 2007 / 2013. ASSE VI - LINEA DI INTERVENTO 6.2 - AZIONE 6.2.1 - INIZIATIVE PER LE INFRASTRUTTURE DI SUPPORTO DEGLI INSEDIAMENTI PRODUTTIVI - COMPLETAMENTO DELLE URBANIZZAZIONI PRIMARIE E REALIZZAZIONE DI UN CENTRO TECNOLOGICO DI VALENZA INTERPROVINCIALE – LAVORI URGENTI DI SPOSTAMENTO LINEA ELETTRICA PROVVISORIA DI ALIMENTAZIONE CENTRO TECNOLOGICO - 
Dati AlboPOP Item
PIANO TRIENNALE DI EDILIZIA SCOLASTICA 2015/2017 – LAVORI DI COMPLETAMENTO FUNZIONALE, MANUTENZIONE STRAORDINARIA E MESSA IN SICUREZZA FINALIZZATA ALL’ADEGUAMENTO ALLA NORMATIVA VIGENTE IN MATERIA DI IGIENE ED ABBATTIMENTO DELLE BARRIERE ARCHITETTONICHE PRESSO LA SCUOLA PRIMARIA “DON MILANI” IN VICO STORTO S. PIETRO NEL CENTRO URBANO – PROGETTO DI € 275.000,00 - CUP N° D59D10000360002 – MODALITÀ DI SCELTA DEL CONTRAENTE PER L’AFFIDAMENTO DEI SERVIZI PROFESSIONALI - 
Dati AlboPOP Item
INTERVENTI DI URGENZA PER LA DISINFESTAZIONE ED ELIMINAZIONE DI NIDI PROCESSIONARIA SU ALBERATURE DI PINI HALEPENSIS SU SITI ED AREE DESTINATE A VERDE DEL C.U, NELLA VILLA COMUNALE E ALL’INTERNO DEGLI EDIFICI SCOLASTICI, - PROVVEDIMENTI 
Dati AlboPOP Item
LAVORI URGENTI E STRAORDINARI DA EFFETTUARE AI BAGNI PUBBLICI FEMMINILI A MARIOTTO – LAVORI AGGIUNTIVI E COMPLEMENTARI- PROVVEDIMENTI. 
Dati AlboPOP Item
APPROVAZIONE LISTA DI CARICO RENDITE PATRIMONIALI PER L'ANNO 2017.
Dati AlboPOP Item
IMMOBILE DI PROPRIETA' COMUNALE CONFISCATO ALLA CRIMINALITA' ORGANIZZATA SITO IN BITONTO ALLA VIA MUCIACCIA,2 - PAGAMENTO ONERI CONDOMINIALI PERIODO GENNAIO-APRILE 2017. 
Dati AlboPOP Item
CONCERTO DELL’ORCHESTRA SINFONICA DELLA CITTÀ METROPOLITANA SERVIZIO BENI ED ATTIVITÀ CULTURALI, BIBLIOTECA, ORCHESTRA, SPORT E TURISMO - MAGGIO 2017. IMPEGNO SPESA 
Dati AlboPOP Item
IMPEGNO DI SPESA CON PROCEDURA NEGOZIATA MEDIANTE RDO SUL MERCATO ELETTRONICO DELLA PUBBLICA AMMINISTRAZIONE (MEPA) PER PROGETTAZIONE E STAMPA DI MANIFESTI, BROCHURE, GUIDE E PIEGHEVOLI PROMOZIONALI DELL’EVENTO DIMORE STORICHE – CORTILI APERTI 2017. 
Dati AlboPOP Item
INTERVENTO CULTURALE “PARCO DELLE ARTI - PROGETTO BITONTO CITTÁ DEI FESTIVAL - RETE DEI FESTIVAL 2017" AFFIDAMENTO E IMPEGNO SPESA. PRIMA FASE.
Dati AlboPOP Item
ELEZIONI AMMINISTRATIVE DELL’11 GIUGNO 2017. IMPEGNO DI SPESA PER ONORARI AI COMPONENTI UFFICIO CENTRALE
Dati AlboPOP Item
SENTENZA TRIBUNALE DI BARI N. 518/2016. PAGAMENTO IMPOSTA DI REGISTRO.
Dati AlboPOP Item
SENTENZA TRIBUNALE DI BARI N. 4446/2014. PAGAMENTO IMPOSTA DI REGISTRO.
Dati AlboPOP Item
SALDO COMPETENZE PROFESSIONALI ALL’AVV. G. VALLA PER IL PATROCINIO DEL COMUNE DI BITONTO NEL GIUDIZIO DINANZI AL TAR PUGLIA C/ TISBO M. ED ALTRI (R.G. N. 534/2004). LIQUIDAZIONE A TITOLO DI “DEBITO FUORI BILANCIO” PER IL QUALE E’ DISPONIBILE LA NECESSARIA COPERTURA.
Dati AlboPOP Item
CONCESSIONE BENEFICI DI CUI ALL'ART. 33, C.3 LEGGE N. 104/92, COME MODIFICATO DALL'ART. 24 DELLA L.N. 183/2010 E DAL D.LGS. N. 119/2011.
Dati AlboPOP Item
CHIUSURA DELLA VILLA COMUNALE "UMBERTO I" NELLA GIORNATA DI LUNEDI' 5 GIUGNO 2017 - TRATTAMENTO DEI LECCI
Dati AlboPOP Item
VIA SAN ROCCO ED ARTERIE AD ESSA ADDUCENTI - DIVIETO DI CIRCOLAZIONE IL GIORNO 5 GIUGNO 2017 PER LAVORI URGENTI DI SPICCONATURA
Dati AlboPOP Item
ELEZIONI DIRETTA DEL SINDACO E DEL CONSIGLIO COMUNALE - LISTA CANDIDATI. 
Dati AlboPOP Item
ILLECITI EDILIZII-MAGGIO 2017.
Dati AlboPOP Item
VIA MATTEOTTI 165/165D E DAL CIV.124 SINO ALL'INTERSEZIONE CON VIA GEN.CANTORE - DIVIETO DI SOSTA CON RIMOZIONE DAL 01/06 AL 31/12/2017 ORE 7/17 PER OPERAZIONI DI COSTRUZIONE FABBRICATO PER CIVILI ABITAZIONI - IMPRESA EDILE DIMUNDO ANTONIO
Dati AlboPOP Item
VIA C. BATTISTI TRATTO D. URBANO/IV NOVEMBRE DIVIETO DI TRANSITO E SOSTA PROROGA ORD. 165/17 - DAL 01/06/2016 PER GG.25 - DITTA PROGETTO DI CASA SRL DI SICOLO MARIANNA - CAUSA PROBLEMI TECNICI DITTA SMONTAGGIO GRU
Dati AlboPOP Item
SINISTRO STRADALE. PIZZUTO FRANCESCO E INTRONA MARIA MADDALENA C/COMUNE DI BITONTO. RICHIESTA RISARCIMENTO DANNI A SEGUITO SENTENZA DEL GIUDICE DI PACE DI BARI N. 2278/2016. RICONOSCIMENTO DELLA LEGITTIMITA' QUALE DEBITO FUORI BILANCIO DELLE OBBLIGAZIONI PER SORTE CAPITALE E SPESE DI GIUDIZIO AI SENSI DELL'ART. 194, COMMA 1, LETTERA A) DEL D. LGS. N. 267 DEL 18 AGOSTO 2000.
Dati AlboPOP Item
SINISTRO STRADALE. VERTENZA PETTA DOMENICA C/COMUNE DI BITONTO. RICHIESTA RISARCIMENTO DANNI A SEGUITO SENTENZA DEL GIUDICE DI PACE DI BARI N. 120/2017. RICONOSCIMENTO DELLA LEGITTIMITA’ QUALE DEBITO FUORI BILANCIO DELLE OBBLIGAZIONI PER SORTE CAPITALE E SPESE DI GIUDIZIO AI SENSI DELL’ART. 194, COMMA 1, LETTERA A) DEL D.LGS. N. 267 DEL 18 AGOSTO 2000. SINISTRO STRADALE. 
Dati AlboPOP Item
SINISTRO STRADALE. VERTENZA DE NATALE ANNA C/COMUNE DI BITONTO – LIQUIDAZIONE DANNI A SEGUITO SENTENZA DEL GIUDICE DI PACE DI BARI EX SEDE DI BITONTO N. 35/2016. RICONOSCIMENTO DELLA LEGITTIMITA’ QUALE DEBITO FUORI BILANCIO DELLE OBBLIGAZIONI PER SORTE CAPITALE E SPESE DI GIUDIZIO AI SENSI DELL’ART. 194, COMMA 1, LETTERA A) DEL D.LGS. N. 267 DEL 18 AGOSTO 2000. 
Dati AlboPOP Item
ACQUISTO SUOLO ADIBITO A VERDE PUBBLICO UBICATO SUL CORSO VITTORIO EMANUELE II A PALOMBAIO FRAZ. DI BITONTO. PROPRIETA' DOTT. MODUGNO VINCENZO.
Dati AlboPOP Item
ACQUISTO SUOLO ADIBITO A VERDE PUBBLICO UBICATO SUL CORSO VITTORIO EMANUELE II A PALOMBAIO FRAZ. DI BITONTO. PROPRIETA' DOTT. MODUGNO VINCENZO - DISCUSSIONE.
Dati AlboPOP Item
VIA S. QUASIMODO - DIVIETO DI CICOLAZIONE E DI SOSTA CON RIMOZIONE DAL 6 ALL'8 GIUGNO 2017 - PER LAVORI ENEL
Dati AlboPOP Item
PIAZZA XX SETTEMBRE E VIA PASCULLI - DIVIETO DI SOSTA IL GIORNO 3/6/2017 - TRANSITO AUTO E MOTO D'EPOCA
Dati AlboPOP Item
PERMESSO DI COSTRUIRE IN SANATORIA N° 44 : FORNELLI 
Dati AlboPOP Item
REDDITO DI DIGNITA' REGIONALE E POLITICHE PER L'INCLUSIONE SOCIALE ATTIVA. PUBBLICAZIONE ELENCHI AMMESSI SECONDA TRANCE E RINUNCIATARI
Dati AlboPOP Item
ESAME ED APPROVAZIONE DEL BILANCIO DI PREVISIONE 2017/2019 E RELATIVI ALLEGATI .
Dati AlboPOP Item
RIQUALIFICAZIONE URBANA E LA SICUREZZA DELLE PERIFERIE DELLE CITTA’ METROPOLITANE E DEI COMUNI CAPOLUOGO – ART. 1, COMMI 975 E 976, LETT. b) - c), DELLA LEGGE 28 DICEMBRE 2015, N. 208 – PROGRAMMA AGORA’ SICURE – RIDEFINIZIONE DELL’INTERVENTO RELATIVO ALLA VALORIZZAZIONE PAESAGGISTICA DEGLI SPAZI POLIFUNZIONALI TRA IL CAMPO SPORTIVO COMUNALE E LA LAMA BALICE – ATTO DI INDIRIZZO
Dati AlboPOP Item
PIANO TRIENNALE DI PREVENZIONE DELLA CORRUZIONE E DELLA TRASPARENZA 2017/2019 - ADOZIONE.
Dati AlboPOP Item
PIANO TRIENNALE DI PREVENZIONE DELLA CORRUZIONE E DELLA TRASPARENZA 2017/2019 - ADOZIONE - DISCUSSIONE.
Dati AlboPOP Item
SEDUTA DEL 05.05.2017 - DICHIARAZIONE DI SCIOGLIMENTO DELLA SEDUTA PER MANCATO RAGGIUNGIMENTO DEL NUMERO LEGALE.
Dati AlboPOP Item
AVVISO DI VENDITA PER L'ALIENAZIONE DEGLI IMMOBILI REGIONALI - REGIONE PUGLIA
Dati AlboPOP Item
VIA R. BONGHI CIVV.22/26 - DIVIETO DI SOSTA CON RIMOZIONE DAL 05/06/2017 PER GG.30 ORE 7/15 - OPERAZIONI DI CARICO E/O SCARICO MATERIALE EDILE
Dati AlboPOP Item
VIA G. VERDI CIV.60 DIVIETO DI SOSTA CON RIMOZIONE IL 03/06/2017 ORE 7/15 PER OPERAZIONI DI TRASLOCO SIG. SICOLO FRANCESCO
Dati AlboPOP Item
VIA AMM. VACCA CIVV.56/56B - DIVIETO DI SOSTA CON RIMOZIONE IL 01/06/2017 ORE 7/16 PER OPERAZIONI DI CARICO E/O SCARICO MATERIALE EDILE - DITTA COSTRUENDO DI SICOLO MARIA
Dati AlboPOP Item
RICORSO DELVINO LEONARDO
Dati AlboPOP Item
ATTO DI CITAZIONE DINANZI AL G.D.P. DI BARI DA PARTE DI SAVINO N. PER RISARCIMENTO DANNI. RESISTENZA IN GIUDIZIO.
Dati AlboPOP Item
RSS Creato
Pubblicazione GitHUB
