31/10/2017 09:30:59
Citta 
Rometta
Recupero dati della Città
Dati recuperati correttamente
Download pagina
Creazione Feed
Inserimento dati AlboPOP
AVVISO AI CREDITORI "LAVORI DI MANUTENZIONE STRAORDINARIA DELLA STRADA COMUNALE CISARÀ - SAN LEONE" DEL COMUNE DI ROMETTA - CIG 634979616D 
Dati AlboPOP Item
“LAVORI DI COMPLETAMENTO E MESSA IN SICUREZZA DELLA ZONA INTERESSATA ALLA DEMOLIZIONE DEL PONTE FERROVIARIO DISMESSO NEL COMUNE DI ROMETTA” - AFFIDAMENTO DIRETTO AI SENSI DELL'ART. 36 COMMA 2 LETTERA A) ED ART. 31 COMMA 8 DEL D. LGS 50/2016. SERVIZIO DI REDAZIONE DELLA RELAZIONE GEOTECNICA ED INDAGINI GEOGNOSTICHE RELATIVAMENTE – LIQUIDAZIONE A SALDO DELLE RELAZIONE GEOLOGICA AL GEOLOGO DOTT. GAETANO RIZZUTO – CIG. : ZF61B79FB8 
Dati AlboPOP Item
VARIANTE ALLA PRESCRIZIONE ESECUTIVA N.7 “EDILIZIA TURISTICO RICETTIVA IN LOCALITÀ GIAMPAOLO IN ROMETTA MAREA” - AFFIDAMENTO DELLA FORNITURA DI MANIFESTI MURALI. – CIG: ZC82077BD2 
Dati AlboPOP Item
LIQUIDAZIONE FATTURE TELEPASS S.P.A. E AUTOSTRADE PER L’ITALIA S.P.A. DEL 23/10/2017 
Dati AlboPOP Item
"ESTATE ROMETTESE 2017". LIQUIDAZIONE MANIFESTAZIONE DEL 4-5-25-26 LUGLIO 2017 – ASS. MESSINA PROGETTO ARTE 
Dati AlboPOP Item
ACQUISTO AUTOVETTURA ALFA ROMEO GIULIETTA TRAMITE CONVENZIONE CONSIP ATTIVA - IMPEGNO SPESA - AFFIDAMENTO- CIG: Z4C2058F8A 
Dati AlboPOP Item
AVVISO DI DEPOSITO ATTI PER IRREPERIBILITÀ 
Dati AlboPOP Item
ELEZIONI DEL PRESIDENTE E DELL'ASSEMBLEA REGIONALE SICILIANA DEL 05.11.2017. ELENCO SCRUTATORI SORTEGGIATI. 
Dati AlboPOP Item
LIQUIDAZIONE COMPENSO E RIMBORSO SPESE GENNAIO/LUGLIO 2017 AL REVISORE UNICO DEI CONTI. 
Dati AlboPOP Item
ELEZIONI DEL PRESIDENTE E DELL'ASSEMBLEA REGIONALE SICILIANA DEL 05.11.2017. ELENCO SCRUTATORI SORTEGGIATI. 
Dati AlboPOP Item
ELEZIONE DEL PRESIDENTE DELLA REGIONE E DELL’ASSEMBLEA REGIONALE SICILIANA ED ELEZIONI AMMINISTRATIVE DEL COMUNE DI MAZZARRÀ SANT’ANDREA IN DATA 5 NOVEMBRE 2017 - AGEVOLAZIONI DI VIAGGIO. AVVISO. 
Dati AlboPOP Item
PROGRAMMA TRIENNALE DEL FABBISOGNO DI PERSONALE 2018/2020. 
Dati AlboPOP Item
ELEZIONE DIRETTA DEL PRESIDENTE DELLA REGIONE E DELL’ASSEMBLEA REGIONALE SICILIANA DEL 5 NOVEMBRE 2017 - RIPARTIZIONE - ASSEGNAZIONE SPAZI PROPAGANDA DIRETTA. 
Dati AlboPOP Item
RECUPERO SOMME DOVUTE IN OTTEMPERANZA ALLA SENTENZA N. 897/08 EMESSA DAL TRIBUNALE DI MESSINA E 475/17 EMESSA DALLA CORTE D’APPELLO DI MESSINA. 
Dati AlboPOP Item
CAUSA SAURO ISABELLA C/COMUNE DI ROMETTA. APPELLO AVVERSO LA SENTENZA N. 1907/17 DEL GIUDICE DI PACE DI MESSINA. AFFIDAMENTO INCARICO LEGALE ALL’AVV. ALESCI TZIANA E IMPEGNO SPESA PER COMPETENZE PROFESSIONALI. 
Dati AlboPOP Item
AREA VIGILANZA ORDINANZA N. 41 DEL 23 OTTOBRE 2017 
Dati AlboPOP Item
AREA VIGILANZA ORDINANZA 23 OTTOBRE 2017 
Dati AlboPOP Item
AREA VIGILANZA ORDINANZA N. 39 DEL 23 OTTOBRE 2017 
Dati AlboPOP Item
AREA DI VIGILANZA ORDINANZA N. 38 DEL 23 OTTOBRE 2017 
Dati AlboPOP Item
CONCESSIONE DI PASSO CARRABILE N. 10 DEL 17 OTTOBRE 2017 -DITTA PICCOLO GIUSEPPE 
Dati AlboPOP Item
SERVIZIO DI ASSISTENZA SISTEMISTICA SOFTWARE PAGHE - SALDO ANNO 2012 - LIQUIDAZIONE FATTURE 
Dati AlboPOP Item
INTERVENTO DI RIPARAZIONE/MANUTENZIONE DA EFFETTUARSI SULL'AUTOMEZZO COMUNALE FIAT PANDA 4X4 TARGATA AE 136 WR IN DOTAZIONE AL SERVIZIO MANUTENZIONI - CIG:ZD320619E5 
Dati AlboPOP Item
SERVIZIO QUINQUENNALE TRASPORTO SCOLASTICO DEGLI ALUNNI FREQUENTANTI LE SCUOLE PRIMARIE E SECONDARIE DI PRIMO GRADO, NEL TERRITORIO DEL COMUNE DI ROMETTA – LIQUIDAZIONE FATTURA MESE SETTEMBRE 2017 - CIG 6671745225. 
Dati AlboPOP Item
LAVORI DI SOSTITUZIONE/INSTALLAZIONE MISURATORI ACQUA SU TUTTO IL TERRITORIO C.LE - CIG. ZEA1F72F49 - LIQUIDAZIONE FATTURA 13_17 DITTA RIZZO F. 
Dati AlboPOP Item
LAVORI URGENTI DI SOSTITUZIONE PAVIMENTO CLASSE 3B SCUOLA PRIMARIA DI I° GRADO DI ROMETTA MAREA -DETERMINA A CONTRATTARE - IMPEGNO SPESA - CIG.Z09205253D 
Dati AlboPOP Item
RSS Creato
Pubblicazione GitHUB
