28/12/2017 18:31:40
Citta 
Mascalucia
Recupero dati della Città
Dati recuperati correttamente
Download pagina
Creazione Feed
Inserimento dati AlboPOP
impegno di spesa saldo 2017 SPRAR FAMIGLIE pervenuto dal Ministero dell'Interno 
Dati AlboPOP Item
FORNITURA ED INSTALLAZIONE N. 3 TENDE A RULLO DI TESSUTO IGNIFUGO SEMI - OSCURANTI PER L'UFFICIO RAGIONERIA - DITTA MODE E MODI DI S. PAPPALARDO - PEDARA 
Dati AlboPOP Item
SOSTITUZIONE INFISSI IN FERRO - IMPEGNO DI SPESA 
Dati AlboPOP Item
ABBIGLIAMENTO ANTINFORTUNISTICO ED ATTREZZI DI PRONTO INTERVENTO - IMPEGNO DI SPESA 
Dati AlboPOP Item
IMPEGNO DI SPESA PER LA FORNITURA DI SEGNALI STRADALI PER LA PREVENZIONE DEGLI INCIDENTI STRADALI. 
Dati AlboPOP Item
INTERVENTO DI REVISIONE VERIFICA FUNZIONALITÀ E TARATURA CENTRO LAT ACCREDITATO PER MISURATORE DI VELOCITÀ TELELASER ULTRALYTE COMPLETO DI MICRO DIGI-CAM, AFFIDAMENTO SERVIZIO MEDIANTE MEPA. DITTA: ELTRAFF S.R.L. CON SEDE IN VIA T. TASSO 46 - 20049 CONCOREZZO (MI) P.IVA 00917650962 C.I.G. N. Z08217DD80 
Dati AlboPOP Item
ABBONAMENTO AI “SERVIZI INFORMATIVI ANCITEL” PER LE VISURE DELLE TARGHE AUTOMOBILISTICHE, RELATIVO ALL’ANNO 2018. BENEFICIARIO: SOCIETÀ ANCITEL S.P.A. CON SEDE AMMINISTRATIVA IN VIA DELL’ARCO DI TRAVERTINO, N. 11 - 00178 ROMA. C.I.G. N. ZA1217DD8F 
Dati AlboPOP Item
CONCESSIONE LOCULO COMUNALE - RIMBORSO A FAVORE DELLA DITTA CALCATERRA GIANFRANCO 
Dati AlboPOP Item
NOMINA ORGANISMO UNICO DI VALUTAZIONE - PRIMO TRIMESTRE 2018 
Dati AlboPOP Item
ATTO DI INDIRIZZO - DEMOCRAZIA PARTECIPATA ANNO 2017 - AVVIO ATTIVITÀ PER LA REALIZZAZIONE DEL PROGETTO “CENTRO DI AGGREGAZIONE GIOVANILE” - INDIVIDUAZIONE DELLA STRUTTURA. 
Dati AlboPOP Item
OPPOSIZIONE RICORSO PER ANNULLAMENTO SANZIONE AMMINISTRATIVA PROPOSTO DA “GLI ANGELI IN TERRA” - INCARICO LEGALE 
Dati AlboPOP Item
PROROGA IL RAPPORTO DI LAVORO A TEMPO DETERMINATO EX LEGGE 85/95 DALL'1/1/2018 AL 31/12/2018 PER LA LAVORATRICE P.U.C. SIG.RA AIELLO ANGELA 
Dati AlboPOP Item
SOSTITUZIONE TEMPORANEA RESPONSABILE DELL’AREA POLIZIA MUNICIPALE 
Dati AlboPOP Item
TRASMISSIONE ELENCO VERBALI DI CONTRAVVENZIONE - DESTINATARI SCONOSCIUTI O IRREPERIBILI RESIDENTI NEL COMUNE DI MASCALUCIA - RICHIESTA DEPOSITO PRESSO LA CASA COMUNALEAI SENSI ART. 143 E/O LA NOTIFICA AI SENSI 140 CPC. N.23 NOMINATIVI 
Dati AlboPOP Item
AUTORIZZAZIONE ALLO SCARICO N. 115/17 DEL 28/12/17 A NOME DELLA DITTA DI STEFANO GRAZIELLA 
Dati AlboPOP Item
SERVIZIO DI PRELIEVO, RACCOLTA E SPEDIZIONE/RECAPITO DIRETTO DELLA CORRISPONDENZA COMUNALE 
Dati AlboPOP Item
AVVISO PUBBLICO PER LA MANIFESTAZIONE DI INTERESSE PER L'INDIVIDUAZIONE DI UNA SOCIETA', COOPERATIVA E/O ASSOCIAZIONE INTERESSATA ALLA REALIZZAZIONE DEL PROGETTO “TERZA ETA'” PER GLI ANZIANI RESIDENTI NEL TERRITORIO, DEL CENTRO DIURNO ANZIANI AI SENSI DELL'ART.36 COMMA 2 LETTERA A) DEL D.LGS. N. 50 DEL 18/04/2016 
Dati AlboPOP Item
PROGETTO INTEGRATO D.S.M. INSERIMENTO SOCIO LAVORATIVO. IMPEGNO SPESA ANNO 2018 
Dati AlboPOP Item
IMPEGNO EROGAZIONE ASSEGNO CIVICO PER SERVIZI IN FAVORE DELLA COLLETTIVITÀ. ANNO 2018 
Dati AlboPOP Item
IMPEGNO ASSISTENZA FARMACEUTICA AGLI INDIGENTI – FORNITURA FARMACI, PRESIDI SANITARI E BALIATICO AGLI INDIGENTI - ANNO 2018 
Dati AlboPOP Item
PROSECUZIONE ED IMPEGNO DI SPESA – RETTE RICOVERO ANZIANI, ADULTI E SENZA FISSA DIMORA - I° SEMESTRE 2018 
Dati AlboPOP Item
ACQUISTO MATERIALE CANCELLERIA PER FUNZIONAMENTO UFFICIO- CODICE CIGZFA217AB08 
Dati AlboPOP Item
ANALISI DI LABORATORIO MEDICO A SUPPORTO DELLA VIGILANZA SANITARIA EX D.LEG.81/08- VERBALE OFFERTE PERVENUTE 
Dati AlboPOP Item
RIDETERMINAZIONE ED IMPEGNO DI SPESA PER IL SERVIZIO ASS. IGIENICO PERSONALE "H". ANNO 2017 ATI- COOPERATIVA SOCIALE COSER – EDELWEISS DI VIAGRANDE (CT) 
Dati AlboPOP Item
SOPRINTENDENZA PER I BENI CULTURALI ED AMBIENTALI DI CATANIA - CONCESSIONE CONTRIBUTO PER LA CONSERVAZIONE DEI BENI LIBRARI E PER L'ACQUISTO DI PUBBLICAZIONI DA ASSEGNARE ALLE BIBLIOTECHE APERTE AL PUBBLICO. TRASFERIMENTI CORRENTI A AMMINISTRAZIONI LOCALI - (COD. SIOPE U.I. 1.4.01.02.003) ES. FIN. 2017 – D.D.G. N. 5429 DEL 03/11/2017 - AFFIDAMENTO ED IMPUTAZIONE DI SPESA PER LA FORNITURA DI LIBRI PER LA BIBLIOTECA COMUNALE. SOCIETÀ: LA FELTRINELLI LIBRI E MUSICA - VIA ETNEA 283/285/287 CATANIA 
Dati AlboPOP Item
RSS Creato
Pubblicazione GitHUB
