09/10/2017 10:31:10
Citta 
Busnago
Recupero dati della Città
Dati recuperati correttamente
Download pagina
Creazione Feed
Inserimento dati AlboPOP
FORNITURA E POSA DI NUOVI APPARECCHI DI ILLUMINAZIONE PUBBLICA VIE DIVERSE: APPROVAZIONE DELLA PROPOSTA DI AGGIUDICAZIONE DELLA PROCEDURA TELEMATICA DI AFFIDAMENTO DIRETTO SINTEL (ID N. 89451984) - IMPEGNO DI SPESA - CIG ZEB201E6E8 
Dati AlboPOP Item
SERVIZIO DI RISTORAZIONE SCOLASTICA - IMPEGNO DI SPESA A.S. 2017/2018. 
Dati AlboPOP Item
IMPEGNO DI SPESA PER LA FORNITURA DI BOLLETTARI QUIETANZE DI RISCOSSIONE SANZIONI AMMINISTRATIVE E VERBALI DI SOPRALUOGO 
Dati AlboPOP Item
IMPEGNO DI SPESA PER LA FORNITURA DI VERBALI DI ACCERTAMENTO ALLE NORME DEL CDS E DI VERBALI DI SEQUESTRO 
Dati AlboPOP Item
RIDEFINIZIONE TARIFFA OCCUPAZIONE SALA CONFERENZE BIBLIOTECA COMUNALE PER CORSO DI FOTOGRAFIA MARZO/APRILE 2017 – GRUPPO FOTOGRAFICO DUEPUNTOZERO. 
Dati AlboPOP Item
SERVIZIO DI SUPPORTO E ASSISTENZA LEGALE PER L''UFFICIO TRIBUTI PER LA RISCOSSIONE ENTRATE COMUNALI. 
Dati AlboPOP Item
VARIAZIONE PARTITE DI GIRO AI SENSI ART. 175 COMMA 5 QUATER LETTERA E) TUEL 267/2000 E SS.MM.II 
Dati AlboPOP Item
NOMINA AGENTE CONTABILE ANNO 2018 
Dati AlboPOP Item
COMUNE DI MERATE PROT. N.33051 DEL 05-10-2017 - AVVISO DI MOBILITA' ESTERNA VOLONTARIA PER LA COPERTURA DI N. 1 POSTO A TEMPO PIENO ED INDETERMINATO ISTRUTTORE DIRETTIVO TECNICO CAT.D POSIZ. GIURIDICA D1 - PROCEDURA EX ART. 30 D.LGS 165/2001 E S.M.I. 
Dati AlboPOP Item
COMUNE DI MONTE MARENZO - AVVISO DI MOBILITÀ VOLONTARIA PER 1 POSTO DI FUNZIONARIO TECNICO CAT. D3 
Dati AlboPOP Item
ORDINANZA PER LA DISCIPLINA DEL TRAFFICO PER L'ESECUZIONE DI LAVORI STRADALI IN VIA MONTECOMPATRI 
Dati AlboPOP Item
SERVIZI ACCESSORI ALLA DIDATTICA - IMPEGNI DI SPESA E ACCERTAMENTI ENTRATE A.S. 2017/2018. 
Dati AlboPOP Item
PUBBLICAZIONI DI MATRIMONIO BRAMBILLA EDOARDO E INSAUDO CLAUDIA 
Dati AlboPOP Item
APPROVAZIONE PROGETTO DEFINITIVO/ESECUTIVO REALIZZAZIONE NUOVI LOCULI CIMITERIALI, OSSARIO E CINERARIO COMUNE ALL'INTERNO DI FABBRICATO ESISTENTE, LATO SUD-OVEST, DEL CIMITERO COMUNALE - CUP B51B17000270004 
Dati AlboPOP Item
FORNITURA MATERIALE INFORMATIVO BILANCIO CONSOLIDATO 
Dati AlboPOP Item
SIA - SOSTEGNO PER L'INCLUSIONE ATTIVA - NUCLEO FAMILIARE G.G.: IMPEGNO DI SPESA E ACCERTAMENTO ENTRATA PER RISOLUZIONE PROBLEMATICA INPS. 
Dati AlboPOP Item
AVVISO PUBBLICO PER MANIFESTAZIONE DI INTERESSE A PARTECIPARE ALLA PROCEDURA NEGOZIATA - AI SENSI DELL'ART. 36, COMMA 2 LETT. B), DEL D.LGS. 50/2016 E SMI - PER L'AFFIDAMENTO DEI LAVORI DI REALIZZAZIONE NUOVI LOCULI CIMITERIALI, OSSARIO E CINERARIO COMUNE, ALL'INTERNO DI FABBRICATO ESISTENTE, LATO SUD-OVEST, DEL CIMITERO COMUNALE - CUP B51B17000270004 (PROCEDURA SINTEL ID 89744691) 
Dati AlboPOP Item
COMUNE DI GESSATE: PROT. N.13216 DEL 02-10-2017 - RICHIESTA DI PUBBLICAZIONE ALL ALBO PRETORIO DI AVVISO DI SELEZIONE PUBBLICA 
Dati AlboPOP Item
ASSEGNAZIONE CONTRIBUTO ECONOMICO AL NUCLEO FAMILIARE RMR 
Dati AlboPOP Item
SERVIZIO PROPEDEUTICO E DI SUPPORTO AGLI UFFICI FINANZIARI IN MATERIA DI PREDISPOSIZIONE DEL BILANCIO CONSOLIDATO ESERCIZIO 2016: APPROVAZIONE DELLA PROPOSTA DI AGGIUDICAZIONE DELLA PROCEDURA TELEMATICA DI AFFIDAMENTO DIRETTO SINTEL (ID N. 88870815) – CIG Z171DF0489 
Dati AlboPOP Item
DETERMINA A CONTRARRE PER L'AFFIDAMENTO - AI SENSI DELL'ARTICOLO 36 - COMMA 2 - LETTERA A) DEL D.LGS. 50/2016 E S.M.I. - DEL SERVIZIO DI SGOMBERO NEVE E SPARGIMENTO SALE - STAGIONI INVERNALI 2017/2018 - 2018/2019 - 2019/2020 - NEL COMUNE DI BUSNAGO - CIG Z97200B3EE 
Dati AlboPOP Item
ASSISTENZA AD PERSONAM PER MINORI PORTATORI DI HANDICAP PRESSO CENTRI ESTIVI – ANNO 2017. 
Dati AlboPOP Item
IMPEGNO DI SPESA E CONTESTUALE VERSAMENTO DIRITTI ALL'A.T.S. BRIANZA PER PARERE IGIENICO-SANITARIO SU PROGETTO RELATIVO ALLA REALIZZAZIONE DI NUOVI LOCULI, OSSARIO E CINERARIO COMUNE ALL'INTERNO DI FABBRICATO ESISTENTE, LATO SUD/OVEST, DEL CIMITERO COMUNALE - CUP B51B17000270004 
Dati AlboPOP Item
COMUNE DI NOVEDRATE. AVVISO DI MOBILITÀ PER L'ASSUNZIONE DI N. 1 COMMISSARIO AGGIUNTO DI POLIZIA LOCALE 
Dati AlboPOP Item
ASSESTAMENTO GENERALE AL BILANCIO 2017 
Dati AlboPOP Item
RSS Creato
Pubblicazione GitHUB
