Citta Felino
Download pagina
Creazione Feed
Inserimento dati AlboPOP
INTERVENTI PROVVISORI SULLA VIABILITÀ DI VIA MONTEGRAPPA E VIA COSTA PER LAVORI DI ASFALTATURA.
Dati AlboPOP Item
POSTA CERTIFICATA: INVIO BANDO 36° EDIZIONE DEL PREMIO "CITTÀ DI LEONFORTE" DI MICRONARRATIVA E TEATRO.
Dati AlboPOP Item
INTERVENTI PROVVISORI SULLA VIABILITÀ DI STRADA ROMA PER LAVORI DI ASFALTATURA.
Dati AlboPOP Item
ATTO DI PUBBLICAZIONE DI MATRIMONIO DI BALDERI MARCO CON TUCCI TATIANA
Dati AlboPOP Item
AVVVISO DI CONVOCAZIONE DEL CONSIGLIO COMUNALE IN SEDUTA STRAORDINARIA PER IL GIORNO 5/06/2017 ORE 20:30.
Dati AlboPOP Item
NUOVA REGOLAMENTAZIONE DELLA SOSTA ORARIA IN VIA A. MORO A FELINO.
Dati AlboPOP Item
POSTA CERTIFICATA: PROT. N.2308 DEL 23-05-2017 - PUBBLICAZIONE AVVISO DI CONCORSO PUBBLICO PER TITOLI ED ESAMI PER LA COPERTURA DI N.1 POSTO ISTRUTTORE DIRETTIVO, CAT D, DA ASSEGNARE ALL' AREA "AFFARI GENERALI"
Dati AlboPOP Item
ESITO DELLA SELEZIONE AVVISO PUBBLICO PER AFFIDAMENTO INCARICO PROFESSIONALE DI ADDETTO STAMPA E ALLA COMUNICAZIONE A SUPPORTO DEL SERVIZIO AFFARI GENERALI
Dati AlboPOP Item
AVVISO DI MOBILITÀ TRA ENTI - AVVISO PUBBLICO PER LA COPERTURA DI N. 1 POSTO A TEMPO PIENO E INDETERMINATO DI DIRIGENTE CONTABILE DA ASSEGNARE AL SETTORE FINANZIARIO
Dati AlboPOP Item
POSTA CERTIFICATA: PROT.N.0006158/2017 - AVVISI DI MOBILITÀ PERSONALE DIPENDENTE EX ART. 30 D.LGS. 165/2001. RICHIESTA PUBBLICAZIONE ALBO
Dati AlboPOP Item
AVVISO DI MOBILITÀ TRA ENTI
Dati AlboPOP Item
POSTA CERTIFICATA: PROT. N.2433 DEL 11-05-2017 - TRASMISSIONE ATTI E DOCUMENTAZIONE
Dati AlboPOP Item
AGGIORNAMENTO DEGLI ELENCHI PER GLI ALBI DEI GIUDICI POPOLARI - INVITO AI CITTADINI PER ISCRIZIONE
Dati AlboPOP Item
ORDINANZA PER L’ESECUZIONE DI MANUTENZIONE E SFALCIO DI TERRENI E LOTTI ALL’INTERNO DEL PERIMETRO URBANO E LIMITROFO
Dati AlboPOP Item
 INTERVENTI PERMANENTI PER TUTTE LE CATEGORIE DI VEICOLI SULLA VIABILITÀ DI VIA BAMBOZZA A SAN MICHELE TIORRE.
Dati AlboPOP Item
PROVVEDIMENTI PER LA PREVENZIONE ED IL CONTROLLO DELLE MALATTIE TRASMESSE DA INSETTI VETTORI ED IN PARTICOLARE DALLA ZANZARA TIGRE (AEDES ALBOPICTUS)
Dati AlboPOP Item
BANDO REVISIONE PATENTI PER L'IMPIEGO DEI GAS TOSSICI
Dati AlboPOP Item
BANDO ABILITAZIONE ALL'IMPIEGO DEI GAS TOSSICI
Dati AlboPOP Item
INTERVENTI PERMANENTI SULLA VIABILITÀ DI VIA XX SETTEMBRE A FELINO.
Dati AlboPOP Item
RSS Creato
Pubblicazione GitHUB
