Citta Dolo
Download pagina
Creazione Feed
Inserimento dati AlboPOP
LIQUIDAZIONE FATTURA N. 8717138423 DEL 18.05.2017 DITTA POSTE ITALIANE S.P.A. DI ROMA (RM)
Dati AlboPOP Item
LIQUIDAZIONE FATTURA N. 8017093655 DEL 16.05.2017 DITTA POSTE ITALIANE S.P.A. DI ROMA (RM)
Dati AlboPOP Item
LIQUIDAZIONE BOLLETTA A TELECOM ITALIA S.P.A. PER IL 3° BIMESTRE 2017 – UTENZE MOBILI. 
Dati AlboPOP Item
VARIAZIONE PEG 2017.
Dati AlboPOP Item
[annullato] RELAZIONE ILLUSTRATIVA DELLE RAGIONI E DELLA SUSSISTENZA DEI REQUISITI PREVISTI PER LA FORMA DI AFFIDAMENTO PRESCELTA (EX D.L.18 OTTOBRE 2012 N.179, ART.34 COMMI 20 E 21 ) - ASILO NIDO COMUNALE
Dati AlboPOP Item
LIQUIDAZIONE ECONOMO COMUNALE: ACQUISTO MINUTAGLIE INIZIATIVE BIBLIOTECA COMUNALE - MAGGIO 2017 
Dati AlboPOP Item
AFFIDAMENTO SERVIZIO DI ASSISTENZA AL PUBBLICO E REFERENCE BIBLIOGRAFICO PRESSO LA BIBLIOTECA COMUNALE PER IL PERIODO 01/06/2017 – 30/04/2018. CIG Z921ED283B.
Dati AlboPOP Item
 AVVISO MOBILITA' COPERTURA POSTO ESECUTORE OPERAIO CAT. B1
Dati AlboPOP Item
IMPEGNO DI SPESA PER RILEGATURA REGISTRI DI STATO CIVILE – CODICE CIG ZE91E119A2
Dati AlboPOP Item
AGGIORNAMENTO IMPEGNO DI SPESA AFFIDAMENTO INCARICHI DI TUTELA LEGALE ENTE AVV. PAOLO CORLETTO PER CONTENZIOSI TRIB. VE – DELIBERA G.C. N. 129 DEL 14.05.2015: A) N. RG 3187/2015 ‘OMISSIS’ CONTRO COMUNE DI DOLO IN OPPOS. DECRETO INGIUNTIVO N. 375/2015: B) N. RG. 2198/2015 ‘OMISSIS’ CONTRO COMUNE DI DOLO CON LA CHIAMATA IN CAUSA DI ‘OMISSIS’ E ‘OMISSIS’ IN OPPOS. DECRETO INGIUNTIVO N. 460/2015 
Dati AlboPOP Item
ELENCO DEI RAPPORTI COMUNICATI DAGLI ORGANI DI POLIZIA GIUDIZIARIA RIGUARDANTI OPERE O LOTTIZZAZIONI ABUSIVE E DELLE RELATIVE ORDINANZE DI SOSPENSIONE DEI LAVORI MESE DI MAGGIO 2017
Dati AlboPOP Item
LIQUIDAZIONE CONTRIBUTO ANNUALE ALLE CHIESE ED ALTRI EDIFICI RELIGIOSI AI SENSI L.R. 20 AGOSTO 1987 N. 44 . EROGAZIONE 100% - FINANZIAMENTO ANNO 2017 PARROCCHIA DI SAN ROCCO DI DOLO – MANUTENZIONE ORDINARIA COPERTURA CHIESA
Dati AlboPOP Item
IMPEGNO E LIQUIDAZIONE CONTRIBUTI STATALI PER AUTONOMA SISTEMAZIONE A SOGGETTI COLPITI DAL TORNADO DELL’08.07.2015 - PRIMO SEMSTRE 2016.
Dati AlboPOP Item
DELIBERAZIONE DI GIUNTA REGIONALE VENETO N. 1858/2015. IMPEGNO E LIQUIDAZIONE DEL CONTRIBUTO REGIONALE PER LA REALIZZAZIONE DI INTERVENTI DI RIPRISTINO DEI DANNI DELLE ABITAZIONI A SEGUITO DEGLI EVENTI ATMOSFERICI ECCEZIONALI DEL 08/07/2015 CHE HANNO COLPITO IL TERRITORIO DELLA RIVIERA DEL BRENTA; MARIA DONA' – ID: 172 – (DOMANDA DI CONTRIBUTO PROT. 5201 DEL 26/02/16 ). 
Dati AlboPOP Item
DELIBERAZIONE DI GIUNTA REGIONALE VENETO N. 1858/2015. IMPEGNO E LIQUIDAZIONE DEL CONTRIBUTO REGIONALE PER LA REALIZZAZIONE DI INTERVENTI DI RIPRISTINO DEI DANNI DELLE ABITAZIONI A SEGUITO DEGLI EVENTI ATMOSFERICI ECCEZIONALI DEL 08/07/2015 CHE HANNO COLPITO IL TERRITORIO DELLA RIVIERA DEL BRENTA; DONA' MARINO – ID: 023 – (DOMANDA DI CONTRIBUTO PROT. 4911 DEL 24/02/16 ). 
Dati AlboPOP Item
DELIBERAZIONE DI GIUNTA REGIONALE VENETO N. 1858/2015. IMPEGNO E LIQUIDAZIONE DEL CONTRIBUTO REGIONALE PER LA REALIZZAZIONE DI INTERVENTI DI RIPRISTINO DEI DANNI DELLE ABITAZIONI A SEGUITO DEGLI EVENTI ATMOSFERICI ECCEZIONALI DEL 08/07/2015 CHE HANNO COLPITO IL TERRITORIO DELLA RIVIERA DEL BRENTA; STEFANO DONA' – ID: 024 – (DOMANDA DI CONTRIBUTO PROT. 4912 DEL 24/02/16 ). 
Dati AlboPOP Item
DELIBERAZIONE DI GIUNTA REGIONALE VENETO N. 1858/2015. IMPEGNO E LIQUIDAZIONE DEL CONTRIBUTO REGIONALE PER LA REALIZZAZIONE DI INTERVENTI DI RIPRISTINO DEI DANNI DELLE ABITAZIONI A SEGUITO DEGLI EVENTI ATMOSFERICI ECCEZIONALI DEL 08/07/2015 CHE HANNO COLPITO IL TERRITORIO DELLA RIVIERA DEL BRENTA; VALTER BIOLO – ID: 061 – (DOMANDA DI CONTRIBUTO PROT. 4916 DEL 24/02/16 ). 
Dati AlboPOP Item
SPESE CONDOMINIALI 2017 CONDOMINIO BETACLARA– IMPEGNO E LIQUIDAZIONE
Dati AlboPOP Item
INDIRIZZI IN MERITO ALL’UTILIZZO GRATUITO DA PARTE DELLA SCUOLA INFANZIA ‘IMMACOLATA DI LOURDES’ DI DOLO DELLO STADIO COMUNALE ‘W. MARTIRE’ DI DOLO SABATO 27.05.2017 PER PARTITA CALCIO ‘UN GOAL PER LA SCUOLA DELL’INFANZIA’
Dati AlboPOP Item
PRELEVAMENTO DAL FONDO DI RISERVA 2017.
Dati AlboPOP Item
AFFIDAMENTO DIRETTO DEL SERVIZIO PER LA REDAZIONE DEL BILANCIO CONSOLIDATO 2016 - MAGGIOLI S.P.A. DI SANTARCANGELO DI ROMAGNA (RN)- CIG ZF21ECC1AA
Dati AlboPOP Item
AFFIDAMENTO DIRETTO SERVIZIO DI FORMAZIONE PER LA CORRETTA TENUTA DELLA CONTABILITA' ECONOMICO/PATRIMONIALE. DITTA SETI SNC DI ADRIA (RO). CIG Z521EB048C.
Dati AlboPOP Item
IMPEGNO E LIQUIDAZIONE CONTRIBUTO ECONOMICO. GIUGNO 2017.
Dati AlboPOP Item
IMPEGNO CONTRIBUTI ECONOMICI UTENTI VARI PER IL PERIODO GIUGNO-AGOSTO 2017. LIQUIDAZIONE MESE DI GIUGNO 2017.
Dati AlboPOP Item
IMPEGNO CONTRIBUTI ECONOMICI UTENTI VARI PER IL PERIODO GIUGNO-SETTEMBRE 2017. LIQUIDAZIONE MESE DI GIUGNO 2017.
Dati AlboPOP Item
IMPEGNO E LIQUIDAZIONE CONTRIBUTO ECONOMICO PER EMERGENZA ABITATIVA. GIUGNO 2017.
Dati AlboPOP Item
LIQUIDAZIONE FATTURE ALLA COOPSERVIZI GROUP FVG SOCIETA’ COOPERATIVA SOCIALE DI UDINE. MESE DI APRILE 2017. 
Dati AlboPOP Item
ASSEGNAZIONE ALLOGGIO ERP SITO IN VIA …………. AL NUCLEO FAMILIARE DEL SIG. ……………………….
Dati AlboPOP Item
VARIAZIONE PEG 2017.
Dati AlboPOP Item
IMPEGNO DI SPESA PER ABBONAMENTO BANCA DATI E RIVISTA PER SERVIZI DEMOGRAFICI – CODICE CIG Z8C1EBC0BE
Dati AlboPOP Item
LIQUIDAZIONE CONTRIBUTO A.S.D. PATTINAGGIO ARTISTICO DOLO PER ACQUISTO DEFIBRILLATORE (2015) E A SOSTEGNO DELLE ATTIVITÀ PROMOSSE NEL SETTORE GIOVANILE (2016).
Dati AlboPOP Item
LIQUIDAZIONE ARTEVEN - SPETTACOLO 'TROPPA SALUTE' CON E. IACCHETTI” 
Dati AlboPOP Item
LIQUIDAZIONE FATTURA N. 001-17-VE01530 DEL 30.04.2017 DITTA ITALARCHIVI S.R.L. DI FONTEVIVO (PR)
Dati AlboPOP Item
APPROVAZIONE SCHEMA DI PROGETTO DI PUBBLICA UTILITA' DA PRESENTARE ALAL REGIONE VENETO PER RICHIESTA FINANZIAMENTO AI SENSI DELLA DGR N.311/2017
Dati AlboPOP Item
ATTIVITA' SISTEMICA DA REMOTO PER LA CONFIGURAZIONE DEGLI AGGIORNAMENTI AUTOMATICI DEL SOFTWARE SICR@WEB. CODICE CIG Z921E7CC8E
Dati AlboPOP Item
ACQUISTO DI N. 5 GIORNATA DI FORMAZIONE PROCEDURE SICR@WEB. DITTA MAGGIOLI S.P.A. CIG: ZA21EBC5B1
Dati AlboPOP Item
IMPEGNO DI SPESA PER ACQUISTO MINUTAGLIE INIZIATIVE BIBLIOTECA COMUNALE – MAGGIO /GIUGNO 2017
Dati AlboPOP Item
AFFIDAMENTO DIRETTO E IMPEGNO PER ACQUISTO PANNELLI IN FOREX. CIG Z331EC593D.
Dati AlboPOP Item
OGGETTO: DELIBERAZIONE DI GIUNTA REGIONALE VENETO N. 1858/2015. IMPEGNO E LIQUIDAZIONE DEL CONTRIBUTO REGIONALE PER LA REALIZZAZIONE DI INTERVENTI DI RIPRISTINO DEI DANNI DELLE ABITAZIONI A SEGUITO DEGLI EVENTI ATMOSFERICI ECCEZIONALI DEL 08/07/2015 CHE HANNO COLPITO IL TERRITORIO DELLA RIVIERA DEL BRENTA; MARIA TERESA SEMENZATO – ID: 190 – (DOMANDA DI CONTRIBUTO PROT. 4528 DEL 19/02/16). 
Dati AlboPOP Item
IMPEGNO E LIQUIDAZIONE CONTRIBUTO ECONOMICO U.T. UTENTI PER TUTELA MINORE MESE DI MAGGIO 2017.
Dati AlboPOP Item
ACCERTAMENTO PER RIMBORSO SPESE PER PROCEDURA SFRATTO NEI CONFRONTI DI UN ASSEGNATARIO ALLOGGIO DI PROPRIETÀ DELL’ATER DI VENEZIA. 
Dati AlboPOP Item
POSTA CERTIFICATA: SUA P/C COMUNE DI DOLO - PROCEDURA NEGOZIATA PER L'AFFIDAMENTO DELL'APPALTO RELATIVO AI LAVORI DENOMINATI "MANUTENZIONE E RINNOVO DELLA SEGNALETICA STRADALE NEL TERRITORIO COMUNALE - TRIENNIO 2017-2019". CIG: 7017537EB7. RICHIESTA PUBBLICAZIONE AVVISO DI [IRIDE]1001677072[/IRIDE] [PROT]2017/46596[/PROT]
Dati AlboPOP Item
TRASMISSIONE AUTORIZZAZIONI E ORDINANZE N. 135 DEL 26/05/2017
Dati AlboPOP Item
ISTITUZIONE TEMPORANEA DEL DIVIETO DI TRANSITO E DI SOSTA SU VIA RIZZO, NEL TRATTO COMPRESO TRA VIA ZINELLI E VIA GARIBALDI, NEL CAPOLUOGO.
Dati AlboPOP Item
ORDINANZA DI MESSA IN SICUREZZA DEL FABBRICATO “BARCHESSA” POSTO IN VIA RIZZO, CIVICO N. 25 - 30031 DOLO (VE) E IDENTIFICATO CATASTALMENTE NEL COMUNE DI DOLO (VE) AL FOGLIO N. 8 MAPPALE N. 110.
Dati AlboPOP Item
AFFIDAMENTO FORNITURA CARTA PER UFFICI COMUNALI ALLA DITTA VALSECCHI CANCELLERIA S.R.L. DI MILANO PRESENTE NEL MERCATO ELETTRONICO DEL PORTALE CONSIP.
Dati AlboPOP Item
TRASMISSIONE AUTORIZZAZIONI E ORDINANZE N. 131 DEL 25/05/2017
Dati AlboPOP Item
FORNITURA ACQUA ANNO 2017. IMPEGNO DI SPESA E LIQUIDAZIONE BOLLETTE A V.E.R.I.T.A.S. SPA MESE DI MARZO 2017. 
Dati AlboPOP Item
IMPEGNO DI SPESA E LIQUIDAZIONE ACCONTO PER ‘SPORT TRAINING CONVENTION #DOLO 2017’
Dati AlboPOP Item
IMPEGNO DI SPESA E LIQUIDAZIONE ACCONTO – PIANO DI RIPARTO DETERMINAZIONE N. 521 DEL 19.04.2017
Dati AlboPOP Item
IMPEGNO DI SPESA PER COLLEGAMENTO BANCHE DATI ONLINE - WOLTERS KLUWER ITALIA S.R.L. CON DECORRENZA 1/6-31/12/2017 
Dati AlboPOP Item
RINNOVO ABBONAMENTO ALLA RIVISTA “DOCUMENTAZIONE ON LINE” EDITA DA DELFINO&PARTNERS S.P.A.
Dati AlboPOP Item
INDIRIZZI IN MERITO AL PROGETTO ‘SPORT TRAINING CONVENTION’ IN COLLABORAZIONE CON 'A.S.D. MULTISPORT & FUN'
Dati AlboPOP Item
PATROCINIO AD A.S.D. GRUPPO CICLISTICO ‘G.C. I MOLINI DOLO’ PER 7° RADUNO REGIONALE CICLOTURISTICO ‘MADONNA DEI MOLINI DOLO’ IN MEMORIA DI SILVANO BALDAN 3° MEMORIAL 'FRANCO ZANELLA' DOMENICA 21.05.2017
Dati AlboPOP Item
INDIRIZZI IN MERITO ALLA CONCESSIONE DI UN CONTRIBUTO STRAORDINARIO E ALLA SOTTOSCRIZIONE DI UN ACCORDO PER L’UTILIZZO DELL’IMPIANTO SPORTIVO ATTREZZATO DI CALCIO DI SAMBRUSON DI PROPRIETÀ DELLA PARROCCHIA SANT’AMBROGIO VESCOVO DI SAMBRUSON.
Dati AlboPOP Item
APPROVAZIONE RELAZIONE CONSIP ART. 26 L. 488/99 – ANNO 2016
Dati AlboPOP Item
INDIRIZZI SUI MONITORAGGI AMBIENTALI NEL TERRITORIO COMUNALE E SULL’AGGIORNAMENTO DEL PIANO D’AZIONE PER L’ENERGIA SOSTENIBILE (PAES) DEL “PATTO DEI SINDACI.
Dati AlboPOP Item
APPROVAZIONE PIANO DEI DETTAGLIATI OBIETTIVI/PERFORMANCE E PIANO ESECUTIVO DI GESTIONE COMPLETI DEGLI INDICATORI DI PERFORMANCE RELATIVI AL TRIENNIO 2017/2019
Dati AlboPOP Item
LIQUIDAZIONE FATTURA N. 485 DEL 30/04/2017. DITTA CARRARO DANTE S.R.L. DI MIRA (VE).
Dati AlboPOP Item
LIQUIDAZIONE FATTURA N. 03/50 DEL 09/05/2017. DITTA CENTRO AUORIPARAZIONE LEVORATO ILARIO S.R.L. DI DOLO (VE).
Dati AlboPOP Item
IMPEGNO E LIQUIDAZIONE SOMMA PER PARTECIPAZIONE COMUNE DOLO CELEBRAZIONI GIUBILEO DELLA MISERICORDIA
Dati AlboPOP Item
IMPEGNO CONTRIBUTO ECONOMICO AD INTEGRAZIONE PAGAMENTO RETTE DI INSERIMENTO IN STRUTTURA RESIDENZIALE PERIODO MAGGIO-DICEMBRE 2017. LIQUIDAZIONE MAGGIO 2017. 
Dati AlboPOP Item
INCARICO REDAZIONE, IMPAGINAZIONE, CREAZIONE GRAFICA E STAMPA PERIODICO COMUNALE SENZA ONERI A CARICO DELL'ENTE - PERIODO MAGGIO 2017 / MAGGIO 2019.
Dati AlboPOP Item
VARIAZIONE PEG ANNO 2017
Dati AlboPOP Item
IMPEGNO DI SPESA E LIQUIDAZIONE PAGAMENTO CONTRIBUTI DI BONIFICA E CONSORTILI - CONSORZIO BACCHIGLIONE - ANNO 2017.
Dati AlboPOP Item
IMPEGNO DI SPESA E LIQUIDAZIONE VERSAMENTO AL FONDO REGIONALE PER L'EDILIZIA RESIDENZIALE PUBBLICA L. R. 10/’96 E L. R. 14/’97 – ANNO DI RIFERIMENTO 2016.
Dati AlboPOP Item
LIQUIDAZIONE FATTURA N. 8017059771 DEL 22.03.2017 DITTA POSTE ITALIANE S.P.A. DI ROMA (RM)
Dati AlboPOP Item
AFFIDAMENTO FORNITURA DI TONER PER STAMPANTI DEGLI UFFICI COMUNALI TRAMITE IL MERCATO ELETTRONICO DEL PORTALE CONSIP ALLA DITTA MYO S.P.A. DI POGGIO TORRIANA (RN).
Dati AlboPOP Item
LIQUIDAZIONE FATTURA N. 0002116614 DEL 30.04.2017 DITTA MAGGIOLI S.P.A. DI SANTARCANGELO DI ROMAGNA (RN)
Dati AlboPOP Item
IMPEGNO DI SPESA PER CONTRIBUTO A CIF DI DOLO, PARTNER OPERATIVO, A RIMBORSO SPESE PER L’ORGANIZZAZIONE DELL’EVENTO INFORMATIVO DEL 20 MAGGIO 2017 QUALE ATTIVITÀ DI IMPLEMENTAZIONE SU BASE LOCALE DEL PROGETTO “ALLEANZA PER LE FAMIGLIE DELLA RIVIERA DEL BRENTA”, ELABORATO DAGLI ADERENTI ALL’ACCORDO VOLONTARIO PER LA CREAZIONE DI UN’ALLEANZA PER LE FAMIGLIA APPROVATO CON DELIBERA DI G.C. N.31/2016.
Dati AlboPOP Item
ACCERTAMENTO, IMPEGNO E LIQUIDAZIONE PROVVIDENZE RELATIVE ALL’IMPEGNATIVA DI CURA DOMICILIARE (EX ASSEGNO DI CURA)– I TRIMESTRE 2017 ICDM E LIQUIDAZIONE EREDI BENEFICIARI II° SEMESTRE 2016 E I° TRIM 2017.
Dati AlboPOP Item
LIQUIDAZIONE FATTURA ALL’IPAB S.P.E.S. DI PADOVA PER LA GESTIONE DELL’ASILO NIDO COMUNALE. PERIODO GENNAIO –APRILE 2017.
Dati AlboPOP Item
RICHIESTA PUBBLICAZIONE AVVISO RELATIVO AGLI APPALTI AGGIUDICATI. "LAVORI DI MANUTENZIONE STRAORDINARIA PER INTERVENTI URGENTI PRESSO GLI EDIFICI SCOLASTICI ZONA SUD MIRANO DOLO" 
Dati AlboPOP Item
AGGIORNAMENTO DEGLI ALBI DEI GIUDICI POPOLARI
Dati AlboPOP Item
AVVISO RELATIVO AD APPALTO AGGIUDICATO SETTORI SPECIALI - LAVORI RELATIVI AGLI INTERVENTI DI MANUTENZIONE SU CHIAMATA IN REGIME DI REPERIBILITÀ, INERENTE A TUTTI GLI IMPIANTI TECNOLOGICI DI SICUREZZA PRESENTI SULLA LINEA FERROVIARIA ADRIA-MESTRE - DURATA MESI 12 PROROGABILE PER UN PERIODO MASSIMO DI ULTERIORI 12 MESI - CIG 6891572120
Dati AlboPOP Item
ISTITUZIONE DI N° 13 NUOVI STALLI A PAGAMENTO IN VIA MATTEOTTI E REVOCA DELLA SOSTA A PAGAMENTO SULL’AREA DI PIAZZA MERCATO, NEL CAPOLUOGO.
Dati AlboPOP Item
Conversion from string "Wed, 08 Mar 2017 00:00:00 GMT" to type 'Date' is not valid.
Pubblicazione GitHUB
