25/08/2020 16:06:02
Citta 
Cabiate
Recupero dati della Città
Dati recuperati correttamente
Download pagina
Creazione Feed
Inserimento dati AlboPOP
PROCEDURA SELETTIVA EX ARTICOLO 16 LEGGE 56/87 PER L’ASSUNZIONE A TEMPO PIENO E INDETERMINATO DI N. 1 COLLABORATORE AMMINISTRATIVO CAT. B1 A TEMPO PIENO E INDETERMINATO DA DESTINARE ALL’ AREA TRIBUTI-COMMERCIO, SERVIZI DEMOGRAFICI E ISTRUZIONE – INDIVIDUAZIONE PROVE D’ESAME E NOMINA COMMISSIONE 
Dati AlboPOP Item
ESERCIZIO DEL DIRITTO DI VOTO NELL'ABITAZIONE DI DIMORA - ELECTION DAY DI DOMENICA 20 E LUNEDI' 21 SETTEMBRE 2020. 
Dati AlboPOP Item
REVISIONE DINAMICA STRAORDINARIA DELLE LISTE ELETTORALI MASCHILI E FEMMINILE - REFERENDUM POPOLARE DEL 20/09/2020 - ELENCO DEI NOMINATIVI CHE PUR ESSENDO COMPRESI NELLE LISTE ELETTORALI, NON AVRANNO COMPIUTO, NEL PRIMO GIORNO FISSATO PER LE ELEZIONI IL 18 ANNO DI ETA'. 
Dati AlboPOP Item
COSTITUZIONE DI APPOSITO UFFICIO ELETTORALE COMUNALE PER REFERENDUM COSTITUZIONALE IN DATA 20 E 21 SETTEMBRE 2020 - AUTORIZZAZIONE AL PERSONALE AD ESEGUIRE LAVORO STRAORDINARIO PER I COMIZI ELETTORALI DEL 20 E 21 SETTEMBRE 2020 - PERIODO 17/08/2020 - 25/09/2020 
Dati AlboPOP Item
ASSEGNO AL NUCLEO FAMILIARE E ASSEGNO DI MATERNITA'. PRESA D'ATTO N. 2 DOMANDE. 
Dati AlboPOP Item
ORDINANZA DI CARATTERE TEMPORANEO PER LA DISCIPLINA DELLA CIRCOLAZIONE STRADALE SENSO UNICO ALTERNATO PER LAVORI IN VIA MAGENTA NR.24 DALLE ORE 08.00 ALLE ORE 19.00 NEI GIORNI 07, 08 E 09DEL MESE DI SETTEMBRE 2020 
Dati AlboPOP Item
REFERENDUM COSTITUZIONALE DI DOMENICA 20 E LUNEDI' 21 SETTEMBRE 2020 - CONVOCAZIONE DEI COMIZI - COMUNE DI CABIATE. 
Dati AlboPOP Item
***COMUNE DI BESANA IN BRIANZA*** - BANDO DI MOBILITA’ VOLONTARIA PER LA COPERTURA DI UN POSTO A TEMPO PIENO ED INDETERMINATO DI N° 1 ISTRUTTORE DIRETTIVO CAT D UFFICIO CULTURA BIBLIOTECA 
Dati AlboPOP Item
***COMUNE DI BRENNA*** - AVVISO DI MOBILITA’ VOLONTARIA EX ART. 30 D.LGS N. 165/2001 PER LA COPERTURA, CON CONTRATTO A TEMPO PIENO ED INDETERMINATO, DI N° 1 POSTO DI “ISTRUTTORE DIRETTIVO”, CATEGORIA “D” PRESSO L’AREA CONTABILE-FINANZIARIA 
Dati AlboPOP Item
***TECUM - AZIENDA TERRITORIALE PER I SERVIZI ALLA PERSONA*** - AVVISO PER LA NOMINA DEI COMPONENTI DEL CONSIGLIO DI AMMINISTRAZIONE DELL'AZIENDA TERRITORIALE PER I SERVIZI ALLA PERSONA 
Dati AlboPOP Item
***COMUNE DI TRIUGGIO*** - AVVISO DI MOBILITA’ ESTERNA (ART. 30 D.LGS. 165/2001) PER LA COPERTURA DI N. 1 - POSTO DI AGENTE DI POLIZIA LOCALE CAT. C 1 CON CONTRATTO A TEMPO PIENO ED INDETERMINATO 
Dati AlboPOP Item
REFERENDUM COSTITUZIONALE 20 E 21 SETTEMBRE 2020. MODULO DI OPZIONE DEGLI ELETTORI TEMPORANEAMENTE ALL'ESTERO PER L'ESERCIZIO DEL VOTO PER CORRISPONDENZA NELLA CIRCOSCRIZIONE ESTERO. 
Dati AlboPOP Item
***COMUNE DI SEREGNO*** - AVVISO DI MOBILITA’ VOLONTARIA ESTERNA PER LA COPERTURA DI N. 1 POSTO DI DIRIGENTE A TEMPO INDETERMINATO PRESSO L’AREA SERVIZI ALLA PERSONA 
Dati AlboPOP Item
***COMUNE DI SEREGNO *** BANDO DI MOBILITA’ PER LA COPERTURA DI N. 1 POSTO A TEMPO PIENO NEL PROFILO PROFESSIONALE DI “ASSISTENTE TECNICO” - CAT. C – PRESSO SERVIZIO SPORTELLO UNICO EDILIZIA - AREA SERVIZI PER IL TERRITORIO, LO SVILUPPO ECONOMICO E LA CULTURA. 
Dati AlboPOP Item
*** COMUNE DI SEREGNO *** - AVVISO DI TRATTATIVA PRIVATA PER LA VENDITA DI TERRENO EDIFICABILE DI PROPRIETA' DEL COMUNE DI SEREGNO, SITO IN COMUNE DI ALBIATE AL FOGIO 16 MAPPALI 3 E 4 
Dati AlboPOP Item
*** COMUNE DI SEREGNO *** - AVVISO DI ASTA PUBBLICA PER LA VENDITA DI LOTTI DI UN IMMOBILE DI PROPRIETA' DEL COMUNE DI SEREGNO, SITO IN VIA ANDREA APPIANI E VIA MARCO POLO NEL COMPLESSO DENOMINATO "CORTE DEL COTONE" 
Dati AlboPOP Item
*** COMUNE DI SEREGNO *** - AVVISO DI TRATTATIVA PRIVATA PER LA VENDITA DELL'IMMOBILE SITO IN VIA MAGENTA 35 DI PROPRIETA' DEL COMUNE DI SEREGNO, DI CUI AL FOGLIO 41 MAPP. 17 SUBB. 703-709 E MAPP. 10 SUB 704 
Dati AlboPOP Item
RSS Creato
Pubblicazione GitHUB
