*****
Feed: Belpasso
Errore nel flusso: Cast non valido dalla stringa "Elementi trovati: " al tipo 'Double'.
Elementi trovati: 100
*****
Feed: Bitonto
Elementi trovati: 100
*****
Feed: Celle di Bulgheria
Elementi trovati: 20
*****
Feed: Concesio
Elementi trovati: 100
*****
Feed: Desio
Elementi trovati: 20
*****
Feed: Dolo
Elementi trovati: 90
*****
Feed: Felino
Elementi trovati: 17
*****
Feed: Orzinuovi
Elementi trovati: 49
*****
Feed: Pesaro
Elementi trovati: 100
*****
Feed: Sgurgola
Elementi trovati: 20
*****
Feed: Viterbo
Elementi trovati: 100
*****
Feed: Annone Veneto
Elementi trovati: 82
*****
Feed: Baranzate
Elementi trovati: 28
*****
Feed: Belpasso
Elementi trovati: 100
*****
Feed: Bernareggio
Elementi trovati: 56
*****
Feed: Busnago
Elementi trovati: 36
*****
Feed: Canosa di Puglia
Elementi trovati: 100
*****
Feed: Cabiate
Elementi trovati: 0
*****
Feed: Livigno
Elementi trovati: 0
*****
Feed: Lucca
Elementi trovati: 100
*****
Feed: Rometta
Elementi trovati: 79
*****
Feed: Capri
Elementi trovati: 100
*****
Feed: Isernia
Elementi trovati: 84
*****
Feed: Rovigo
Elementi trovati: 100
*****
Feed: Capri
Elementi trovati: 100
*****
Feed: Collecchio
Elementi trovati: 79
*****
Feed: Mascalucia
Elementi trovati: 100
*****
Feed: Mazzano
Elementi trovati: 89
*****
Feed: Ragusa
Elementi trovati: 100
*****
Feed: Torri del Benaco
Elementi trovati: 84
*****
Feed: Nicolosi
Elementi trovati: 0
