Citta Desio
Download pagina
Creazione Feed
Inserimento dati AlboPOP
TRASFERIMENTO IN MOBILITA’ EX ART. 30 D.LGS. 165/2001 DAL COMUNE DI BRUGHERIO AL COMUNE DI DESIO DELLA SIG.RA BRUNO NATALIA FEDERICA - DA ASSEGNARE ALL’AREA LAVORI PUBBLICI – SETTORE LAVORI PUBBLICI E AMBIENTE. 
Dati AlboPOP Item
ASSUNZIONE A TEMPO INDETERMINATO, DEL SIG. DELL’ORTO SIMONE IN QUALITA’ DI FUNZIONARIO INFORMATICO – CAT. D1 – DA DESTINARE AL SETTORE SERVIZI DI STAFF/SERVIZIO SISTEMI INFORMATIVI/ICT
Dati AlboPOP Item
IMPEGNO DI SPESA PER LA FORNITURA DI PANNOLINI A MUTANDINA PER L’ASILO NIDO MEDIANTE RICORSO AL MEPA – ANNO SCOLASTICO 2017/2018. EURO 4.032,85 I.V.A. COMPRESA. CODICE CIG ZA81EDBE4A.
Dati AlboPOP Item
AFFIDAMENTO DI INCARICO PROFESSIONALE PER IL SERVIZIO DI SUPPORTO AL R.U.P. PER LA REDAZIONE DELLA MAPPATURA ACUSTICA RIGUARDANTE GLI ASSI STRADALI PRINCIPALI CON FLUSSO VEICOLARE SUPERIORE AI 3 MILIONI DI VEICOLI/ANNUI APPARTENENTI AL COMUNE DI DESIO (ART. 3 D.LGS 194/2005) ALLO STUDIO DI ACUSTICA DE POLZER S.R.L. DI MILANO. - € 5.748,00 OLTRE IVA 22% - C.I.G. Z7C1E9EEA1
Dati AlboPOP Item
SERVIZIO DI DISINFESTAZIONE BLATTE PRESSO GLI STABILI COMUNALI IN LOCAZIONE. AFFIDAMENTO ALLA DITTA ANTICIMEX S.R.L. QUALE SERVIZIO ANALOGO (ART. 63, C. 5 DEL D.LGS. 50/12016) DELL’APPALTO DI CUI AL CIG 693188112A - €. 2.530,00 OLTRE I.V.A.
Dati AlboPOP Item
NOMINA COMMISSIONE GIUDICATRICE PER L’AFFIDAMENTO DI INCARICO PROFESSIONALE IN MATERIA DI ILLUMINAZIONE PUBBLICA PER INTERVENTI DI EFFICIENTAMENTO E RISPARMIO ENERGETICO ALL’INTERNO DEI TERRITORI COMUNALI DELL’AGGREGAZIONE DI CUI IL COMUNE DI DESIO E’ CAPOFILA (PROGETTO ILLUMINA) E ASSUNZIONE IMPEGNO DI SPESA € 1.200,00 OLTRE INARCASSA E IVA - CIG ZA21EC6C5F
Dati AlboPOP Item
BANDO PER L'ACCREDITAMENTO DI SOGGETTI PROFESSIONALI PER L'EROGAZIONE DEI SERVIZI ED INTERVENTI SOCIO-ASSISTENZIALI E SOCIO-EDUCATIVI DOMICILIARI IN FAVORE DI SOGGETTI FRAGILI RESIDENTI NELL'AMBITO TERRITORIALE DI DESIO, PERIODO 01.07.2016/30.06.2018: INTEGRAZIONE ALBI DEI SOGGETTI ACCREDITATI
Dati AlboPOP Item
LAVORI DI BONIFICA DELLA COPERTURA IN ETERNIT C/O EDIFICIO DI EDILIZIA RESIDENZIALE PUBBLICA DI VIA C. MARX 8 . APPROVAZIONE DEL PROGETTO ESECUTIVO (G04). CUP G44B15000120004 CIG ZDE1B9E297
Dati AlboPOP Item
PROCEDURA NEGOZIATA SENZA PREVIA INDIZIONE DI GARA PER L'AFFIDAMENTO DEL SERVIZIO DI TRASPORTO SCOLASTICO MEDIANTE PIATTAFORMA SINTEL PER IL PERIODO SETTEMBRE 2017-GIUGNO 2018 (GIC 6766823EFA)
Dati AlboPOP Item
IMPEGNO DI SPESA PER LA FORNITURA DI DISPOSITIVI DI PROTEZIONE INDIVIDUALE PER I VOLONTARI CIVICI MEDIANTE RICORSO AL MEPA. EURO 3.910,10 I.V.A. COMPRESA. CODICE CIG ZB61EC755.
Dati AlboPOP Item
TRASFERIMENTO IN MOBILITA’ EX ART. 30 D.LGS. 165/2001 DAL COMUNE DI ALBIATE AL COMUNE DI DESIO DELLA SIG.RA CONFALONIERI LUCIANA - DA ASSEGNARE ALL’AREA LAVORI PUBBLICI – SETTORE LAVORI PUBBLICI E AMBIENTE. 
Dati AlboPOP Item
VERSAMENTO ALL'AMMINISTRAZIONE PROVINCIALE DI MONZA E BRIANZA DEL TRIBUTO PER L'ESERCIZIO DELLE FUNZIONI AMBIENTALI (T.E.F.A.) RELATIVO ALLA TARSU, ALLA TARES E ALLA TARI RISCOSSE NELL'ANNO 2016 - IMPORTO A SALDO ANNO 2016
Dati AlboPOP Item
IMPEGNO DI SPESA PER LA SOSTITUZIONE DEL KIT PORTATILE DI AUDIO CONFERENZA IN USO PRESSO LA SALA CONSIGLIO MEDIANTE RICORSO AL MEPA. EURO 1.518,90 I.V.A. COMPRESA. CODICE CIG Z1F1EB096E.
Dati AlboPOP Item
PROCEDURA DI GARA MEDIANTE PIATTAFORMA SINTEL PER LA CONCESISONE E GESTIONE DEI CENTRI RICREATIVI DIURNI ESTIVI, DEI SERVIZI SCOLASTICI DI PRE E POST SCUOLA E DEI LABORATORI POMERIDIANI EXTRASCOLASTICI PER GLI ALUNNI DELLE SCUOLE SECONDARIE DI PRIMO GRADO, PER IL PERIODO SETTEMBRE 2017 - AGOSTO 2020. CIG Z681E1A07C - APPROVAZIONE REPORT/VERBALE DELLA COMMISSIONE DI GARA E PUBBLICAZIONE AVVISO DI GARA DESERTA
Dati AlboPOP Item
INTEGRAZIONE ONERI DERIVANTI DALL'INSERIMENTO DI MINORI PRESSO STRUTTURE RESIDENZIALI SU MANDATO DELL'AUTORITA' GIUDIZIARIA FINO AL 30 LUGLIO 2017 - € 68.200,00
Dati AlboPOP Item
ONERI DERIVANTI DALLA FREQUENZA DEL MINORE B.N. E FAMIGLIA PRESSO IL CENTRO DIURNO MINORI "SIGNORI BAMBINI - COMONDO" SU MANDATO DELL'AUTORITÀ GIUDIZIARIA - IMPEGNO DI SPESA PERIODO DAL 19 MAGGIO 2017 AL 31 LUGLIO 2017 - € 2.100,00
Dati AlboPOP Item
AGGIUDICAZIONE PROVVISORIA DI GARA ALLA SOCIETA’ 3JUICE SRL DEL SERVIZIO NECESSARIO ALLA REALIZZAZIONE DELLE FASI DI VOTAZIONE ON LINE DEL BILANCIO PARTECIPATIVO DELLA CITTA’ DI DESIO (ID N. 84817787 – CIG Z631E20EE9)
Dati AlboPOP Item
MANUTENZIONE APPARECCHIATURE UPS ANNO 2017 TRAMITE MEPA– IMPEGNO DI SPESA EURO 1.891,00 CODICE CIG ZE21ECEF5B
Dati AlboPOP Item
ORTI PER ANZIANI: ASSEGNAZIONE ORTI N. 5 – 55 A CITTADINI IN GRADUATORIA
Dati AlboPOP Item
PROROGA DELLA CONVENZIONE-CONTRATTO PER IL SERVIZIO DI PREPARAZIONE PASTI A DOMICILIO RIVOLTO AD ANZIANI ED ADULTI IN CONDIZIONE DI RIDOTTA AUTONOMIA PERSONALE, PER IL PERIODO: 01.06.2017–30.06.2017
Dati AlboPOP Item
RSS Creato
Pubblicazione GitHUB
