16/06/2017 11:30:45
Citta 
Sgurgola
Recupero dati della Città
Dati recuperati correttamente
Download pagina
Creazione Feed
Inserimento dati AlboPOP
VERBALE N. 33 DEL 13/06/2017 APPROVAZIONE PROGETTO ""ESTATE COMUNE TRA MUSICA E CULTURA?" RICHIESTA DI CONTRIBUTO ECONOMICO ALLA REGIONE LAZIO· ASSESSORATO AL BILANCIO E ASSESSORATO AGLI ENTI LOCALI.
Dati AlboPOP Item
VERBALE N. 29 DEL 18.05.2017 ORGANIZZAZIONE SOGGIORNO MARINO ANZIANI 2017. DIRETTIVE AL RESPONSABILE DEL SERVIZIO.
Dati AlboPOP Item
VERBALE N. 194 DEL 12.0G.2017 LIQUIDAZIONE FATTURA CONSORZIO SOCIALE MILLENIUM SOC. COOP., PER IL SERVIZIO MENSE SCOLASTICHE.
Dati AlboPOP Item
VERBALE N. 193 DE L 6.06.2017 IMPEGNO SPESA GESTIONE SERVIZIO MENSA SCOLASTICA
Dati AlboPOP Item
VERBALE N. 192 DEL 06.06.2017 IMPEGNO DI SPESA PER LA GESTIONE DEGLI AUTOMEZZI COMUNALI.
Dati AlboPOP Item
VERBALE N. 191 DEL 06.06.2017 CONFERMA IMPEGNO DI SPESA PER PATROCINIO E ASSISTENZA LEGALE.
Dati AlboPOP Item
VERBALE N. 199 DEL 12.06.2017 IMPEGNO E LIQUIDAZIONE PER PAGAMENTO CONTRIBUTO UNIFICATO RICORSO CONSIGLIO DI STATO ORDINANZA DEL TAR DEL LAZIO N. 01943/2017.
Dati AlboPOP Item
AVVISO RILASCIO CONCESSIONE EDILIZIA IN SANATORIA N. 274 DEL 14 GIUGNO 2017
Dati AlboPOP Item
ORDINANZA N. 1O 2017 DEL 13/06/2017 DIVIETO USO IMPROPRIO ACQUA EROGATA DAL PUBBLICO ACQUEDOTTO 
Dati AlboPOP Item
VERBALE N. 190 DEL 30.05.2017 LIQUIDAZIONE FATTURA QUI! GROUP S.P.A. FORNITURA BUONI PASTO
Dati AlboPOP Item
VERBALE N. 189 DEL 30.05.2017 IMPEGNO SPESA ACQUISTO BUONI PASTO PERSONALE DIPENDENTE
Dati AlboPOP Item
VERBALE N. 188 DEL 30/05/2017 LIQUIDAZIONE FATTURE VARIE.
Dati AlboPOP Item
VERBALE N. 187 DEL 30/05/2017 IMPEGNO DI SPESA PER MANUTENZIONE SCUOLE COMUNALI
Dati AlboPOP Item
VERBALE N. 186 DEL 30.05.2017 LIQUIDAZIONE/ALTUREPERSMALTIMENTO RR.SS. UV.
Dati AlboPOP Item
VERBALE N. 185 DEL 30.05.2017 LIQUIDAZIONE FATTURA DITTE VARIE
Dati AlboPOP Item
VERBALE N. 184 DEL 30.05.2017 LIQUIDAZIONE FATTURA TAC ECOLOGICA S.R.L.. 
Dati AlboPOP Item
VERBALE N. 183 DEL 30/05/2017 LIQUIDAZIONE FATTURE TELECOM ITALIA S.P.A.
Dati AlboPOP Item
VERBALE N. 182 DEL 30/05/2017 - IMPEGNO DI SPESA PER MANUTENZIONE STRADE COMUNALI
Dati AlboPOP Item
TRIBUNALE DI FROSINONE - ATTO DI CITAZIONE
Dati AlboPOP Item
VERBALE N. 181 DEL 30.05.2017 LIQUIDAZIONE FATTURA DITTA PORSENNA SRL.
Dati AlboPOP Item
VERBALE N. 180 DEL 30.05.2017 LIQUIDAZIONE FATTURA ENI , PER FORNITURA GAS CENTRO ANZIANI.
Dati AlboPOP Item
VERBALE N. 179 DEL 30.05.2017 LIQUIDAZIONE FATTURA ENI PER FORNITURA GAS UFFICI COMUNALI.
Dati AlboPOP Item
VERBALE N. 178 DEL -30.05.2017 IMPEGNO DI SPESA UTENZE CENTRO SOCIALE ANZIANI.
Dati AlboPOP Item
VERBALE N. 177 DEL 30/05/2017 MANUTENZIONE STRAORDINARIA CENTRALINA TELEFONICA. IMPEGNO SPESA.
Dati AlboPOP Item
VERBALE N. 30 DEL 1/06/2017 APPROVAZIONE PROGETTO ""SGURGOLA...DEGUSTA, CAMMINA E RICORDA"" RICHIESTA DI CONTRIBUTO ECONOMICO AL CONSIGLIO REGIONALE DEL LAZIO.
Dati AlboPOP Item
RSS Creato
Pubblicazione GitHUB
