Citta Pesaro
Download pagina
Creazione Feed
Inserimento dati AlboPOP
ACQUISTO FASCIA PRESIDENTE CONSIGLIO COMUNALE
Dati AlboPOP Item
SERVIZIO MANUTENZIONI PER CONDOMINIO DI VIA CICOGNANI N. 2/4/6 - PROVVEDIMENTI VARI DI MODIFICA ALLA VIABILITA' ORDINARIA - DISCIPLINA DELLA CIRCOLAZIONE E DELLA SOSTA DEI VEICOLI.
Dati AlboPOP Item
PIAZZALE CARDUCCI/VIALE GRAMSCI - SERVIZIO DI LINEA ESTIVO - PROVVEDIMENTI VARI DI MODIFICA ALLA VIABILITA' ORDINARIA - DISCIPLINA DELLA CIRCOLAZIONE E DELLA SOSTA DEI VEICOLI.
Dati AlboPOP Item
VIA POMA CIV. 7 - REALIZZAZIONE STALLO DI SOSTA PER VEICOLI AL SERVIZIO DI PERSONE DIVERSAMENTE ABILI TITOLARI DI AUTORIZZAZIONE E DI CUI ALL'ART. 188/2° DEL C.D.S. - TIPO GENERICO - DISCIPLINA DELLA CIRCOLAZIONE E DELLA SOSTA DEI VEICOLI.
Dati AlboPOP Item
FORNITURA ENERGIA ELETTRICA 01/08/2017 - 31/07/2017. ADESIONE A CONVENZIONE CONSIP "ENERGIA ELETTRICA 14".
Dati AlboPOP Item
AVV. MARIANGELA BRESSANELLI - CONFERIMENTO INCARICO DI RESPONSABILE DELL'AVVOCATURA COMUNALE.
Dati AlboPOP Item
DOTT. GAUDENZI CLAUDIO- CONFERIMENTO INCARICO DI RESPONSABILE DELLA U.O. STRADE- SERVIZIO MANUTENZIONI. 
Dati AlboPOP Item
CONFERMA INCARICHI RELATIVI ALLA'AREA DELLE POSIZIONI ORGANIZZATIVE DEL SERVIZIO AMMINISTRAZIONE E RISORSE.
Dati AlboPOP Item
IMPRESA FAZIO GIACOMO - VIA PASSERI N. 73 - PROVVEDIMENTI VARI DI MODIFICA ALLA VIABILITA' ORDINARIA - DISCIPLINA DELLA CIRCOLAZIONE E DELLA SOSTA DEI VEICOLI.
Dati AlboPOP Item
ARCH. ANNARITA SANTILLI - CONFERIMENTO INCARICO DI RESPONSABILE DELLA U.O. AMBIENTE
Dati AlboPOP Item
ACCERTAMENTO ENTRATA PER SANZIONI NOTIFICATE - REVISIONE 01/01 - 30/04
Dati AlboPOP Item
L.R. 7/94 - EROGAZIONE CONTRIBUTI REGIONALI AI COMUNI DELL'AMBITO TERRITORIALE SOCIALE N. 1 PER GLI "INTERVENTI IN FAVORE DEI MINORENNI TEMPORANEAMENTE ALLONTANATI DALLA PROPRIA FAMIGLIA
Dati AlboPOP Item
INIZIATIVA DELLA PRESIDENZA DEL CONSIGLIO COMUNALE: RASSEGNA "LA STRADA PER PESARO. PESARESI D'ADOZIONE" - INCONTRO DEDICATO A CAROLINA DI BRUNSWICK
Dati AlboPOP Item
SERVIZIO DI MANUTENZIONE DELLA RETE STRADALE E VIARIA, DELLE PISTE CICLABILI, DEI MARCIAPIEDI E DELLE AREE PEDONALI, DELLE RELATIVE PERTINENZE E DELLA SEGNALETICA ORIZZONTALE, VERTICALE E LUMINOSA PER IL PERIODO DI ANNI TRE. ACCERTAMENTO DELL’ENTRATA RELATIVA ALLA PENALE MESE MARZO ANNO 2017. 
Dati AlboPOP Item
GESTIONE SINISTRI R.C.T. – LIQUIDAZIONE CONTROPARTE PER DEFINIZIONE SINISTRI AL 01/06/2017
Dati AlboPOP Item
ASSUNZIONE IMPEGNO DI SPESA PER RIVERSARE ALL'ENTRATA DEL BILANCIO DELLO STATO IL CORRISPETTIVO DOVUTO ALLO STATO MA INCASSATO DAL COMUNE IN OCCASIONE DELL'EMISSIONE DELLE NUOVE CARTE IDENTITÀ ELETTRONICHE – PERIODO 01/05/2017 – 31/05/2017. 
Dati AlboPOP Item
RINNOVO ABBONAMENTI ON LINE A QUOTIDIANI E RIVISTE DESTINATI AD AMMINISTRATORI E SERVIZI COMUNALI PER L'ANNO 2017. 
Dati AlboPOP Item
PESARO CITTA' EUROPEA DELLO SPORT - PROVVEDIMENTI FINO AL 31.12.2017
Dati AlboPOP Item
APPROVAZIONE RUOLI RISCOSSIONE COATTIVA COD. 1L65 - RETTE DI RICOVERO RESIDENZA ANZIANI S. COLOMBA - SPESE EQUITALIA SERVIZI SPA 
Dati AlboPOP Item
PROGETTO EUROPEO LIFE SEC ADAPT: PROCEDURA COMPARATIVA PER IL CONFERIMENTO DI INCARICO PROFESSIONALE DI COLLABORAZIONE AUTONOMA PER UN “FINANCIAL EXPERT” PRESSO IL SERVIZIO RISORSE E SVILUPPO/U.O AMBIENTE; NOMINA COMMISSIONE GIUDICATRICE.
Dati AlboPOP Item
APPELLO PROT. N° 0113934/2016 (R.G.A. N. 2056/16) AVANTI LA COMMISSIONE TRIBUTARIA REGIONALE DI ANCONA PROMOSSO DA D.P., D.F., D.D., P.B, L.P., M.T., - COSTITUZIONE PER LA RESISTENZA IN APPELLO
Dati AlboPOP Item
RICORSO PROT. N° 0019034/2017 (R.G.R. N. 184/17) AVANTI LA COMMISSIONE TRIBUTARIA PROVINCIALE DI PESARO PROMOSSO DALLA DITTA B.D.SRL - COSTITUZIONE PER LA RESISTENZA IN GIUDIZIO
Dati AlboPOP Item
PUBBLICAZIONE DI COLOCCI NICOLAS E CECCONI GIORGIA
Dati AlboPOP Item
VENTURI ROBERTO - VIA PODGORA N. 7 - PROVVEDIMENTI VARI DI MODIFICA ALLA VIABILITA' ORDINARIA - DISCIPLINA DELLA CIRCOLAZIONE E DELLA SOSTA DEI VEICOLI.
Dati AlboPOP Item
IMMOBILIARE MAGNANINI E BUFFETTI - VIA B. BUOZZI - PROVVEDIMENTI VARI DI MODIFICA ALLA VIABILITA' ORDINARIA - DISCIPLINA DELLA CIRCOLAZIONE E DELLA SOSTA DEI VEICOLI.
Dati AlboPOP Item
IMMOBILIARE MAGNANINI E BUFFETTI SRL - VIALE B. BUOZZI - PROVVEDIMENTI VARI DI MODIFICA ALLA VIABILITA' ORDINARIA - DISCIPLINA DELLA CIRCOLAZIONE E DELLA SOSTA DEI VEICOLI.
Dati AlboPOP Item
SERVIZIO MANUTENZIONI - DITTA GALEAZZI SRLS - PULIZIA ALVEO TORRENTE GENICA E DEL FOSSO BADIA - DISCIPLINA DELLA CIRCOLAZIONE E DELLA SOSTA DEI VEICOLI. 
Dati AlboPOP Item
AREA OPERATIVITA' SERVIZIO MANUTENZIONI VIABILITA' - PER MMS - INTEGRAZIONE ORD. 777/17 - DISCIPLINA DELLA CIRCOLAZIONE E DELLA SOSTA DEI VEICOLI.
Dati AlboPOP Item
SERVIZIO MANUTENZIONI - VIA BADO' - ALLACCIO FOGNARIO - DISCIPLINA DELLA CIRCOLAZIONE E DELLA SOSTA DEI VEICOLI.
Dati AlboPOP Item
VERA EDIL SRLS - VIA AGOSTINI - PROVVEDIMENTI VARI DI MODIFICA ALLA VIABILITA' ORDINARIA - DISCIPLINA DELLA CIRCOLAZIONE E DELLA SOSTA DEI VEICOLI.
Dati AlboPOP Item
SERVIZIO MANUTENZIONI - VIA FORNACE MANCINI - ALLACCIO FOGNARIO - DISCIPLINA DELLA CIRCOLAZIONE E DELLA SOSTA DEI VEICOLI.
Dati AlboPOP Item
RIMINI GRU SRL DI FERRI & C. - VIA SOLFERINO - PROVVEDIMENTI VARI DI MODIFICA ALLA VIABILITA' ORDINARIA - DISCIPLINA DELLA CIRCOLAZIONE E DELLA SOSTA DEI VEICOLI.
Dati AlboPOP Item
SAPIL SRL - VIA MONTI N. 7/9 - PROVVEDIMENTI VARI DI MODIFICA ALLA VIABILITA' ORDINARIA - DISCIPLINA DELLA CIRCOLAZIONE E DELLA SOSTA DEI VEICOLI.
Dati AlboPOP Item
U.O. TURISMO PER X-FACTOR - VIALE TRIESTE - PROVVEDIMENTI VARI DI MODIFICA ALLA VIABILITA' ORDINARIA - DISCIPLINA DELLA CIRCOLAZIONE E DELLA SOSTA DEI VEICOLI.
Dati AlboPOP Item
IMPRESA EDILE MERCOLINI M. & TORELLI F. SNC - VIA FAGGI N. 47 E IN ANGOLO A VIA GAI - PROVVEDIMENTI VARI DI MODIFICA ALLA VIABILITA' ORDINARIA - DISCIPLINA DELLA CIRCOLAZIONE E DELLA SOSTA DEI VEICOLI.
Dati AlboPOP Item
53^ MOSTRA INTERNAZIONALE DEL NUOVO CINEMA - PROVVEDIMENTI VARI DI MODIFICA ALLA VIABILITA' ORDINARIA - DISCIPLINA DELLA CIRCOLAZIONE E DELLA SOSTA DEI VEICOLI.
Dati AlboPOP Item
IMPEGNO PER FRANCHIGIA ASSICURATIVA SINISTRO CONTROPARTE S.N. A FAVORE DI AIG EUROPE LIMITED
Dati AlboPOP Item
RICORSO AVVERSO ORDINANZA DI INGIUNZIONE EMESSA A SEGUITO DI RICORSO EX ART. 18 L.689/81 DALLA POLIZIA MUNICIPALE DI PIAN DEL BRUSCOLO, RESISTENZA IN GIUDIZIO AVANTI IL GIUDICE DI PACE DI PESARO, UDIENZA DEL 04/07/2017, R.G. 622/2017
Dati AlboPOP Item
CESSIONE IN DIRITTO DI PROPRIETA' DI AREA PEEP GIA' CONCESSA IN DIRITTO DI SUPERFICIE AI SIG.RI DRUDA GIACOMO E DRUDA DAVIDE DA PIU’ DI 20 (VENTI) ANNI DALLA STIPULA DELLA CONVENZIONE ORIGINARIA - LEGGE N. 448/98 ART. 31, COMMA 45 E S.S.
Dati AlboPOP Item
DIRIGENTE DOTT. GIANNI LUCA MARCO GALDENZI – CONFERIMENTO INCARICO DI VICESEGRETARIO. 
Dati AlboPOP Item
DR.SSA PAOLA NONNI : INCARICO DI RESPONSABILE DELLA PREVENZIONE DELLA CORRUZIONE E RESPONSABILE DELLA TRASPARENZA.
Dati AlboPOP Item
MOSTRA “LA DEVOTA BELLEZZA. IL SASSOFERRATO CON I DISEGNI DELLA COLLEZIONE REALE BRITANNICA” SASSOFERRATO, PALAZZO DEGLI SCALZI - 17 GIUGNO – 5 NOVEMBRE 2017, PRESTITO TEMPORANEO DI N. 1 (UNA) OPERA D’ARTE DI PROPRIETÀ DEL COMUNE DI PESARO, CONSERVATA NEI MUSEI CIVICI DI PESARO 
Dati AlboPOP Item
AFFIDAMENTO DELLA GESTIONE DEL PROGETTO HOME CARE PREMIUM ASSISTENZA DOMICILIARE - HCP 2017 – PER IL PERIODO 01/07/2017 – 31/12/2018 – CIG N. 7070444AF5 NOMINA COMMISSIONE DI GARA
Dati AlboPOP Item
PUBBLICAZIONI DI MATRIMONIO DI MONTEBELLI VINCENZO E CORBU SVETLANA
Dati AlboPOP Item
SABATTINI COSTRUZIONI SRL - VIA VIRGILIO N. 27 - PROVVEDIMENTI VARI DI MODIFICA ALLA VIABILITA' ORDINARIA - DISCIPLINA DELLA CIRCOLAZIONE E DELLA SOSTA DEI VEICOLI.
Dati AlboPOP Item
TRE B DI BIANCHI & C. - VIA DE GASPERI N. 56 - PROVVEDIMENTI VARI DI MODIFICA ALLA VIABILITA' ORDINARIA - DISCIPLINA DELLA CIRCOLAZIONE E DELLA SOSTA DEI VEICOLI.
Dati AlboPOP Item
OMNIA TRASLOCHI DI LIVERANI ROBERTO & C. SNC - CORSO UNDICI SETTEMBRE DAL N. 128 AL N. 136 - PROVVEDIMENTI VARI DI MODIFICA ALLA VIABILITA' ORDINARIA - DISCIPLINA DELLA CIRCOLAZIONE E DELLA SOSTA DEI VEICOLI.
Dati AlboPOP Item
NEFA SRL - VIA SCARONI N. 3 - PROVVEDIMENTI VARI DI MODIFICA ALLA VIABILITA' ORDINARIA - DISCIPLINA DELLA CIRCOLAZIONE E DELLA SOSTA DEI VEICOLI.
Dati AlboPOP Item
SERVIZIO SICUREZZA - VIA MAZZINI CHIESA SAN GIOVANNI - PROVVEDIMENTI VARI DI MODIFICA ALLA VIABILITA' ORDINARIA - DISCIPLINA DELLA CIRCOLAZIONE E DELLA SOSTA DEI VEICOLI.
Dati AlboPOP Item
MARESCALCHI STEFANO - VIA ABBA N. 9 - PROVVEDIMENTI VARI DI MODIFICA ALLA VIABILITA' ORDINARIA - DISCIPLINA DELLA CIRCOLAZIONE E DELLA SOSTA DEI VEICOLI.
Dati AlboPOP Item
FRANCA GIUSEPPE SRL - PIAZZA DEL POPOLO N. 19 - PROVVEDIMENTI VARI DI MODIFICA ALLA VIABILITA' ORDINARIA - DISCIPLINA DELLA CIRCOLAZIONE E DELLA SOSTA DEI VEICOLI.
Dati AlboPOP Item
U.O. TURISMO PER PESAROFESTE SRL - PROROGA - PROVVEDIMENTI VARI DI MODIFICA ALLA VIABILITA' ORDINARIA - DISCIPLINA DELLA CIRCOLAZIONE E DELLA SOSTA DEI VEICOLI.
Dati AlboPOP Item
U.O. TURISMO - INTEGRAZIONE ORD. 783/17 - PROVVEDIMENTI VARI DI MODIFICA ALLA VIABILITA' ORDINARIA - DISCIPLINA DELLA CIRCOLAZIONE E DELLA SOSTA DEI VEICOLI.
Dati AlboPOP Item
DI CECCHI HOLDING SRL - VIA MARSALA N. 28 - PROVVEDIMENTI VARI DI MODIFICA ALLA VIABILITA' ORDINARIA - DISCIPLINA DELLA CIRCOLAZIONE E DELLA SOSTA DEI VEICOLI.
Dati AlboPOP Item
COSTRUZIONI F.LLI PAGNINI SNC - ALTERNATIVAMENTE IN VIALE BATTISTI N. 49 E IN VIALE VERDI N. 67 - PROVVEDIMENTI VARI DI MODIFICA ALLA VIABILITA' ORDINARIA - DISCIPLINA DELLA CIRCOLAZIONE E DELLA SOSTA DEI VEICOLI.
Dati AlboPOP Item
AVVISO PUBBLICO PER ACQUISIZIONE MANIFESTAZIONE D'INTERESSE PER RIQUALIFICAZIONE DELL'IMPIANTO SPORTIVO DI CALCIO SITO IN PESARO IN VIA GARRONE S.N.
Dati AlboPOP Item
SERVIZIO DI CUSTODIA PAD. D DEL QUARTIERE FIERISTICO DI CAMPANARA FINO AL 30.06.2017
Dati AlboPOP Item
LOCAZIONE PALESTRA DI VIA LONDRA
Dati AlboPOP Item
PUBBLICAZIONE DI MATRIMONIO DI PENNACCHIO NICOLA E AFRATELLANZA MARIA TERESA
Dati AlboPOP Item
PUBBLICAZIONI DI MATRIMONIO DI POLEI RICCARDO E LANTIERI VALENTINA
Dati AlboPOP Item
RIMBORSO IMPORTO DI DUE MARCHE DA BOLLO PAGATE ERRONEAMENTE, SU C/C BANCARIO INTESTATO A COMUNE DI PESARO, DAL SIGNOR BETTI MAURIZIO.
Dati AlboPOP Item
AFFIDAMENTO DELLA FORNITURA DI BOMBOLE GPL PER L’UTILIZZO IN EDILIZIA PER EFFETTUARE INTERVENTI MINUTI ED URGENTI NONCHÉ A GUASTO, ESEGUITI IN AMMINISTRAZIONE DIRETTA, ALLA DITTA PESARO BOMBOLE DI RENATO BRUNETTI CON SEDE IN PESARO IN VIA PANTANO 117/1: IMPORTO € 500,00 - IVA AL 22% COMPRESA
Dati AlboPOP Item
MANUTENZIONE ALL’IMPIANTO DI CONDIZIONAMENTO DELLA SEDE DELLA CIRCOSCRIZIONE DI MURAGLIA IN VIA PETRARCA: AFFIDAMENTO LAVORI ALLA DITTA BRANCHESI MARCELLO CON SEDE A MONTECALVO IN FOGLIA IN VIA FELTRESCA, 3, LOCALITÀ BORGO MASSANO PER UN IMPORTO DI € 1.464,00 IVA AL 22% COMPRESA.
Dati AlboPOP Item
FORNITURA DI SEGNALI STRADALI VERTICALI MEDIANTE ACQUISTO SUL MERCATO ELETTRONICO (MEPA) PER LAVORI DA ESEGUIRE IN AMMINISTRAZIONE DIRETTA. DITTA LAZZARI SRL.
Dati AlboPOP Item
COMPARTECIPAZIONE ALLE SPESE PER MANUTENZIONE ORDINARIA DI STRADE VICINALI DI USO PUBBLICO. ASSUNZIONE IMPEGNO DI SPESA PER TRATTO DI STRADA VICINALE DETTA “DEL CASALETTO” ORA DENOMINATA STARADA DI CASALE LOCALITA' CANDELARA”.
Dati AlboPOP Item
GESTIONE TECNICO OPERATIVA DEL TRATTAMENTO DELLE ACQUE REFLUE DEL CANILE COMUNALE. ANNUALITA' 2017 AFFIDAMENTO ALLA DITTA ASSUNZIONE IMPEGNO DI SPESA.
Dati AlboPOP Item
SERVIZIO DI TRASPORTO PUBBLICO LOCALE URBANO. ACCERTAMENTO ENTRATA MESE APRILE 2017. 
Dati AlboPOP Item
GESTIONE TECNICO OPERATIVA ACQUE REFLUE MERCATO ITTICO E ORTOFRUTTICOLO. ANNUALITA' 2017 AFFIDAMENTO ALLA DITTA. ASSUNZIONE IMPEGNO DI SPESA
Dati AlboPOP Item
DIRIGENTE ARCH. NARDO GOFFI – CONFERIMENTO INCARICO DI DIRETTORE AREA “OPERATIVITÀ” E DI RESPONSABILE DEL SERVIZIO PIANIFICAZIONE URBANISTICA.
Dati AlboPOP Item
DIRIGENTE DOTT. VALTER CHIANI – CONFERIMENTO INCARICO DI RESPONSABILE DEL SERVIZIO POLITICHE EDUCATIVE NONCHÉ DELL’AFFIDAMENTO DELLE FUNZIONI DI DIREZIONE DI CUI ALL’ART. 107 DEL TUEL PER L'AMBITO TERRITORIALE SOCIALE N. 1 DI PESARO. 
Dati AlboPOP Item
DIRIGENTE ARCH. GUGLIELMO DOMENICO CARNAROLI – CONFERIMENTO INCARICO DI RESPONSABILE DEL SERVIZIO EDILIZIA PRIVATA.
Dati AlboPOP Item
DIRIGENTE DOTT. FRANCO GABELLINI – CONFERIMENTO INCARICO DI RESPONSABILE DEL SERVIZIO DEMOGRAFICI E PARTECIPAZIONE
Dati AlboPOP Item
DIRIGENTE ARCH. EROS GIRALDI – CONFERIMENTO INCARICO DI RESPONSABILE DEL SERVIZIO NUOVE OPERE E VIABILITÀ E DEL SERVIZIO MANUTENZIONI 
Dati AlboPOP Item
DIRIGENTE DOTT.SSA PAOLA NONNI – ATTRIBUZIONE DELL’INCARICO DI DIRETTORE DELL’AREA “BENESSERE” E DI RESPONSABILE DEL SERVIZIO CULTURA E PROMOZIONE DEL TERRITORIO NONCHÉ DELL’AFFIDAMENTO DELLE FUNZIONI DI DIREZIONE DI CUI ALL’ART. 107 DEL D.LGS.267/2000 PER IL GABINETTO DEL SINDACO, PER LA P.O. STAMPA, IMMAGINE E COMUNICAZIONE E PER LA U.O. SVILUPPO E OPPORTUNITÀ;
Dati AlboPOP Item
DIRIGENTE DOTT. GIANNI LUCA MARCO GALDENZI – CONFERIMENTO INCARICO DI RESPONSABILE DEL SERVIZIO POLIZIA MUNICIPALE. 
Dati AlboPOP Item
SEGRETARIO GENERALE DOTT. GIOVANNI MONTACCINI – CONFERIMENTO INCARICO DI RESPONSABILE DEL SERVIZIO AMMINISTRAZIONE E RISORSE E DELLE FUNZIONI DI DIREZIONE DI CUI ALL’ART. 107 TUEL PER LE ATTIVITÀ DI GESTIONE AMMINISTRATIVA, FINANZIARIA E DI PERSONALE DELL’AVVOCATURA COMUNALE
Dati AlboPOP Item
DIRIGENTE DOTT.SSA MIRELLA SIMONCELLI – CONFERIMENTO INCARICO DI RESPONSABILE DEL SERVIZIO POLITICHE SOCIALI
Dati AlboPOP Item
DIRIGENTE DOTT.SSA FRANCESCA MARIA SPERANZINI – CONFERIMENTO INCARICO DI DIRETTORE DELL’AREA “GESTIONE” E RESPONSABILE DEL SERVIZIO FINANZIARIO. 
Dati AlboPOP Item
DIRIGENTE ING. STEFANO GIOACCHINI – CONFERIMENTO INCARICO DI RESPONSABILE DEL SERVIZIO SICUREZZA E AMBIENTE 
Dati AlboPOP Item
RICHIESTA DI AVVIAMENTO A SELEZIONE AI SENSI DELL’ART.16 LEGGE 56/87 E SUCCESSIVE INTEGRAZIONI E MODIFICAZIONI- RETTIFICA
Dati AlboPOP Item
U.O. ATTIVITA' ECONOMICHE - VIA CAVOUR - " STREET FOOD " - INTEGRAZIONE - PROVVEDIMENTI VARI DI MODIFICA ALLA VIABILITA' ORDINARIA . DISCIPLINA DELLA CIRCOLAZIONE E DELLA SOSTA DEI VEICOLI.
Dati AlboPOP Item
TONELLI MAURIZIO - VIA TORRICELLI N. 15 - PROROGA - PROVVEDIMENTI VARI DI MODIFICA ALLA VIABILITA' ORDINARIA - DISCIPLINA DELLA CIRCOLAZIONE E DELLA SOSTA DEI VEICOLI.
Dati AlboPOP Item
CECCARINI MARINO - LARGO MADONNA DI LORETO - PROVVEDIMENTI VARI DI MODIFICA ALLA VIABILITA' ORDINARIA - DISCIPLINA DELLA CIRCOLAZIONE E DELLA SOSTA DEI VEICOLI.
Dati AlboPOP Item
AREA DINAMICHE URBANE SERVIZIO VIABILITA' E TRAFFICO PER MARCHE MULTISERVIZI SPA - VIA SALVATORI, VIA CORRENTI, VIA NEGRELLI, VIA KENNEDY, VIA MEUCCI - ALLACCI RETE IDRICA E GAS - DISCIPLINA DELLA CIRCOLAZIONE E DELLA SOSTA DEI VEICOLI.
Dati AlboPOP Item
U.O. TURISMO - EVENTO DI ACCOGLIENZA TURISTICA DENOMINATO GRAND FESTIVAL - DEROGA AL DIVIETO DI TRANSITO E SOSTA IN ZTL/APU - DISCIPLINA DELLA CIRCOLAZIONE E DELLA SOSTA DEI VEICOLI.
Dati AlboPOP Item
SERVIZIO VIABILITA' E TRAFFICO - VIALE DELLA REPUBBLICA - AUTOBUS ESTIVI - PROVVEDIMENTI VARI DI MODIFICA ALLA VIABILITA' ORDINARIA - DISCIPLINA DELLA CIRCOLAZIONE E DELLA SOSTA DEI VEICOLI.
Dati AlboPOP Item
DE ANGELIS BRUNO & FIGLI SRL - VIALE CIALDINI. VIA FOSCOLO - PROVVEDIMENTI VARI DI MODIFICA ALLA VIABILITA' ORDINARIA - DISCIPLINA DELLA CIRCOLAZIONE E DELLA SOSTA DEI VEICOLI.
Dati AlboPOP Item
PERUZZINI GABRIELE - PIAZZA DEL POPOLO - PROVVEDIMENTI VARI DI MODIFICA ALLA VIABILITA' ORDINARIA - DISCIPLINA DELLA CIRCOLAZIONE E DELLA SOSTA DEI VEICOLI.
Dati AlboPOP Item
U.O. TURISMO - PESARO FESTE SRL - MONTAGGIO PALCO PIAZZA DEL POPOLO - DISCIPLINA DELLA CIRCOLAZIONE E DELLA SOSTA DEI VEICOLI.
Dati AlboPOP Item
U.O. ATTIVITA' ECONOMICHE - VIA MAZZOLARI, VIA V. TOSCHI MOSCA - MANIFESTAZIONE " SAN PIETRINO SUMMER STREET 2017 - DISCIPLINA DELLA CIRCOLAZIONE E DELLA SOSTA DEI VEICOLI
Dati AlboPOP Item
SITE SPA - VARIE VIE - PROVVEDIMENTI VARI DI MODIFICA ALLA VIABILITA' ORDINARIA - DISCIPLINA DELLA CIRCOLAZIONE E DELLA SOSTA DEI VEICOLI.
Dati AlboPOP Item
LA. SCO. SRL - VIA RIGHI N. 14 - PROVVEDIMENTI VARI DI MODIFICA ALLA VIABILITA' ORDINARIA - DISCIPLINA DELLA CIRCOLAZIONE E DELLA SOSTA DEI VEICOLI.
Dati AlboPOP Item
C.L.A.T. COOP LAVORATORI AUSILIARI DEI TRASPORTI A R.L. - VIA D'AZEGLIO N. 3, 5 - PROVVEDIMENTI VARI DI MODIFICA ALLA VIABILITA' ORDINARIA - DISCIPLINA DELLA CIRCOLAZIONE E DELLA SOSTA DEI VEICOLI.
Dati AlboPOP Item
CECCARINI MARINO - VIA UNDICI FEBBRAIO N. 29 - PROROGA - PROVVEDIMENTI VARI DI MODIFICA ALLA VIABILITA' ORDINARIA - DISCIPLINA DELLA CIRCOLAZIONE E DELLA SOSTA DEI VEICOLI.
Dati AlboPOP Item
GUERRA SRL - CORSO UNDICI SETTEMBRE N. 83 - PROVVEDIMENTI VARI DI MODIFICA ALLA VIABILITA' ORDINARIA - DISCIPLINA DELLA CIRCOLAZIONE E DELLA SOSTA DEI VEICOLI.
Dati AlboPOP Item
SERVIZIO VIABILITÀ E TRAFFICO PER SERAFINI FRANCO - VIA HERMADA N. 29 - PROVVEDIMENTI VARI DI MODIFICA ALLA VIABILITA' ORDINARIA - DISCIPLINA DELLA CIRCOLAZIONE E DELLA SOSTA DEI VEICOLI.
Dati AlboPOP Item
QUARTIERE 4 “VILLA FASTIGGI-VILLA CECCOLINI” - PIAZZA LOMBARDINI - PROVVEDIMENTI VARI DI MODIFICA ALLA VIABILITA' ORDINARIA - DISCIPLINA DELLA CIRCOLAZIONE E DELLA SOSTA DEI VEICOLI.
Dati AlboPOP Item
RENDICONTAZIONE CONTABILITA' RELATIVA AI PAGAMENTI EFFETTUATI NEL MESE DI APRILE 2017 DAL TESORIERE COMUNALE SU ORDINAZIONI DELLA U.O. ECONOMATO.
Dati AlboPOP Item
ACQUISTO PANNOLINI MUTANDINA PER NIDI INFANZIA COMUNALI 
Dati AlboPOP Item
STAMPA PROGRAMMA ESTIVO 2017
Dati AlboPOP Item
RSS Creato
Pubblicazione GitHUB
