25/08/2020 16:06:34
Citta 
Limbiate
Recupero dati della Città
Dati recuperati correttamente
Download pagina
Creazione Feed
Inserimento dati AlboPOP
INTERVENTO DI MANUTENZIONE STRAORDINARIA DEGLI INFISSI DEL PALAZZO MUNICIPALE CONSISTENTE NELLA SOSTITUZIONE DELLE PELLICOLE RIFRANGENTI AFFIDATO ALLA SOCIETÀ SERISOLAR MILANO S.R.L. – CIG Z2F2B67F43 - CUP E89H19000520004: APPROVAZIONE CERTIFICATO DI REGOLARE ESECUZIONE E CONTESTUALE SVINCOLO DELLA POLIZZA FIDEJUSSORIA. 
Dati AlboPOP Item
SERVIZIO DI MANUTENZIONE ORDINARIA E STRAORDINARIA ED ASSISTENZA SISTEMA ANTINTRUSIONE INSTALLATI IN TUTTI PRESIDI DI PROPRIETA’ COMUNALE PER IL TRIENNIO AGOSTO 2020-LUGLIO 2023. CIG ZF12E08354. DETERMINAZIONE A CONTRARRE. 
Dati AlboPOP Item
 ORDINANZA N°141 NUOVA DISCIPLINA DELLA CIRCOLAZIONE STRADALE- ISTITUZIONE DI SENSO UNICO DI MARCIA IN VIA VALCAMONICA E NUOVO PERCORSO PEDONALE. 
Dati AlboPOP Item
REALIZZAZIONE IMPIANTO ANTINTRUSIONE PRESSO L'IMMOBILE DI VIA M.TE GRAPPA 21 (EX AFOL). IMPEGNO DI SPESA. DETERMINAZIONE A CONTRARRE. AFFIDAMENTO DIRETTO ALLA DITTA ITAL.CO.EL SRL AI SENSI DELL'ART. 36, COMMA 2, LETTERA A) DEL D. LGS. N. 50/2016 E S.M.I. - CIG ZA12E07E6F 
Dati AlboPOP Item
ORDINANZA N°142 CANTIERE STRADALE – PROVVEDIMENTI VIABILISTICI – ISTITUZIONE TEMPORANEA DI SENSO UNICO ALTERNATO ALL'ALTEZZA DELLE ROTATORIE SITE IN VIA MONTE BIANCO/CASATI/MONTE GENEROSO ED IN PIAZZA 5 GIORNATE, DAL 26 AGOSTO 2020, DALLE ORE 07.00 ALLE ORE 18.00 E FINO AL TERMINE DEI LAVORI. 
Dati AlboPOP Item
ORDINANZA N.140 ISTITUZIONE DI SEGNALETICA STRADALE VERTICALE CON POSIZIONAMENTO DI RALLENTATORI DI VELOCITÀ IN DIVERSE VIE CITTADINE E DI LIMITE DI VELOCITÀ DI 30KM. 
Dati AlboPOP Item
AUDITORIUM DI VIA CARTESIO: APPROVAZIONE CONVENZIONE PER SERVIZIO AUSILIARIO DI APERTURA E CHIUSURA 
Dati AlboPOP Item
REFERENDUM COSTITUZIONALE “MODIFICHE AGLI ARTICOLI 56, 57 E 59 DELLA COSTITUZIONE IN MATERIA DI RIDUZIONE DEL NUMERO DEI PARLAMENTARI” DEL 20 E 21 SETTEMBRE 2020. ASSEGNAZIONE DEGLI SPAZI RISERVATI ALLA PROPAGANDA ELETTORALE. 
Dati AlboPOP Item
REFERENDUM COSTITUZIONALE “MODIFICHE AGLI ARTICOLI 56, 57 E 59 DELLA COSTITUZIONE IN MATERIA DI RIDUZIONE DEL NUMERO DEI PARLAMENTARI” DEL 20 E 21 SETTEMBRE 2020. INDIVIDUAZIONE DEGLI SPAZI RISERVATI ALLA PROPAGANDA ELETTORALE. 
Dati AlboPOP Item
APPOVAZIONE PARTECIPAZIONE AL PROGETTO "ATTIVITÀ DI PREVENZIONE E CONTRASTO ALLO SPACCIO DI SOSTANZE STUPEFACENTI NEI PRESSI DEGLI ISTITUTI SCOLASTICI "SCUOLE SICURE" 2020/2021. 
Dati AlboPOP Item
RICORSO IN APPELLO AVANTI LA COMMISSIONE TRIBUTARIA REGIONALE DI MILANO – IMU 2015-2016 N. 70968-71061-71279-71386-71204-71163/2018 (ACQUISITO AGLI ATTI DELL'ENTE CON PROT. N. 43874 DEL 29/07/2020). COSTITUZIONE IN GIUDIZIO. 
Dati AlboPOP Item
DOTT.SSA CARONNO MARIA GRAZIA PASSAGGIO DIRETTO ALL'AGENZIA DELLE DOGANE E DEI MONOPOLI. 
Dati AlboPOP Item
COLLABORAZIONE CON ASSOCIAZIONE VARIOPINTO ONLUS PER INIZIATIVA CULTURALE DENOMINATA “25 ANNI INSIEME”. 
Dati AlboPOP Item
AVVIO PROCEDURA ASSEGNAZIONE PALESTRE COMUNALI 
Dati AlboPOP Item
REALIZZAZIONE DI UN IMPIANTO SEMAFORICO A CHIAMATA ALL'INTERSEZIONE DELLA PISTA CICLOPEDONALE VILLORESI CON LA VIA XX SETTEMBRE: AFFIDAMENTO DIRETTO PER LA FORNITURA DEL MATERIALE NECESSARIO E RELATIVA POSA MEDIANTE RICHIESTA DI OFFERTA (RDO) SU PIATTAFORMA SINTEL-ARIA DI REGIONE LOMBARDIA ALLA SOCIETA' S.C.A.E. S.P.A.. DETERMINAZIONE A CONTRARRE: APPROVAZIONE ELABORTI DI GARA E IMPEGNO DI SPESA – CIG Z802DFE082. 
Dati AlboPOP Item
INTEGRAZIONE RETTA PER PROGETTUALITA' ALTERNATIVA A SEGUITO EMERGENZA COVID19 A FAVORE DI UN UTENTE COLLOCATO PRESSO CSS DI BOLLATE GESTITA DA UNIVERSIIS SOC. COOP. SOCIALE - IMPEGNO DI SPESA E LIQUIDAZIONE PER IL PERIODO DA FEBBRAIO A GIUGNO 2020. 
Dati AlboPOP Item
POSTA CERTIFICATA: TRASMISSIONE NOTA PROT.N. 9335 DEL 10.08.2020 (6) 
Dati AlboPOP Item
AVVISO DI MESSA A DISPOSIZIONE DEL RAPPORTO PRELIMINARE E CONVOCAZIONE DELLA CONFERENZA DI VERIFICA DI ASSOGGETTABILITA' ALLA VALUTAZIONE AMBIENTALE STRATEGICA (VAS) ALLA VARIANTE AL PIANO DI GOVERNO EL TERRITORIO (PGT) - PIANO DELLE REGOLE, PIANO DEI SERVIZI, STUDIO GEOLOGICO 
Dati AlboPOP Item
AVVISO DI MANIFESTAZIONE DI INTERESSE RIVOLTO A SOGGETTI IDONEI IN GRADUATORIE DI CONCORSI PUBBLICI ESPLETATI DA ALTRE AMMINISTRAZIONI PUBBLICHE IN CORSO DI VALIDITÀ, PER LA COPERTURA A TEMPO INDETERMINATO E PIENO DI UN POSTO DI “SPECIALISTA TECNICO” PRESSO IL SETTORE TERRITORIO - (CATEGORIA GIURIDICA ED ECONOMICA D1) – NOMINA ED ASSUNZIONE IN SERVIZIO DEL DOTT. GENTILE MASSIMO. 
Dati AlboPOP Item
AFFIDAMENTO DEL SERVIZIO DI MANUTENZIONE E ASSISTENZA SOFTWARE, SUI PACCHETTI APPLICATIVI PROPRIETARI DELLA SOCIETÀ MAGGIOLI S.P.A. PER GLI ANNI 2020, 2021 E 2022. CIG 83861906E9 
Dati AlboPOP Item
REALIZZAZIONE PRODOTTO EDITORIALE SUI BENI CULTURALI LOCALI – ACQUISTO SERVIZIO. 
Dati AlboPOP Item
EROGAZIONE DI TICKET ALIMENTARI A FAVORE DI PERSONE DIVERSE 
Dati AlboPOP Item
EROGAZIONE CONTRIBUTI A FAVORE DI PERSONE DIVERSE. IMPEGNO DI SPESA E LIQUIDAZIONE 
Dati AlboPOP Item
SERVIZIO DI MANUTENZIONE ORDINARIA DELLA SEGNALETICA STRADALE NON LUMINOSA PER IL TRIENNIO 2017/2020 AFFIDATO ALLA SOCIETÀ ONGARO S.R.L. – CIG 721104241B: APPROVAZIONE CERTIFICATO DI REGOLARE ESECUZIONE E SVINCOLO POLIZZA FIDEJUSSORIA. 
Dati AlboPOP Item
EROGAZIONE BORSE DI STUDIO PREVISTE DAL BANDO PUBBLICATO CON DETERMINAZIONE N. 611 DEL 07/07/2019 
Dati AlboPOP Item
RSS Creato
Pubblicazione GitHUB
