23/01/2018 18:31:59
Citta 
Isernia
Recupero dati della Città
Dati recuperati correttamente
Download pagina
Creazione Feed
Inserimento dati AlboPOP
ATTO DI LIQUIDAZIONE DI SPESA per Pagamento gas naturale sala espositiva Ditta ESTRA ENERGIE SPA- CIG: 697978197C – Periodo: NOVEMBRE 2017 
Dati AlboPOP Item
ATTO DI LIQUIDAZIONE DI SPESA per fornitura pasti alle scuole sedi di mensa scolastica. Ditta Consorzio Nazionale Servizi (Bo).PERIODO: DICEMBRE 2017- CIG 0138424717- 
Dati AlboPOP Item
ATTO DI LIQUIDAZIONE DI SPESA per Pagamento utenza gas naturale “ Casa dello Studente” DITTA ESTRA ENERGIE SPA- CIG: 697978197C –Periodo: NOVEMBRE 2017 
Dati AlboPOP Item
Liquidazione di spesa per realizzazione mostra documentaria - ditta: Volturnia edizioni - rif. Delibera di G.C. n. 55/2017 
Dati AlboPOP Item
Liquidazione di spesa per stampa volume - ditta: Volturnia edizioni - rif. Delibera di G.C. n. 55/2017 
Dati AlboPOP Item
ATTO DI LIQUIDAZIONE di spesa per Pagamento utenza ENERGIA ELETTRICA scuole elementari. PERIODO febbraio 2014-marzo 2015 DITTA EDISON . 
Dati AlboPOP Item
ATTO DI LIQUIDAZIONE di spesa per Pagamento utenza ENERGIA ELETTRICA scuole elementari. PERIODO dicembre 2017 DITTA ENEL ENERGIA CIG: 6975495891. 
Dati AlboPOP Item
ATTO DI LIQUIDAZIONE DI SPESA Per pagamento utenza gas naturale scuola media “Giovanni 23°”-DITTA ESTRA ENERGIE SPA- CIG: 697978197C- periodo: novembre 2017 
Dati AlboPOP Item
ATTO DI LIQUIDAZIONE DI SPESA -Pagamento utenza ENERGIA ELETTRICA Biblioteca comunale, Museo e AREA ARCHEOLOGICA- Periodo :- dicembre 2017 CIG: 6975495891. 
Dati AlboPOP Item
liquidazione di spesa per utenze metano per l'asilo nido comunale - ditta Estra Energie Srl per il mese di Novembre 2017- CIG 697978197C. 
Dati AlboPOP Item
ATTO DI LIQUIDAZIONE DI SPESA Per pagamento utenza gas naturale scuole elementari -DITTA ESTRA ENERGIE SPA- CIG: 697978197C- Periodo: novembre 2017 
Dati AlboPOP Item
CONVOCAZIONE II^ COMMISSIONE CONSILIARE PER IL 25 GENNAIO 2017 
Dati AlboPOP Item
ATTO DI LIQUIDAZIONE DI SPESA Per pagamento utenza gas naturale scuola materna –DITTA ESTRA ENERGIE SPA- CIG: 697978197C - NOVEMBRE 2017 
Dati AlboPOP Item
Determina dirigenziale n.154/2015- Affidamento Servizio di manutenzione antincendio. Ditta Antincendio Molise di Caperchione Giuseppe & C. con sede in C.da Macchie n.97/A –Campobasso P.Iva 01559100704.Liquidazione fattura n.72/01 del 08.05.2017-Servizio di manutenzione antincendio degli edifici e strutture comunali 2°Semestre 2016. (Luglio/Dicembre ) CIG ZBD1A5CCF1 . 
Dati AlboPOP Item
ATTO DI LIQUIDAZIONE DI SPESA utenza gas naturale BIBLIOTECA E MUSEO CIVICO- DITTA ESTRA ENERGIE SPA- CIG: 697978197C Periodo: novembre 2017 
Dati AlboPOP Item
COLLEGIO DEI REVISORI DEI CONTI - LIQUIDAZIONE COMPENSO PER IL PERIODO 01/10/2017-31/12/2017.- 
Dati AlboPOP Item
PRESA D'ATTO PIGNORAMENTO PRESSO TERZI NEI CONFRONTI DI PERSONALE DIPENDENTE - ACCANTONAMENTO SOMME (Protocollo n° 44687/2017) 
Dati AlboPOP Item
SERVIZIO Idrico Integrato - Impegno di spesa per la fornitura di energia elettrica – Soc. ENEL ENERGIA - P.I. nr. 06655971007 - CIG derivato nr. 6975495891. 
Dati AlboPOP Item
Liquidazione debiti fuori Bilancio 2017 alla Ditta Calabrese S.r.l. 
Dati AlboPOP Item
ATTO DI LIQUIDAZIONE di spesa per Pagamento utenza ENERGIA ELETTRICA sala espositiva – Ditta ENEL ENERGIA – DICEMBRE 2017 CIG: 6975495891 
Dati AlboPOP Item
liquidazione fattura “FATTPA 1_18” n. 1/2-1-2018 da Pedone Antonio 
Dati AlboPOP Item
ATTO DI LIQUIDAZIONE di spesa per Pagamento utenza ENERGIA ELETTRICA“Casa dello Studente” DITTA ENEL ENERGIA- CIG: 6975495891.- PERIODO DICEMBRE 2017 
Dati AlboPOP Item
ELEZIONI DELLA CAMERA DEI DEPUTATI E DEL SENATO DELLA REPUBBLICA DI DOMENICA 4 MARZO 2018 - COSTITUZIONE DELL'UFFICIO ELETTORALE : AUTORIZZAZIONE AL PERSONALE DIPENDENTE A COMPIERE STRAORDINARIO ELETTORALE NEL PERIODO DALL'08/01/2018 AL 31/03/2018 . RETTIFICA. 
Dati AlboPOP Item
PUBBLICAZIONE DI MATRIMONIO DI CARLOMAGNO MICHELE E STEPANENKO IRYNA 
Dati AlboPOP Item
ATTO DI LIQUIDAZIONE DI SPESA- Pagamento utenza ENERGIA ELETTRICA DITTA ENEL ENERGIA scuole medie CIG: 6975495891. - PERIODO : - dicembre 2017 
Dati AlboPOP Item
RSS Creato
Pubblicazione GitHUB
