07/08/2017 12:31:28
Citta 
Mazzano
Recupero dati della Città
Dati recuperati correttamente
Download pagina
Creazione Feed
Inserimento dati AlboPOP
CIG:Z9B1C7A8ED. PROROGA DELL’APPALTO DI MANUTENZIONE ORDINARIA PERIODICA "OPERE DA ELETTRICISTA" FINO AL 31.08.2017
Dati AlboPOP Item
CIG: Z571C81128. PROROGA DELL’APPALTO PER IL SERVIZIO DI MANUTENZIONE IMPIANTI ILLUMINAZIONE PUBBLICA FINO AL 31.12.2017
Dati AlboPOP Item
LIQUIDAZIONE DELLA SPESE DI GIUDIZIO – SENTENZA DEL TRIBUNALE ORDINARIO DI BRESCIA N. 1910/2016 DEL 21.06.2017 - RG N. 745/2013.
Dati AlboPOP Item
DETERMINAZIONE A CONTRATTARE E AFFIDAMENTO DIRETTO, AI SENSI DELL’ART. 32, COMMA 2, DEL D.LGS. 18 APRILE 2016, N. 50 PER L’ACQUISTO DI “N. 27 ARMADI SPOGLIATOIO PER POLIZIA MUNICIPALE” .
Dati AlboPOP Item
IMPEGNO DI SPESA PER LIQUIDAZIONE INDENNITA' A VARI PROPRIETARI DOVUTA PER L'OCCUPAZIONE TEMPORANEA DI AREE NEL CONTESTO DEI LAVORI DI RIPRISTINO DEL TORRENTE MARMOERIA IN LOCALITA’ SAN ZENO – ISTITUTO DIOCESANO PER IL SOSTENTAMENTO DEL CLERO – GUSSAGO CLAUDIO -TENCHELLI GIUSEPPINA
Dati AlboPOP Item
CORSO DI FORMAZIONE E PRATICANTATO DI C.M. (MAT. 56199716) PRESSO L'UFFICIO UNICO INTERCOMUNALE MAZZANO, NUVOLERA, NUVOLENTO – CAVE ED ECOLOGIA. CESSAZIONE INCARICO CON DECORRENZA 22.07.2017
Dati AlboPOP Item
CIG: ZA11EDFE18 - AFFIDAMENTO REALIZZAZIONE DI PLINTI IN CALCESTRUZZO PER CONTRAPPESI DELLA TENSOSTRUTTURA DI PROPRIETÀ DEL COMUNE DI MAZZANO
Dati AlboPOP Item
CUP: J54H16001850004 - CIG: 7101233AD8 LAVORI DI MANUTENZIONE STRAORDINARIA PER IL RIFACIMENTO PARZIALE DEL CONTROSOFFITTO PRESSO LA SCUOLA PRIMARIA DI MAZZANO. APPROVAZIONE DEL VERBALE DI GARA, AGGIUDICAZIONE E IMPEGNO DI SPESA.
Dati AlboPOP Item
AFFIDAMENTO DIRETTO, MEDIANTE ODA SUL MEPA, DEL RINNOVO DELLE LICENZE SOFTWARE DI BACKUP IN DOTAZIONE AI COMUNI DELL'AGGREGAZIONE.
Dati AlboPOP Item
AGGIUDICAZIONE DEL SERVIZIO DI RECUPERO DELLA CARTA DAL TERRITORIO E DELLA CARTA, PLASTICA E LEGNO DALL'ISOLA ECOLOGICA DI CILIVERGHE FINO AL 31.12.2017
Dati AlboPOP Item
CIG. Z6B1E11516.DETERMINAZIONE A CONTRATTARE ED AFFIDAMENTO DEGLI INTERVENTI DI RIPARAZIONE DEL SISTEMA DI POMPAGGIO DEL PERCOLATO PRESSO LA EX DISCARICA DI CILIVERGHE.
Dati AlboPOP Item
OGGETTO: CIG:7118648E27 DETERMINAZIONE A CONTRARRE PER L'INDIZIONE DI PROCEDURA NEGOZIATA AI SENSI ART. 36 COMMA 2 LETT.C PER L’AFFIDAMENTO DELLA MANUTENZIONE ORDINARIA PERIODICA“OPERE DA MURATORE – PERIODO DAL 01/09/2017 AL 31/08/2019”.APPROVAZIONE AVVISO INDAGINE DI MERCATO. 
Dati AlboPOP Item
CUP: J57B14000360005 – CIG: ZB01EC9E3A DETERMINA A CONTRARRE E DI AFFIDAMENTO - INCARICO PER DIREZIONE LAVORI E COORDINATORE DELLA SICUREZZA IN FASE DI ESECUZIONE PER LA REALIZZAZIONE DEL NUOVO POZZO AD USO INNAFFIAMENTO PER I CAMPI DI CALCIO PRESSO IL PALAZZETTO DELLO SPORT DI MAZZANO. 
Dati AlboPOP Item
CIG 7058674A0C AGGIUDICAZIONE DEL SERVIZIO DI MANUTENZIONE ORDINARIA DELLE AREE A VERDE PUBBLICO DEL COMUNE DI MAZZANO NUVOLENTO E NUVOLERA PER IL PERIODO DAL 01.07.2017 AL 31.12.2017
Dati AlboPOP Item
CIG:Z341EB78FB - DETERMINA A CONTRARRE E AFFIDAMENTO DELL'INCARICO PROFESSIONALE PER LA REDAZIONE DEL COLLAUDO STATICO IN CORSO D’OPERA E COLLAUDO TECNICO AMMINISTRATIVO IN CORSO D’OPERA DEI LAVORI DI RECUPERO ED AMPLIAMENTO DELLA SCUOLA PRIMARIA CESARE ABBA DI MOLINETTO 3° LOTTO – PALESTRA E SISTEMAZIONE AREE ESTERNE.
Dati AlboPOP Item
CIG:ZBB1EA0679- DETERMINA A CONTRARRE E AFFIDAMENTO DELL'INCARICO PROFESSIONALE PER LA REDAZIONE DEL COLLAUDO STATICO IN CORSO D’OPERA E COLLAUDO TECNICO AMMINISTRATIVO IN CORSO D’OPERA DEI LAVORI DI REALIZZAZIONE DELLA NUOVA COPERTURA IN LEGNO DELLA SCUOLA PRIMARIA DI CILIVERGHE, VIA MATTEOTTI N. 24.
Dati AlboPOP Item
DETERMINAZIONE A CONTRATTARE PER IL CONFERIMENTO, MEDIANTE AFFIDAMENTO DIRETTO AI SENSI DELL'ARTICOLO 36, COMMA 2, DEL D.LGS. N. 50/2016, DELL'INCARICO PER L'ORGANIZZAZIONE DELLO SPETTACOLO "UN DITO CONTRO I BULLI".
Dati AlboPOP Item
CIG: Z831EB990F - DETERMINA A CONTRARRE ED AFFIDAMENTO DELL'INCARICO PROFESSIONALE PER IL COORDINATORE PER LA SICUREZZA IN FASE DI ESECUZIONE DEI “LAVORI DI RECUPERO ED AMPLIAMENTO DELLA SCUOLA PRIMARIA CESARE ABBA DI MOLINETTO 3° LOTTO – PALESTRA E SISTEMAZIONE AREE ESTERNE.
Dati AlboPOP Item
APPROVAZIONE DEL BANDO PER LA CONCESSIONE DI CONTRIBUTI ORDINARI PER ATTIVITA' A CARATTERE NON CONTINUATIVO RELATIVE ALL'ANNO 2017, AI SENSI DELLE DISPOSIZIONI DI CUI AL CAPO III (ARTT. 17 - 19) DEL REGOLAMENTO COMUNALE PER LA CONCESSIONE DI PATROCINI E CONTRIBUTI ECONOMICI.
Dati AlboPOP Item
DETERMINAZIONE A CONTRATTARE PER L'AFFIDAMENTO DIRETTO, AI SENSI DELL'ARTICOLO 36, COMMA 2, LETT. A), DEL D.LGS. 18/04/2016, N. 50, DELL'APPALTO PER LA FORNITURA DI N. 2 CORONE D’ALLORO – CIG Z241EED862
Dati AlboPOP Item
VERSAMENTO AL COMUNE DI REZZATO DELLA QUOTA ASSOCIATIVA 2017 PER IL SISTEMA BIBLIOTECARIO "BRESCIA EST"
Dati AlboPOP Item
ISCRIZIONE DI N. 3 DIPENDENTI AL CORSO DI FORMAZIONE: "LE PRINCIPALI NOVITA' E CRITICITÀ DEL NUOVO CODICE DEI CONTRATTI E DEL DECRETO CORRETTIVO"
Dati AlboPOP Item
CUP J57B16000080004 – CIG 70682486C4 - LAVORI DI RECUPERO ED AMPLIAMENTO DELLA SCUOLA PRIMARIA CESARE ABBA DI MOLINETTO 3° LOTTO – PALESTRA E SISTEMAZIONE AREE ESTERNE - AGGIUDICAZIONE
Dati AlboPOP Item
ISCRIZIONE DI N. 2 DIPENDENTI AL SEMINARIO DI AGGIORNAMENTO SUL TEMA: "ESAME PRATICO OPERATIVO DEL DECRETO CORRETTIVO DEL CODICE DEI CONTRATTI"
Dati AlboPOP Item
CUP: J54H17000060004 - CIG: 6971254CC7 - LAVORI DI MANUTENZIONE STRAORDINARIA COPERTURA – SOSTITUZIONE COPERTURA ESISTENTE CON NUOVA COPERTURA IN LEGNO - SCUOLA PRIMARIA “AI CADUTI” DI CILIVERGHE DI MAZZANO. APPROVAZIONE VERBALE DI SORTEGGIO DITTE E APPROVAZIONE DEGLI ATTI DA PORRE A BASE DI GARA PER L’ESPLETAMENTO DELLA PROCEDURA NEGOZIATA AI SENSI DELL’ART. 36 COMMA 2 LETT C) D. LGS.50/2016 
Dati AlboPOP Item
RSS Creato
Pubblicazione GitHUB
