Citta Lucca
Download pagina
Creazione Feed
Inserimento dati AlboPOP
PUBBLICAZIONI ANNO 2017 N. 198 DEL SARTO STEFANO BETTI MARIA GRAZIA
Dati AlboPOP Item
ACQUE SERVIZI - AVVISO AI CREDITORI - ULTIMAZIONE LAVORI ATTRAVERSAMENTO FERROVIARIO LINEA PISTOIA-LUCCA, DA REALIZZARSI A MONTECARLO
Dati AlboPOP Item
RASSEGNA MUSICALE "IL SETTECENTO MUSICALE A LUCCA". EROGAZIONE CONTRIBUTO. BENEFICI ECONOMICI (FAMIGLIA N.9).
Dati AlboPOP Item
INTERVENTO N. 50 P.T. 2016/18 – LAVORI PARTECIPATI – ZONA OVEST – RIQUALIFICAZIONE VIALE PUCCINI IV° LOTTO - APPROVAZIONE GARA ED AFFIDAMENTO DEI LAVORI. CUP J66G15000610004 CIG: 7006245845
Dati AlboPOP Item
INIZIATIVA DENOMINATA "EXTRA LUCCA" 2017. EROGAZIONE CONTRIBUTO. BENEFICI ECONOMICI (FAMIGLIA 09)
Dati AlboPOP Item
INIZIATIVA DENOMINATA "CARNEVALFRATTA" 2017. EROGAZIONE CONTRIBUTO. BENEFICI ECONOMICI (FAMIGLIA N.9)
Dati AlboPOP Item
INT. P. T. 56A/17 – RIQUALIFICAZIONE VIA MATTEO CIVITALI LATO EST. AFFIDAMENTO PROGETTAZIONE ESECUTIVA. CUP J61B16000620006 CIG Z471EC919D
Dati AlboPOP Item
U.O.5.1.PROGETTO PIUSS - COMPLESSO S.ROMANO/EX CASERMA LORENZINI - AFFIDAMENTO AI SENSI DELL'ART.36 DEL D.LGS 50/2016 A SISTEMA AMBIENTE SPA DEL SERVIZIO DI RITIRO MATERIALE INGOMBRANTE ALL'INTERNO DEI CORTILI DEGLI IMMOBILI
Dati AlboPOP Item
CHIESA DI SANTA CATERINA. COMPARTECIPAZIONE AL PROGETTO DELLA ASSOCIAZIONE LUCCA INFO & GUIDE (FAMIGLIA 07 – ATTI DI CONVENZIONE CON SOGGETTI TERZO SETTORE)
Dati AlboPOP Item
SERVIZIO DI VERIFICA E CONTROLLO DEL RISPETTO DELLE NORMATIVE IN MATERIA DI PUBBLICA SICUREZZA IN RELAZIONE AGLI INTRATTENIMENTI PUBBLICI REALIZZATI NELL'AMBITO DEL SISTEMA CONGRESSUALE DEL COMUNE. AFFIDAMENTO DEL SERVIZIO ALL'AZIENDA TEATRO DEL GIGLIO ( FAMIGLIA 03 ) - CIG ZDD1EB30E0 
Dati AlboPOP Item
EVENTO MUSICALE PRESENTATO DAL GRUPPO MUSICALE THE TROUBLE NOTES. APPROVAZIONE DELL'INIZIATIVA E AFFIDAMENTO DIRETTO PER LA FORNITURA DI BENI E SERVIZI (FAMIGLIA 07) - CIG Z7B1E969FF 
Dati AlboPOP Item
INIZIATIVE BIBLIOTECA CIVICA AGORA'.PRESENTAZIONI LIBRI A CURA DELL' ASSOCIAZIONE LUCCAUTORI E SERVIZI CORRELATI A CURA DELLA COOPERATIVA NUOVI ORIZZONTI- APPROVAZIONE DELLE INIZIATIVE E DELL' IMPEGNO DI SPESA(FAMIGLIA 07-ATTI DI CONVENZIONE CON SOGGETTI TERZO SETTORE)
Dati AlboPOP Item
OGGETTO: “AGORA' DELLA SCIENZA – ANNO 2017” APPROVAZIONE DEL PROGETTO PRESENTATO DALL'ASSOCIAZIONE “AMICI DELL'AGORA' LUCCA” - ATTI DI CONVENZIONE CON SOGGETTI DELTERZO SETTORE – FAMIGLIA 07 - CIG ZAC1E8B417 
Dati AlboPOP Item
ASSESSORATO ALLE POLITICHE FORMATIVE : EROGAZIONE CONTRIBUTI PER ATTIVITÀ CULTURALI, EDUCATIVE E FORMATIVE -ANNO 2017
Dati AlboPOP Item
U.O. 8.2 - FORNITURA E POSA IN OPERA DI CARTELLI DI TOPONOMASTICA. (CONTENUTO DELL'ATTO: LL.SS.FF - AGGIUDICAZIONE DEFINITIVA – FAMIGLIA 2) . CIG : ZAA1E88F46 .
Dati AlboPOP Item
CENTRO UNICO ACQUISTI – DD UNICA PER L'AFFIDAMENTO DEL SERVIZIO DI ABBONAMENTO ANNUALE AL QUOTIDIANO PAWEB, RIVISTA E BANCA DATI NOTE AL BILANCIO - (FAMIGLIA 03). CIG: Z571E787B5
Dati AlboPOP Item
PROVVEDITORATO – D.D. UNICA PER L'AFFIDAMENTO DELLA FORNITURA DI BOCCAGLI IGIENICI MONOUSO PER ALCOQUANT 6020 PER LA POLIZIA MUNICIPALE (CODICE FAMIGLIA 03) CIG: Z511EA6E44
Dati AlboPOP Item
CENTRO UNICO ACQUISTI – DD UNICA PER L'AFFIDAMENTO DIRETTO DEL SERVIZIO INERENTE LA REALIZZAZIONE DELLE ATTIVITÀ PROGETTUALI RELATIVE AI PROGETTI EDUCATIVI ZONALI (P.E.Z.) A.S. 2016/2017 ETÀ SCOLARE - “AZIONE DISABILITÀ E DISAGIO”. (FAMIGLIA 03). CIG: Z9D1E08A97
Dati AlboPOP Item
SERVIZIO CONTRATTI - IMPOSTA DI BOLLO (D.P.R. 642/72 S.M.I.), ASSOLTA IN MODO VIRTUALE SULLE CERTIFICAZIONI ANAGRAFICHE, SULLE REGISTRAZIONI DEI CONTRATTI, GESTITA IN MODALITA' TELEMATICA - ANNO 2017 RATE III, IV, V E VI (COD. FAMIGLIA 11 ALTRO)
Dati AlboPOP Item
PUBBLICAZIONI ANNO 2017 N. 33 FANTOZZI NICOLA MAGNELLI MIRELLA
Dati AlboPOP Item
VIA ROOSEVELT - FRAZIONE DI SAN MARCO, E VIA G.B. GIORGINI FRAZIONE DI SAN VITO: MODIFICHE TEMPORANEE ALLA CIRCOLAZIONE ED ALAL SOSTA PER URGENTI LAVORI DI ABBATTIMENTO ALBERATURE. 8 E 9 GIUGNO 2017, ORARIO 08.30 - 17.00 
Dati AlboPOP Item
COMUNE DI PORTOFERRAIO - AVVISO DI MOBILITÀ ESTERNA VOLONTARIAPER LA COPERTURA DI N. 1 POSTO DI DIRIGENTE AMMINISTRATIVO/CONTABILE - RIAPERTURA TERMINI DI SCADENZA: 30.06.2017 ORE 12,00
Dati AlboPOP Item
VIA DELSEMINARIO,CENTRO STORICO,MODIFICHE TEMPORANEE ALLA CIRCOLAZIONE STRADALE, PER IL GIORNO 08/06/2017 DALLE ORE 8,30 ALLE ORE 17,30.
Dati AlboPOP Item
VIA PISANA,FRAZIONE S.ANNA,MODIFICHE TEMPORANEE ALLA CIRCOLAZIONE STRADALE,DAL GIORNO 07/06/2017 AL GIORNO 09/07/2017.
Dati AlboPOP Item
PUBBLICAZIONI ANNO 2017 N. 193 DIANDA ANDREA DOCHITA ALINA MARIA
Dati AlboPOP Item
VIA S.DONNINO,CENTRO STORICO,MODIFICHE TEMPORANEE ALLA CIRCOLAZIONE STRADALE,PER IL GIORNO 08/06/2017 DALLE ORE 8,30 ALLE ORE 19,00.
Dati AlboPOP Item
VIA CAMILLO CAVOUR,FRAZIONE S.CONCORDIO IN C/A,MODIFICHE TEMPORANEE ALLA SOSTA,DAL 7/06/2017 AL 16/06/2017.
Dati AlboPOP Item
PUBBLICAZIONI ANNO 2017 N. 196 DERCHI DANIELE DE MATTIA CHIARA
Dati AlboPOP Item
VIA PER CORTE GIUSTI, FRAZ. TEMPAGNANO, MODIFICHE TEMPORANEE ALLA CIRCOLAZIONE DAL GIORNO 6 GIUGNO 2017 AL GIORNO 15 GIUGNO 2017.
Dati AlboPOP Item
ELETTORI IMPOSSIBILITATRI AD ESPRIMERE PERSONALMENTE IL VOTO
Dati AlboPOP Item
ORARIO UFFICIO ELETTORALE
Dati AlboPOP Item
PUBBLICAZIONI ANNO 2017 N. 194 MALFATTI ALESSANDRO LORENZONI ELENA
Dati AlboPOP Item
PUBBLICAZIONI ANNO 2017 N. 195 CINI MIRKO CARBONE MARTA
Dati AlboPOP Item
CANDIDATI ALLA CARICA DI SINDACO E DI CONSIGLIERE COMUNALE ELEZIONI DEL 11.06.2017
Dati AlboPOP Item
U.O.5.1.  EX CAVALLERIZZA DI PIAZZALE VERDI:LAVORI DI RESTAURO E SISTEMAZIONE ESTERNA DEL PARCO DELLA RIMEMBRANZA CONSISTENTI NELLA REALIZZAZIONE DELL'IMPIANTO D'IRRIGAZIONE E ARREDI. APPROVAZIONE DEL VERBALE DI GARA A SEGUITO INDAGINE DI MERCATO E AFFIDAMENTO DEI LAVORI. (ALL. 03) CUP : J62C17000000004 CIG : ZE61E28880
Dati AlboPOP Item
PIAZZA DEL POPOLO - FRAZIONE DI SAN GEMIGNANO DI MORIANO: INTEGRAZIONE ALL'ORDINANZA N. 970/2017 PER AMPLIAMENTO DELL'AREA DELLA MANIFESTAZIONE DENOMINATA "FESTA DELLA REPUBBLICA", AD UN TRATTO DI VIA VOLPI, ED ESTENZIONE DELL'ORARIO FINO ALLE ORE 24:00. 2 GIUGNO 2017
Dati AlboPOP Item
INCONTRO DI CALCIO LUCCHESE LIBERTAS 1905 - PARMA 1913: MODIFICHE TEMPORANEE ALLA CIRCOLAZIONE ED ALLA SOSTA NELLE VIABILITÀ E PARCHEGGI ADIACENTI LO STADIO PORTA ELISA , E MODIFICA DEL PERCORSO DELLA LINEA VAIBUS LAM ROSSA. DOMENICA 4 GIUGNO 2017 DALLE ORE 10:00 FINO AL TERMINE DELLA MANIFESTAZIONE.
Dati AlboPOP Item
VIA DELL'ANFITEATRO,CENTRO STORICO, MODIFICHE TEMPORANEE ALLA CIRCOLAZIONE STRADALE, PER I GIORNI 8 E 9 GIUGNO 2017 DALLE ORE 8,30 ALLE ORE 17,30. 
Dati AlboPOP Item
VIA S.NICOLAO,CENTRO STORICO,MODIFICHE TEMPORANEE ALLA SOSTA ED ALLA CIRCOLAZIONE STRADALE, PER IL GIORNO 12 GIUGNO 2017 DALEL ORE 8,30 ALLE ORE 18,30.
Dati AlboPOP Item
(P.T. 42/C-2016 EX 57/2014 – 42/2015) AMPLIAMENTO, REALIZZAZIONE SCALA DI EMERGENZA, RESTAURO E RISANAMENTO CONSERVATIVO DELLA SCUOLA SECONDARIA DI I° GRADO “C. MASSEI” DI MUTIGLIANO.APPROVAZIONE DEL PROGETTO DEFINITIVO/ESECUTIVO.
Dati AlboPOP Item
MERCATO DEL CARMINE. APPROVAZIONE DELLA RIDUZIONE DEL 25% DEL CANONE DI LOCAZIONE DEI FONDI DESTINATI AL COMMERCIO AL DETTAGLIO.
Dati AlboPOP Item
TRASFORMAZIONE DI ALCUNI STALLI A PAGAMENTO DEL CENTRO STORICO IN PARCHEGGI LIBERI E ISTITUZIONE DI ALTRETTANTI PARCHEGGI A PAGAMENTO IN VIA DEI BACCHETTONI.
Dati AlboPOP Item
PROGRAMMA FIERE E MANIFESTAZIONI COMMERCIALI 2017 - APPROVAZIONE MODIFICA ED INTEGRAZIONE ALLA DELIBERAZIONE DI G.C. N. 28 DEL 07.02.2017 - EVENTI "LUCCA POTTERY FESTIVAL" E MERCATO ARTIGIANALE E AGRICOLO FESTA DELLA REPUBBLICA 2 GIUGNO 2017 PONTE A MORIANO.
Dati AlboPOP Item
CONVENZIONE TRA IL COMUNE DI LUCCA E LA CASA CIRCONDARIALE DI LUCCA PER IL SOSTEGNO DELLE ATTIVITÀ E DEGLI INTERVENTI IN FAVORE DI DETENUTI, A SEGUITO DEL D.L. 78/2013, CONVERTITO DALLA L. 94/2013 - APPROVAZIONE.
Dati AlboPOP Item
REALIZZAZIONE DI RETI IN FIBRA OTTICA PER LA BANDA ULTRA LARGA - CONVENZIONE FRA MINISTERO DELLO SVILUPPO ECONOMICO, REGIONE TOSCANA, INFRATEL ITALIA SPA E COMUNE DI LUCCA - APPROVAZIONE ADDENDUM.
Dati AlboPOP Item
MODIFICHE ALLA DELIBERA G.C. 60 DEL 07.03.2017 “APPROVAZIONE DEL PROTOCOLLO OPERATIVO CON LE ASSOCIAZIONI DI VOLONTARIATO PER LA REGOLAMENTAZIONE DELLE ATTIVITA' DA SVOLGERSI ALL'INTERNO DEL CANILE MUNICIPALE DI PONTETETTO E DI ALTRE ATTIVITA' CORRELATE”.
Dati AlboPOP Item
EROGAZIONE CONTRIBUTI PER ATTIVITÀ CULTURALI, EDUCATIVE E FORMATIVE - ANNO 2017.
Dati AlboPOP Item
MERCATO DEL MERCOLEDI E DEL SABATO DI PIAZZALE DON BARONI - MODIFICA E RIPRISTINO POSTEGGI RISERVATI A PRODUTTORI AGRICOLI E PORTATORI DI HANDICAP.
Dati AlboPOP Item
PARCHEGGIO A MARGINE DI VIA MOS. ENRICO BARTOLETTI - SAN VITO: MODIFICHE TEMPORANEE ALLA CIRCOLAZIONE ED ALLA SOSTA IN OCCASIONE DELLA MANIFESTAZIONE "SANVITOINFESTA 2.0". PERIODO 3 GIUGNO 2017 - 1 LUGLIO 2017.
Dati AlboPOP Item
VIA G.B. GIORGINI, VIALE CORSICA, VIALE SARDEGNA - FRAZIONE DI SAN VITO: MODIFICHE TEMPORANEE ALLA CIRCOLAZIONE ED ALLA SOSTA PER LAVORI DI ASFALTATURA. PERIODO 6 - 16 GIUGNO 2017.
Dati AlboPOP Item
ELENCO RAPPORTI DI P.G. E ORDINANZE SOSPENSIONE LAVORI, MAGGIO 2017
Dati AlboPOP Item
IMPEGNO E CONTESTUALE LIQUIDAZIONE DELLE SPESE DI LITE DISPOSTE CON SENTENZA DEL GIUDICE DI PACE DI LUCCA A SEGUITO DI OPPOSIZIONE A SANZIONE AMMINISTRATIVA (CONTENUTO DELL'ATTO: RIMBORSI - FAMIGLIA 11 "ALTRO").
Dati AlboPOP Item
IMPEGNO E CONTESTUALE LIQUIDAZIONE DELLE SPESE DI LITE DISPOSTE CON SENTENZA DEL GIUDICE DI PACE DI LUCCA A SEGUITO DI OPPOSIZIONE A SANZIONE AMMINISTRATIVA (CONTENUTO DELL'ATTO:RIMBORSI - FAMIGLIA 11 "ALTRO").
Dati AlboPOP Item
RIMBORSO QUOTE NON DOVUTE SERVIZIO TRASPORTO SCOLASTICO A.S. 2016/2017 - IMPEGNO DI SPESA E LIQUIDAZIONE.
Dati AlboPOP Item
IMPEGNO E CONTESTUALE LIQUIDAZIONE DELLE SPESE DI LITE DISPOSTE CON SENTENZA DEL GIUDICE DI PACE DI LUCCA A SEGUITO DI OPPOSIZIONE A SANZIIONE AMMINISTRATIVA (CONTENUTO DELL'ATTO:RIMBORSI - FAMIGLIA 11 "ALTRO")
Dati AlboPOP Item
IMPEGNO E CONSTETUALE LIQUIDAZIONE DELLE SPESE DI LITE DISPOSTE CON SENTENZA DEL GIUDICE DI PACE DI LUCCA A SEGUITO DI OPPOSIZIONE A SANZIONE AMMINISTRATIVA (CONTENUTO DELL'ATTO:RIMBORSI - FAMIGLIA 11 "ALTRO").
Dati AlboPOP Item
AUTORITA' PER IL SERVIZIO DI GESTIONE INTEGRATA DEI RIFIUTI URBANI NELL'AMBITO TERRITORIALE OTTIMALE TOSCANA COSTA - IMPEGNO E LIQUIDAZIONE DELLA SPESA RELATIVA ALLA QUOTA DI PARTECIPAZIONE ANNO 2017. 
Dati AlboPOP Item
DIRITTO ALLO STUDIO - FORNITURA LIBRI DI TESTO, DI RELIGIONE E DI INGLESE PER LE SCUOLE PRIMARIE - INDIVIDUAZIONE FORNITORI PER LA QUINTA LIQUIDAZIONE CEDOLE LIBRARIE A.S. 2016/2017.
Dati AlboPOP Item
IMPEGNO E CONTESTUALE LIQUIDAZIONE DELLE SPESE DI LITE DISPOSTE CON SENTENZA DEL GIUDICE DI PACE DI LUCCA A SEGUITO DI OPPOSIZIONE A SANZIONE AMMINISTRATIVA (CONTRNUTO DELL'ATTO: RIMBORSI - FAMIGLIA 11 "ALTRO").
Dati AlboPOP Item
SARTI FABIO/COMUNE DI LUCCA – PAGAMENTO ONORARI DI CTU DOTT. PAOLO NANNIZZI DISPOSTE CON SENTENZA N.1265/2017 DEL GIUDICE DI PACE DI LUCCA
Dati AlboPOP Item
RIMBORSO FRANCHIGIE E SCOPERTI CONTRATTUALI IN FAVORE DI UNIQA SACHVERSICHERUNG AG (POLIZZE RCT/O). 
Dati AlboPOP Item
 EROGAZIONE DI CONTRIBUTI AD ASSOCIAZIONI PER ATTIVITÀ ANNO 2017. APPROVAZIONE E IMPEGNO DI SPESA.
Dati AlboPOP Item
U.O.5.1. - LAVORI DI MANUTENZIONE DA ESEGUIRE PRESSO I FABBRICATI COMUNALI - APPROVAZIONE DELLE RISULTANZE DI GARA, DELLA SPESA E AFFIDAMENTO LAVORI (CIG:ZE01EA8424-Z6A1EA83B6-ZBF1EA8412-Z291EA83D7-Z2D1EA83F0) - FAMIGLIA 02
Dati AlboPOP Item
CENTRO UNICO ACQUISTI – DD UNICA PER L'AFFIDAMENTO DEL SERVIZIO DI TELEFONIA FISSA PER N. 1 BIMESTRE (2017.4) NELLE MORE DI ATTIVAZIONE DELLA NUOVA CONVENZIONE “TELEFONIA FISSA 5” (FAMIGLIA 03). CIG: Z851E40154 
Dati AlboPOP Item
FESTA DELLA REPUBBLICA – 2 GIUGNO 2017 – VISITE GUIDATE A PALAZZO DUCALE AFFIDAMENTO ALLA SOCIETA' PARTECIPATA ITINERA S.R.L. (FAMIGLIA 07)
Dati AlboPOP Item
CENTRO UNICO ACQUISTI – DD UNICA PER L'AFFIDAMENTO DEL SERVIZIO INERENTE LA REALIZZAZIONE DELLE ATTIVITA' PROGETTUALI RELATIVE AI PROGETTI EDUCATIVI ZONALI (P.E.Z.), A.S. 2016/2017, ETA' SCOLARE - “AZIONE DISABILITÀ, INTERCULTURA E DISAGIO” (FAMIGLIA 03). CIG: Z761DEF2FD 
Dati AlboPOP Item
CENTRO UNICO ACQUISTI - ADESIONE AL CONTRATTO APERTO “CARTA SANITARIA ELETTRONICA - CSE” DELLA REGIONE TOSCANA E RTI ARUBA S.P.A. (CAPOGRUPPO), TELECOM ITALIA, ENGINEERING INGEGNERIA INFORMATICA S.P.A, ACTALIS S.P.A, PER IL RINNOVO E L'EMISSIONE DI NUOVE FIRME DIGITALI, IL RINNOVO E L'ACQUISIZIONE DELLE CASELLE DI POSTA ELETTRONICA CERTIFICATA DEL COMUNE DI LUCCA. (CONTENUTO: D.D. DI ADESIONE A CONTRATTI STIPULATI DA SOGGETTI AGGREGATORI – FAMIGLIA 04) CIG ORIGINARIO: 028827540D - CIG DERIVATO: 
Dati AlboPOP Item
CENTRO UNICO ACQUISTI - DD UNICA PER L'AFFIDAMENTO DEL SERVIZIO DI NOLEGGIO, MONTAGGIO, SMONTAGGIO E TRASPORTO A LUCCA DI STRUTTURE/IMPIANTI COMPRENSIVO DI PRATICHE DI AGIBILITA' PER AREA ALLESTITA E DI PRATICHE DI LICENZA D'ESERCIZIO PER MANIFESTAZIONI ISTITUZIONALI ( 2 GIUGNO ANNO 2017) - (FAMIGLIA 03) CIG: ZE21EAE0D8 
Dati AlboPOP Item
PROGETTO O.N.D.A. - DETERMINAZIONI CONSEGUENTI L'AMMISSIONE A FINANZIAMENTO
Dati AlboPOP Item
U.O.5.1 - ORGANIZZAZIONE TECNICA E ATTIVAZIONE DEI SERVIZI RELATIVI ALL'ESPETAMENTO DELLE CONSULTAZIONI COMUNALI DELL'11 GIUGNO 2017 - APPROVAZIONE DELLA SPESA, FINANZIAMENTO E AFFIDAMENTO DEL SERVIZIO CIG. ZBE1EA035C FAMIGLIA 02
Dati AlboPOP Item
AFFIDAMENTO BIENNALE DEL SERVIZIO DI PRELIEVO, TRASPORTO, MESSA IN SICUREZZA, CUSTODIA, DEMOLIZIONE E RADIAZIONE DAL PUBBLICO REGISTRO AUTOMOBILISTICO DEI VEICOLI FUORI USO ABBANDONATI SU AREA PUBBLICA DEL TERRITORIO COMUNALE DI LUCCA, AI SENSI DELL'ART. 30 DEL D. LGS. 163/2006 E S.M.I., DEL D.M. 460/1999 E DEL D. LGS. 209/2003 CORRETTO ED INTEGRATO DAL D. LGS. 149/2006 – INTEGRAZIONE DELLA SPESA (AFFIDAMENTO IN CONCESSIONE – INTEGRAZIONE DELLA SPESA – FAMIGLIA 03) CIG: Z9318C2F08
Dati AlboPOP Item
PROVVEDITORATO: ATTI INERENTI E CONSEGUENTI IL SERVIZIO DI FOTORIPRODUZIONE E STAMPA DI CUI ALL'ACCORDO QUADRO REP. N. 23971 DEL 11/08/2016 - INTEGRAZIONE DELLA DD. N. 881 DEL 18/05/2016. (FAMIGLIA 5) CIG: 6523278B4A
Dati AlboPOP Item
PROVVEDITORATO – DD. UNICA PER L’AFFIDAMENTO DEL SERVIZIO DI ASSISTENZA E MANUTENZIONE DEGLI APPARATI FOTOCOPIATRICI DI PROPRIETÀ DELL’ENTE, DI APPARECCHIATURE ELETTRONICHE E ALTRE ATTREZZATURE D'UFFICIO. CIG: Z4E1C99BD2
Dati AlboPOP Item
(OP) - VIA DEL FOSSO - LUCCA CENTRO: REVOCA DELL' "AREA PEDONALE" SUL LATO EST NEL TRATTO COMPRESO TRA LA MADONNA DELLO STELLARIO E L'ACCESSO CARRABILE ALLA STRUTTURA ALBERGHIERA, CON SOSTA CONSENTITA AI RESIDENTI, A PARTIRE DAL GIORNO 1 GIUGNO 2017.
Dati AlboPOP Item
PUBBLICAZIONI ANNO 2017 N. 32 GIANNINI SIMONE YALICO HUERTAS TAYS LUCERO
Dati AlboPOP Item
PIAZZA DEL POPOLO - FRAZIONE DI SAN GEMIGNANO DI MORIANO: MODIFICHE TEMPORANEE ALLA CIRCOLAZIONE ED ALLA SOSTA IN OCCASIONE DELLA FESTA DELLA REPUBBLICA. 2 GIUGNO 2017. 
Dati AlboPOP Item
VIA ROMANA: MODIFICHE TEMPORANEE ALLA CIRCOLAZIONE NEL TRATTO COMPRESO TRA VIA DANTE ALIGHIERI ED IL LIMITE DI COMPETENZA POSTO NEI PRESSI DELLA ROTATORIA DI ANTRACCOLI PER LAVORI DI ASFALTATURA. PERIODO 5 - 9 GIUGNO 2017.
Dati AlboPOP Item
CONCESSIONE IN COMODATO D'USO GRATUITO TEMPORANEO DELLA COLLEZIONE ORNITOLOGICA GRAGNANI-RONTANI AL COMUNE DI MASSAROSA - APPROVAZIONE.
Dati AlboPOP Item
U.O. 8.2 – LAVORI DI MANUTENZIONE ORDINARIA ALLA SEGNALETICA ORIZZONTALE E VERTICALE POSTA LUNGO LA VIABILITA' COMUNALE. (CONTENUTO DELL'ATTO: DETERMINA A CONTRARRE PER AFFIDAMENTO DI LL.PP. - APPROVAZIONE DEL PROGETTO ESECUTIVO– FAMIGLIE 1 E 6). CIG : Z141ECAFFD.
Dati AlboPOP Item
VIALE LUIGI CADORNA - FRAZIONE ARANCIO: MODIFICHE TEMPORANEE ALLA CIRCOLAZIONE PER LAVORI DI ABBATTIMENTO DELLE BARRIERE ARCHITETTONICHE. PROROGA DELL'ORDINANZA N. 537/2017 FINO AL GIORNO 30 GIUGNO 2017.
Dati AlboPOP Item
AVVISO PUBBLICO PER LA FORMAZIONE DI UN BACINO DI SOGGETTI DISOCCUPATI/INOCCUPATI DISPONIBILI ALL'IMPIEGO – CON CONTRATTO DI LAVORO SUBORDINATO E A TEMPO DETERMINATO CON LE COOPERATIVE SOCIALI CHE STIPULERANNO CON L'ENTE UN'APPOSITA CONVENZIONE - PER LA REALIZZAZIONE DI INTERVENTI SUL PATRIMONIO COMUNALE. PROROGA DEI TERMINI DI PRESENTAZIONE DELLA DOMANDA DI PARTECIPAZIONE.
Dati AlboPOP Item
LEGGE REGIONALE 21/03/2000 N.39 ESPOSIZIONE ELENCO DEI TERRENI DA INSERIRE NEL CATASTO DEI BOSCHI E DEI PASCOLI PERCORSI DAL FUOCO. AGGIORNAMENTO ANNO 2016
Dati AlboPOP Item
CENTRO UNICO ACQUISTI – RETTIFICA D.D. N. 177 DELL' 08/02/2017 RELATIVA ALL'AFFIDAMENTO DEL SERVIZIO DI ASSISTENZA TECNICA E MANUTENZIONE DEL PRODOTTO “GESTIONE SOCIALE E CASE DI RIPOSO” IN USO PRESSO IL COMUNE DI LUCCA PER L'ANNO 2017 (COD. FAMIGLIA 05) CIG: Z331CA15F7
Dati AlboPOP Item
CENTRO UNICO ACQUISTI – DD UNICA PER L'AFFIDAMENTO DEL SERVIZIO DI ASSISTENZA E MANUTENZIONE PER L'ANNO 2017 PER IL SOFTWARE "PRATICHE AMBIENTE". (FAMIGLIA 03). CIG: Z2F1E42304
Dati AlboPOP Item
D.D N°276 DEL 27.2.2017.AFFIDAMENTO DEL SERVIZIO DI ANALISI,CONTROLLO E AGGIORNAMENTO DEL PIANO DELLA TELEFONIA MOBILE. CIG:Z921D43F43 - ATTIVAZIONE DELLE OPZIONI DI RINNOVO E APPROVAZIONE DELLA SPESA.
Dati AlboPOP Item
U.O.5.1 - LAVORI DI MANUTENZIONE DEGLI IMPIANTI ASCENSORI PRESSO GLI STABILI COMUNALI - APPROVAZIONE DEL VERBALE DI GARA, DELLA SPESA E AFFIDAMENTO LAVORI CIG ZCA1E0EB0A FAMIGLIA 02
Dati AlboPOP Item
U.O. 8.2 – LAVORI DI MANUTENZIONE ORDINARIA ALLA SEGNALETICA ORIZZONTALE E VERTICALE POSTA IN PROSSIMITA' DEGLI ISTITUTI SCOLASTICI. (CONTENUTO DELL'ATTO: LL.SS.FF - AGGIUDICAZIONE DEFINITIVA – FAMIGLIA 2) . CIG :ZE01E8C21B.
Dati AlboPOP Item
PROVVEDITORATO: ATTI INERENTI E CONSEGUENTI L’AFFIDAMENTO DELLE FORNITURE DI BENI E DEI SERVIZI TRASVERSALI E DI FUNZIONAMENTO DELL'ENTE – ADEGUAMENTO FINANZIAMENTO – (FAMIGLIA 05).
Dati AlboPOP Item
U.O. 5.1. -MERCATO DEL CARMINE, LAVORI DI MIGLIORAMENTO SISMICO DELLA CHIESA E DEL CHIOSTRO -LATO EST. CONFERIMENTO INCARICO ARCHEOLOGO RELATIVO ALL'ASSISTENZA SCAVI ( ALL 03)  CIG: Z461EA0F23
Dati AlboPOP Item
U.O. 5.1 -" VALORIZZAZIONE E RESTAURO DELLE MURA URBANE" LAVORI DI COMPLETAMENTO DEL PERCORSO DI VISITA DI PORTA ELISA. APPROVAZIONE RISULTANZE DI GARA, AGGIUDICAZIONE DEI LAVORI E DEL NUOVO Q.T.E.. CUP J62C16000080002 - CIG Z8C1EA2AD4 - (FAMIGLIA ATTI 03)
Dati AlboPOP Item
ORDINANZA N. 906 DEL 23/05/2017 DI DIVIETO DI CONSUMO DI BEVANDE ALCOLICHE ALL'INTERNO DEI PARCHI COMUNALI ATTREZZATI A PARCHI GIOCO PER BAMBINI E AL PARCO "LA MONTAGNOLA"NONCHE' NELLE ADIACENZE DEI PLESSI SCOLASTICI DI OGNI ORDINE E GRADO 
Dati AlboPOP Item
VIA FILLUNGO - LUCCA CENTRO: CHIUSURA AL TRANSITO VEICOLARE DEL TRATTO COMPRESO TRA PIAZZA SANTA MARIA E VIA SANTA GEMA GALGANI PER URGENTE VERIFICA TUBAZIONE ACQUE CHIARE. LUNEDÌ 5 GIUGNO 2017 ORARIO 08:30-18:00
Dati AlboPOP Item
PROROGA ORDINANZA N. 870 DEL 18/5/2017 - VIA TERESA BANDETTINI C/O IL N. CIV. 717/C, FRAZ. SAN CONCORDIO IN CONTRADA, MODIFICHE TEMPORANEE ALLA CIRCOLAZIONE FINO AL GIORNO 9 GIUGNO 2017.
Dati AlboPOP Item
VIA MORDINI, CENTRO STORICO, MODIFICHE TEMPORANEE ALLA CIRCOLAZIONE DAL GIORNO 6 GIUGNO 2017 AL GIORNO 9 GIUGNO 2017.
Dati AlboPOP Item
VIA DELLA ZECCA,CENTRO STORICO,MODIFICHE TEMPORANEE ALLA SOSTA ED ALLA CIRCOLAZIONE PEDONALE DAL GIORNO 8 GIUGNO 2017 AL GIORNO 11 AGOSTO 2017 .
Dati AlboPOP Item
VIA RIDOLFI E VIA PASSAGLIA, FRAZ. SAN MARCO, MODIFICHE TEMPORANEE ALLA CIRCOLAZIONE PEDONALE PER I GIORNI 5 E 6 GIUGNO 2017 DALLE ORE 8:00 ALLE ORE 17:00 .
Dati AlboPOP Item
DENUNCIA DI SMARRIMENTO DI IPHONE - PRATICA N. 2331 DEL 31/05/2017.
Dati AlboPOP Item
DENUNCIA DI SMARRIMENTO DI PORTAFOGLIO - PRATICA N. 2330 DEL 31/05/2017.
Dati AlboPOP Item
U.O. 2.3 – ASSEGNAZIONE ORDINARIA DI ALLOGGIO DI ERP POSTO NEL COMUNE DI LUCCA (CONTENUTO: ASSEGNAZIONE DA GRADUATORIA DEFINITIVA BANDO 2016, POSIZIONE N. 8, FAMIGLIA 11 “ALTRO”).
Dati AlboPOP Item
U.O. 2.3 - ASSEGNAZIONE DI ALLOGGIO DI ERP POSTO NEL COMUNE DI LUCCA "INTERVENTI PILOTA A FAVORE DI COMUNITA' EMARGINATE " CONTENUTO: (GESTIONE ALLOGGI FAMIGLIA 11 "ALTRO")
Dati AlboPOP Item
RSS Creato
Pubblicazione GitHUB
