11/12/2017 16:30:50
Citta 
Orzinuovi
Recupero dati della Città
Dati recuperati correttamente
Download pagina
Creazione Feed
Inserimento dati AlboPOP
TASSA PER LA RACCOLTA E LO SMALTIMENTO DEI RIFIUTI SOLIDI URBANI (TARI) ISTITUZIONI SCOLASTICHE STATALI - ACCERTAMENTO IMPORTO FORFETTARIO ANNO 2017 
Dati AlboPOP Item
PROVVEDIMENTO CANCELLAZIONE ANAGRAFICA GASHI G. 
Dati AlboPOP Item
PROVVEDIMENTO CANCELLAZIONE ANAGRAFICA MORINA X. 
Dati AlboPOP Item
AFFIDAMENTO INCARICO PROFESSIONALE PER RILASCIO DI ATTESTATO DI PRESTAZIONE ENERGETICA ( APE ) RELATIVAMENTE AL NUOVO CENTRO SPORTIVO ( SPOGLIATOI, SERVIZI E BIGLIETTERIA) DI VIA BRUNELLESCHI AD ORZINUOVI - CIG: ZC121279D7. 
Dati AlboPOP Item
AVVISO DI MOBILITA' VOLONTARIA PER LA COPERTURA DI N. 1 POSTO DI ISTRUTTORE AMMINISTRATIVO (CATEGORIA C) PRESSO IL SETTORE N. 1 AMMINISTRATIVO, AFFARI GENERALI, SPORT E CULTURA 
Dati AlboPOP Item
INTERVENTI DI ASFALTATURA STRADE COMUNALI - CIG: ZF321335D7 
Dati AlboPOP Item
MANUTENZIONE STRAORDINARIA PIAZZA GARIBALDI. CIG: Z612128D11 
Dati AlboPOP Item
CIGZ492118E8A IMPEGNO DI SPESA PER MANUTENZIONE E SERVIZI VARI AUTOMEZZI COMUNALI 
Dati AlboPOP Item
CID Z452136511 IMPEGNO DI SPESA PER ACQUISTO CANCELLERIA E MATERIALE VARIO PER UFFICI COMUNALI 
Dati AlboPOP Item
CIG. N. Z8521193ED– PROROGA MESI 1 “NOLEGGIO SOFTWARE GIGAS PER LA RILEVAZIONE E GESTIONE DELLE PRESENZE DEL PERSONALE DIPENDENTE” – PERIODO: 1 – 31 GENNAIO 2018 
Dati AlboPOP Item
CIG Z73210D0DD - AFFIDAMENTO DIRETTO PER FORNITURA ARTICOLI REGALO 
Dati AlboPOP Item
REALIZZAZIONE DELLA PISTA CICLABILE DENOMINATA “URAGO-SENIGA“ - AFFIDAMENTO INCARICO NOTARILE PER ACQUISIZIONE DEL 1° LOTTO DELLE AREE INTERESSATE - CIG: Z6A2111312. 
Dati AlboPOP Item
AVVISO ESPLORATIVO PER MANIFESTAZIONE DI INTERESSE PER SERVIZIO SOSTITUTIVO MENSA AI DIPENDENTI COMUNALI PER IL PERIODO GENNAIO 2018 -DICEMBRE 2019 
Dati AlboPOP Item
PROVVEDIMENTO CANCELLAZIONE ANAGRAFICA BYTYCI A. BYTYQI A. 
Dati AlboPOP Item
IMPEGNO DI SPESA CONTRIBUTO RETTA POSTI RISERVATI NIDO “NONNA NINI’”. ANNO EDUCATIVO 2017/2018 CIG Z872123D1B 
Dati AlboPOP Item
IMPEGNO DI SPESA CONTRIBUTO RETTA POSTI RISERVATI NIDO “BABY BIRBA”. ANNO EDUCATIVO 2017/2018 CIG ZAB2123C06 
Dati AlboPOP Item
INTEGRAZIONE IMPEGNO DI SPESA PER IL SERVIZIO DI TELESOCCORSO A FAVORE DI ACB SERVIZI ANNO 2017 CIG Z081D1A691 
Dati AlboPOP Item
IMPEGNO DI SPESA PER CONTRIBUTO SOGGIORNO MARINO A S.S. EX INAIL ANNO 2017 
Dati AlboPOP Item
ASSEGNAZIONE RISORSE FONDO SOCIALE REGIONALE ANNO 2017 A FAVORE DEL COMUNE DI ORZINUOVI. ACCERTAMENTO DI ENTRATA 
Dati AlboPOP Item
PRESA D’ATTO DEL POSSESSO DEI REQUISITI DEGLI ASSEGNATARI DEGLI ALLOGGI CEDUTI DALLA SOCIETÀ RIZZI COSTRUZIONI S.R.L. NEL PEEP DI VIA MILANO E AUTORIZZAZIONE DEL PREZZO DI PRIMA CESSIONE 
Dati AlboPOP Item
PERMESSO DI COSTRUIRE PER AMPLIAMENTO STRUTTURALE DI ALLEVAMENTO BOVINI PER IL BENESSERE ANIMALE 
Dati AlboPOP Item
FORNITURA LIBRI DI TESTO ALUNNI SCUOLA PRIMARIA A.S. 2017/18. 
Dati AlboPOP Item
AVVISO PUBBLICO DI MOBILITA’ VOLONTARIA PER LA COPERTURA A TEMPO PIENO ED INDETERMINATO DI N. 1 POSTO DI AGENTE DI POLIZIA LOCALE CATEGORIA C 
Dati AlboPOP Item
RIMBORSO IMU E TASI ANNO 2017 PER VERSAMENTO NON DOVUTO AL COMUNE DI ORZINUOVI 
Dati AlboPOP Item
APPROVAZIONE AVVISO PUBBLICO DI MOBILITA’ PER N. 1 POSTO DI AGENTE DI POLIZIA LOCALE – A TEMPO PIENO ED INDETERMINATO - CATEGORIA C. - NOMINA COMMISSIONE GIUDICATRICE 
Dati AlboPOP Item
RSS Creato
Pubblicazione GitHUB
