Citta Celle di Bulgheria
Download pagina
Creazione Feed
Inserimento dati AlboPOP
ISTANZA DI MANIFESTAZIONE DI INTERESSE ALL’AFFIDAMENTO DELLA GESTIONE DEL RIFUGIO TOZZO DEL MOIO E BENI ACCESSORI IN VALLE DEL CERASO UBICATI SUL MONTE BULGHERIA NEL COMUNE DI CELLE DI BULGHERIA (SA)
Dati AlboPOP Item
LEGGE REGIONALE 09/12/2013, N. 20. MISURE STRAORDINARIE PER LA PREVENZIONE E LA LOTTA AL FENOMENO DELL’ABBANDONO E DEI ROGHI DI RIFIUTI. APPROVAZIONE DEFINITIVA DELL’ELENCO DELLE AREE INTERESSATE DA ABBANDONO E ROGHI DI RIFIUTI AGGIORNATO A TUTTO IL 30/06/2016
Dati AlboPOP Item
AVVISO PER IL FINANZIAMENTO DI INTERVENTI VOLTI AL TRASFERIMENTO, ALL’EVOLUZIONE E ALLA DIFFUSIONE DI BUONE PRATICHE ATTRAVERSO OPEN COMMUNITY PA 2020” – PROVVEDIMENTI 
Dati AlboPOP Item
APPROVAZIONE BANDO AVVISO DI PRE-INFORMAZIONE PER LA GESTIONE DEGLI IMPIANTI SPORTIVI
Dati AlboPOP Item
ATTO DI INDIRIZZO PER LA CONCESSIONE IN USO E GESTIONE DEGLI IMPIANTI SPORTIVI.
Dati AlboPOP Item
AVVISO DI POSSIBILE INTERRUZIONE DEL SERVIZIO IDRICO CON STIMA DI RIATTIVAZIONE ENTRO LE ORE 23.00 ODIERNE
Dati AlboPOP Item
ORDINANZA PER LA DISCIPLINA DELLA CIRCOLAZIONE STRADALE ISTITUZIONE TEMPORANEA DIVIETO DI SOSTA, FERMATA TRANSITO SU PIAZZA UMBERTO PRIMO PER SVOLGIMENTO DI MANIFESTAZIONE IN OCCASIONE DELLA VISITA DELL’AMBASCIATORE DELLA BULGARIA 
Dati AlboPOP Item
ORDINANZA DI CHIUSURA TEMPORANEA AL TRAFFICO VEICOLARE SU TRATTO DI VIA LEGNANO DEL CAPOLUOGO PER INTERVENTO DI RIPARAZIONE RETE IDRICA INTERRATA 
Dati AlboPOP Item
ORDINANZA PER LA DISCIPLINA DELLA CIRCOLAZIONE STRADALE ISTITUZIONE TEMPORANEA DIVIETO DI SOSTA E FERMATA SU TRATTO DI VIA UMBERTO PRIMO PER INTERVENTO DI MANUTENZIONE ORDINARIA A MURO DI CONTENIMENTO
Dati AlboPOP Item
RICHIESTA PUBBLICAZIONE ALBO PRETORIO COMUNICAZIONE AVVIO PROCEDIMENTO CANCELLAZIONE D' UFFICIO PEC ISCRITTE NEL REGISTRO DELLE IMPRESE - STATO REVOCATE.
Dati AlboPOP Item
SERVIZIO RACCOLTA RIFIUTI DOMICILIARE AVVISO ALL’UTENZA VARIAZIONE TEMPORANEA CALENDARIO 2/6/2017 
Dati AlboPOP Item
ORDINANZA SPOSTAMENTO AREA MERCATO SETTIMANALE E ISTITUZIONE DIVIETO DI SOSTA E TRANSITO SU TRATTO DI VIA S. SOFIA ALLA FRAZIONE PODERIA.
Dati AlboPOP Item
RICHIESTA SVINCOLO IDROGEOLOGICO, IN SANATORIA PER LA REALIZZAZIONE DI UNO SCAVO RELATIVO ALLA REALIZZAZIONE DI UN FABBRICATO, AI SENSI DELLA LEGGE R.LE N. 11/96 ART.23
Dati AlboPOP Item
TRASMISSIONE ELENCO AUTORIZZAZIONI PAESAGGISTICHE RILASCIATE DAL COMUNE DI CELLE DI BULGHERIA A TUTTO IL 1° TRIMESTRE 2017. 
Dati AlboPOP Item
AVVISO PUBBLICO PER LA NOMINA DEL COMPONENETE UNICO DELL'ORGANISMO INDIPENDENTE DI VALUTAZIONE DEL COMUNE DI CELLE D BULGHERIA
Dati AlboPOP Item
AVVISO AGGIORNAMENTO REGISTRO ELENCO AREE PUBBLICHE E PRIVATER INTERESSATE DA ABBANDONO E ROGO RIFIUTI A TUTTO IL 31/12/2016 
Dati AlboPOP Item
CALENDARIO REPERIBILITA' SERVIZIO NECROFORO
Dati AlboPOP Item
TURNI DI REPERIBILITÀ DELL'UFFICIO DELLO STATO CIVILE DAL 29 APRILE AL 25 GIUGNO 2017
Dati AlboPOP Item
ADOZIONE DEGLI SCHEMI DEL PROGRAMMA TRIENNALE 2017 -2019 E DELL'ELENCO ANNUALE 2017.
Dati AlboPOP Item
 ELENCO AUTORIZZAZIONI PAESAGGISTICHE RILASCIATE DAL COMUNE DI CELLE DI BULGHERIA A TUTTO IL 4° TRIMESTRE 2016. 
Dati AlboPOP Item
Conversion from string "Wed, 01 Mar 2017 00:00:00 GMT" to type 'Date' is not valid.
Pubblicazione GitHUB
