Citta Concesio
Download pagina
Creazione Feed
Inserimento dati AlboPOP
POSTA CERTIFICATA: ACB INVIO BANDI SCADENZA 30/06/2017
Dati AlboPOP Item
ISTITUZIONE TEMPORANEA SENSO UNICO ALTERNATO IN VIA D. ALIGHIERI CIV. 30.
Dati AlboPOP Item
DETERMINAZIONE A CONTRARRE PER IL SERVIZIO DI ASSISTENZA SCOLASTICA E DI INTEGRAZIONE PER GLI ALUNNI DIVERSAMENTE ABILI DEI TERRITORI DEI COMUNI DI BOVEGNO, BOVEZZO, CONCESIO, IRMA, LODRINO, MARCHENO, PEZZAZE, POLAVENO, SAREZZO E TAVERNOLE SUL MELLA, PER GLI ANNI SCOLASTICI 2017-2018 / 2018-2019 / 2019-2020 CON POSSIBILE RINNOVO AL 31/08/2023 - LOTTO N. 3: COMUNI DI BOVEZZO E CONCESIO 
Dati AlboPOP Item
RICHIESTA DI DEPOSITO ATTI AI SENSI DELL'ART. 143 DEL C.P.C. DA PARTE DI EQUITALIA : VEDERE ELENCO ALLEGATO
Dati AlboPOP Item
ANNULLAMENTO DELLA DETERMINAZIONE N. 244 DEL 01/06/2017 - “DETERMINAZIONE A CONTRARRE PER IL SERVIZIO DI ASSISTENZA SCOLASTICA E DI INTEGRAZIONE PER GLI ALUNNI DIVERSAMENTE ABILI DEI TERRITORI DEI COMUNI DI BOVEGNO, BOVEZZO, CONCESIO, IRMA, LODRINO, MARCHENO, PEZZAZE, POLAVENO, SAREZZO E TAVERNOLE SUL MELLA, PER GLI ANNI SCOLASTICI 2017-2018 / 2018-2019 / 2019-2020 CON POSSIBILE RINNOVO AL 31/08/2023 - LOTTO N. 3: COMUNI DI BOVEZZO E CONCESIO 
Dati AlboPOP Item
CHIUSURA AL TRAFFICO DI VIA SEGHERIA DAL CIV. 8 AL CIV. 24
Dati AlboPOP Item
PUBBLICAZIONE DI MATRIMONIO DI APOSTOLI DARIO E GABOARDI RACHELE
Dati AlboPOP Item
ASSUNZIONE IMPEGNI DI SPESA PER SERVIZIO ECONOMATO ANNO 2017.
Dati AlboPOP Item
DETERMINAZIONE A CONTRARRE PER IL SERVIZIO DI ASSISTENZA SCOLASTICA E DI INTEGRAZIONE PER GLI ALUNNI DIVERSAMENTE ABILI DEI TERRITORI DEI COMUNI DI BOVEGNO, BOVEZZO, CONCESIO, IRMA, LODRINO, MARCHENO, PEZZAZE, POLAVENO, SAREZZO E TAVERNOLE SUL MELLA, PER GLI ANNI SCOLASTICI 2017-2018 / 2018-2019 / 2019-2020 CON POSSIBILE RINNOVO AL 31/08/2023 - LOTTO N. 3: COMUNI DI BOVEZZO E CONCESIO 
Dati AlboPOP Item
 “ASSET VIA DEL FERRO ACCORDO PER LO SVILUPPO SOCIO ECONOMICO DEL TERRITORIO MONTANO DELLA VALLE TROMPIA” - Approvazione del progetto definitivo e relativo Accordo di parternariato redatto ai sensi del D.d.u.o. 7 ottobre 2016 - n. 9852 Avviso regionale «Asset: accordi per lo sviluppo socio economico dei territori montani» modificato con D.d.u.o. del 29 novembre 2016 - n. 12445 
Dati AlboPOP Item
INDIRIZZO ALLA RESPONSABILE DEL SETTORE SERVIZI ALLA PERSONA IN MERITO AL BANDO PER L'EROGAZIONE DI CONTRIBUTI A PERSONE E FAMIGLIE A FRONTE DEL PAGAMENTO DI UTENZE DOMESTICHE.
Dati AlboPOP Item
APPROVAZIONE BOZZA DI CONTRATTO DI CONCESSIONE CON LA SOCIETA' PATRIMONIA REAL ESTATE ADVISERS SRL DI PORZIONE DI AREA PER INSTALLAZIONE DI UNA STAZIONE RADIO PER TELECOMUNICAZIONI.
Dati AlboPOP Item
ASSUNZIONE IMPEGNO DI SPESA PER L'INSERIMENTO DELL'UTENTE N. MATR. 210.968.17 PRESSO UNA STRUTTURA RESIDENZIALE PER IL PERIODO DAL 03/06/17 AL 30/06/17. 
Dati AlboPOP Item
ASSUNZIONE IMPEGNO DI SPESA PER L'ADESIONE AL PROGETTO PROPOSTO DALLA COMUNITA' MONTANA DI VALLE TROMPIA, DENOMINATO "PROBLEMI OCCUPAZIONALI".
Dati AlboPOP Item
ASSUNZIONE IMPEGNO DI SPESA PER L'INSERIMENTO DELL'UTENTE N. MATR. 207.999.17 PRESSO UNA STRUTTURA RESIDENZIALE PER IL PERIODO DAL 01/06/17 AL 30/06/17. 
Dati AlboPOP Item
MODIFICA TEMPORANEAMENTE DELLA VIABILITÀ ALL'ALTEZZA DELLA ROTATORIA TRA VIA FALCONE, VIA MAZZINI E VIA OLIVELLI DAL 31/05/2017 AL 20/06/2017
Dati AlboPOP Item
MESSO COMUNALE: NOTIFICA N. 383/2017 DEL 31/05/2017 DI THIOUNE MAME SERIGNE
Dati AlboPOP Item
CHIUSURA AL TRAFFICO VEICOLARE DEL PARCHEGGIO IN VIA VALPIANA FRONTE CIVICO 1-3 DAL 31.5.2017 AL 7.6.17
Dati AlboPOP Item
PUBBLICAZIONE DI MATRIMONIO DI BERTANZA MASSIMO E BORELLA RAFFAELLA
Dati AlboPOP Item
IMPEGNO DI SPESA PER L'EROGAZIONI DI CONTRIBUTI, PER L'ANNO 2017, PER LA REALIZZAZIONE DEI PROGETTI CARTA E VETRO DIFFERENZIATI
Dati AlboPOP Item
IMPEGNO DI SPESA PER EROGAZIONE CONTRIBUTO, PER L'ANNO 2017, AL COMITATO DI SOLIDARIETA' DI SAN VIGILIO ONLUS
Dati AlboPOP Item
IMPEGNO DI SPESA PER EROGAZIONE CONTRIBUTI ALLE ASSOCIAZIONI "AMICI DEI CANI" E "ASSOCIAZIONE BOTANICA BRESCIANA" PER L'ANNO 2017
Dati AlboPOP Item
IMPEGNO DI SPESA PER LE ATTIVITA' DI SPEDIZIONE DEGLI ATTI GIUDIZIARI RELATIVI AD INFRAZIONI AL C.d.S. - C.I.G. 5938744694.
Dati AlboPOP Item
IMPEGNO DI SPESA PER EROGAZIONE CONTRIBUTI AD ASSOCIAZIONI DI VOLONTARIATO OPERANTI SUL TERRITORIO PER LA VALORIZZAZIONE E TUTELA DELL'AMBIENTE PER L'ANNO 2017.
Dati AlboPOP Item
AGGIUDICAZIONE DEL SERVIZIO DI TESORERIA E DI CASSA DEL COMUNE DI CONCESIO PER IL PERIODO 01/06/2017 - 30/09/2021 - CIG ZA91AF83E7.
Dati AlboPOP Item
CONCESIO IN BICI 2017
Dati AlboPOP Item
AVVISO DI DEPOSITO DI ATTI NELLA CASA COMUNALE ELENCO N. 0381706117052901 
Dati AlboPOP Item
MESSO COMUNALE: NOTIFICA N. 370/2017 DEL 26/05/2017 DELLA DITTA N.G. TRADING SRL
Dati AlboPOP Item
MESSO COMUNALE: NOTIFICA N. 380/2017 DEL 30/05/2017DI ZHOU QI
Dati AlboPOP Item
MESSO COMUNALE: NOTIFICA N. 381/2017 DEL 30/05/2017DI MEHMMOD ARSHAD
Dati AlboPOP Item
MESSO COMUNALE: NOTIFICA N. 371/2017 DEL 26/05/2017DI ZHOU QI
Dati AlboPOP Item
MESSO COMUNALE: NOTIFICA N. 369/2017 DEL 26/05/2017DI ZHOU QI
Dati AlboPOP Item
MESSO COMUNALE: NOTIFICA N. 347/2017 DEL 23/05/2017 DI ZHOU QI
Dati AlboPOP Item
MESSO COMUNALE: NOTIFICA N. 382/2017 DEL 30/05/2017 DI MEHMOOD ARSHAD
Dati AlboPOP Item
PUBBLICAZIONI DI MATRIMONIO DI NECCHINI LUIGI E BONOMETTI DANILA.
Dati AlboPOP Item
CONCESSIONE DEL PATROCINIO ONEROSO A FAVORE DELL'ASSOCIAZIONE CULTURALE S.U.A. - SERVIRE CON UMANITA' E ACCOGLIENZA - CENTRO SPIRITUALITA' FAMILIARE BEATO PAOLO VI PER LA PRESENTAZIONE DELL'ENCICLICA DI PAPA FRANCESCO "LAUDATO SII"
Dati AlboPOP Item
AGGIORNAMENTO SISTEMA DI BACKUP 
Dati AlboPOP Item
IMPEGNO DI SPESA PER IL COLLEGIO DEI REVISORI DEI CONTI 2017.
Dati AlboPOP Item
MANUTENZIONE DEL SISTEMA DI RILEVAZIONE PRESENZE ANNO 2017
Dati AlboPOP Item
INDIZIONE BANDO PER L'EROGAZIONE DI CONTRIBUTI PER IL PAGAMENTO DELLA TASSA RIFIUTI IGIENE AMBIENTALE.
Dati AlboPOP Item
INDIZIONE BANDO PER L'EROGAZIONE DI CONTRIBUTI PER IL PAGAMENTO DELLE SPESE DI RISCALDAMENTO AGLI ANZIANI DI ETA' SUPERIORE A 65 ANNI.
Dati AlboPOP Item
ATTO DI INDIRIZZO IN MERITO ALL'ADESIONE AL PROGETTO “ASSET VIA DEL FERRO ACCORDO PER LO SVILUPPO SOCIO ECONOMICO DEL TERRITORIO MONTANO DELLA VALLE TROMPIA” - Approvazione del progetto definitivo e relativo Accordo di parternariato redatto ai sensi del D.d.u.o. 7 ottobre 2016 - n. 9852 Avviso regionale «Asset: accordi per lo sviluppo socio economico dei territori montani» modificato con D.d.u.o. del 29 novembre 2016 - n. 12445.
Dati AlboPOP Item
CONCESSIONE DEL PATROCINIO ONEROSO A FAVORE DELL'ASSOCIAZIONE CULTURALE S.U.A. - SERVIRE CON UMANITA' E ACCOGLIENZA - CENTRO SPIRITUALITA' FAMILIARE BEATO PAOLO VI PER LA PRESENTAZIONE DELL'ENCICLICA DI PAPA FRANCESCO "LAUDATO SII"
Dati AlboPOP Item
CONCESSIONE DI CONTRIBUTI AD ASSOCIAZIONI DI VOLONTARIATO OPERANTI SUL TERRITORIO PER LA VALORIZZAZIONE E TUTELA DELL'AMBIENTE PER L'ANNO 2017.
Dati AlboPOP Item
CONCESSIONE DI UN CONTRIBUTO ALL'ASSOCIAZIONE AMICI DEI CANI DI CONCESIO E ALL'ASSOCIAZIONE BOTANICA BRESCIANA PER L'ANNO 2017.
Dati AlboPOP Item
VARIAZIONE DI CASSA AL BILANCIO DI PREVISIONE 2017-2019.
Dati AlboPOP Item
CONCESSIONE CONTRIBUTI PER LA REALIZZAZIONE DEI PROGETTI CARTA E VETRO DIFFERENZIATI.
Dati AlboPOP Item
CONCESSIONE CONTRIBUTO AL COMITATO DI SOLIDARIETA' ONLUS PER L'ANNO 2017.
Dati AlboPOP Item
ACCETTAZIONE DELLA DONAZIONE DI UN DEFIBRILLATORE DA PARTE DEL GRUPPO ALPINI DI CONCESIO- SEZIONE DI BRESCIA.
Dati AlboPOP Item
MESSO COMUNALE: NOTIFICA N. 372/2017 DEL 26/05/2017 DI DEDJA ARBEN
Dati AlboPOP Item
INTEGRAZIONI E MODIFICHE ALL'AVVISO PUBBLICO PER LA FORMAZIONE DELL'ALBO FORNITORI PER LE CATEGORIE DI ACQUISTI DI BENI E SERVIZI PER IL SETTORE SERVIZI ALLA PERSONA - (D.LGS. N. 50/2016 e successive integrazioni e correzioni).
Dati AlboPOP Item
DETERMINAZIONE A CONTRATTARE MEDIANTE PROCEDURA SUL MERCATO ELETTRONICO DELLA PUBBLICA AMMINISTRAZIONE (SINTEL) PER L'AFFIDAMENTO DIRETTO DEL SERVIZIO DI REVISIONE STRAORDINARIA DELL'INVENTARIO DEI BENI MOBILI E IMMOBILI DEL COMUNE DI CONCESIO ED AGGIORNAMENTO ANNUALE DEI LIBRI INVENTARIALI DEI BENI MOBILI ED IMMOBILI. C.I.G. Z271EC25F6.
Dati AlboPOP Item
MESSO COMUNALE: NOTIFICA N. 364/2017 DEL 25/05/2017DI ZHOU QI
Dati AlboPOP Item
MESSO COMUNALE: NOTIFICA N. 352/2017 DEL 23/05/2017 DI TIGNONSINI IVAN
Dati AlboPOP Item
ASSUNZIONE IMPEGNO DI SPESA PER L'INSERIMENTO DELL'UTENTE N. MATR. 186.003.14 PRESSO UNA COMUNITA' PER MINORI PER IL PERIODO DAL 01/04/2017 AL 31/08/2017.
Dati AlboPOP Item
MESSO COMUNALE: NOTIFICA N. 355/2017 DEL 23/05/2017 DI MEHMOOD ARSHAD
Dati AlboPOP Item
CONCESSIONE DEL PATROCINIO GRATUITO A FAVORE DEL TORNEO DI PALLAVOLO ORGANIZZATO IN OCCASIONE DEL 50° ANNIVERSARIO DELL'ORATORIO PAOLO VI DELLA PIEVE.
Dati AlboPOP Item
MESSO COMUNALE: NOTIFICA N. 356/2017 DEL 23/05/2017 DI RAO TERESA
Dati AlboPOP Item
MESSO COMUNALE: NOTIFICA N. 357/2017 DEL 23/05/2017DI RAO TERESA
Dati AlboPOP Item
MESSO COMUNALE: NOTIFICA N. 362/2017 DEL 24/05/2017 DI ZHOU QI-
Dati AlboPOP Item
MESSO COMUNALE: NOTIFICA N. 361/2017 DEL 24/05/2017DI MARRA ANTONIO
Dati AlboPOP Item
ASSUNZIONE IMPEGNO DI SPESA A FAVORE DELLA DITTA ACQUAVIVA PER LA FORNITURA DI BICCHIERI MONOUSO PER L'ANNO 2017 ( CIG Z951EAAEAD)
Dati AlboPOP Item
ASSUNZIONE IMPEGNO DI SPESA PER IL PAGAMENTO DI CONTRIBUTI PER L'ACQUISTO DI PRODOTTI PER LA PRIMA INFANZIA PRESSO LE FARMACIE DEL TERRITORIO DI CONCESIO – ANNO 2017
Dati AlboPOP Item
ASSUNZIONE IMPEGNO DI SPESA A FAVORE DELLA DITTA TRASORM PER LA FORNITURA DI DUE PORTABICI ( CIG Z7A1D9AB05)
Dati AlboPOP Item
INDIZIONE ALLA GARA D'APPALTO PER IL SERVIZIO DI ESUMAZIONE ED ESTUMULAZIONE PER L'ANNO 2017 ( CIG ZB31E6A486 )
Dati AlboPOP Item
ASSUNZIONE IMPEGNO DI SPESA A FAVORE DELLA DITTA ARREDAMENTI FALEGNAMERIA COTALI PER LAVORI DI FALEGNAMERIA PER L'ANNO 2017 ( ZE81EAA5AC)
Dati AlboPOP Item
ASSUNZIONE IMPEGNO DI SPESA A FAVORE DELLA DITTA CENTRO C PER LA SISTEMAZIONE DELLA PLASTIFICATRICE DI PROPRIETA' DI QUESTO ENTE COMUNALE ( CIG Z971EAA569)
Dati AlboPOP Item
ASSUNZIONE IMPEGNO DI SPESA A FAVORE DELL'ACCADEMIA DI MUSICA E DI CANTO PER L'ANNO 2017.
Dati AlboPOP Item
NOMINA DELLA COMMISSIONE PER L'ESPLETAMENTO DELLE OPERAZIONI DELLA GARA PER L'AFFIDAMENTO DEL SERVIZIO DI TRASPORTO CON CONDUCENTE PER LA VISITA GUIDATA ALL'ACQUARIO DI GENOVA PROGRAMMATO PER IL 22/07/2017.
Dati AlboPOP Item
NOMINA DELLA COMMISSIONE PER L'ESPLETAMENTO DELLE OPERAZIONI DELLA GARA PER L'AFFIDAMENTO DEL SERVIZIO DI TESORERIA E DI CASSA PER IL PERIODO 01/06/2017-30/09/2021. 
Dati AlboPOP Item
MESSO COMUNALE: NOTIFICA N. 358/2017 DEL 23/05/2017 DI ZHANG YAOJIAN
Dati AlboPOP Item
POSTA CERTIFICATA: ACB INVIO MULTIPLO DI BANDI
Dati AlboPOP Item
DETERMINAZIONE A CONTRATTARE MEDIANTE PROCEDURA SUL MERCATO ELETTRONICO DELLA PUBBLICA AMMINISTRAZIONE (SINTEL) PER L'AFFIDAMENTO DEL SERVIZIO DI TRASPORTO CON CONDUCENTE PER LA VISITA GUIDATA ALL'ACQUARIO DI GENOVA PROGRAMMATO PER IL 22/07/2017 (CIG: Z0D1E8769B). 
Dati AlboPOP Item
POSTA CERTIFICATA: ACB BANDI
Dati AlboPOP Item
MESSO COMUNALE: NOTIFICA N. 346/2017 DEL 19/05/2017 DI MUHAMMAD AMIN 
Dati AlboPOP Item
BANDO POR FESR 2014-20: ASSE IV, AZIONE IV.4.C.1.1  D.G.R. 5146 DEL 9 MAGGIO 2016 «FONDO REGIONALE EFFICIENZA ENERGETICA (FREE)» PER LEFFICIENTAMENTO ENERGETICO DEGLI EDIFICI PUBBLICI DI PROPRIETÀ DEGLI ENTI LOCALI.
Dati AlboPOP Item
MESSO COMUNALE: NOTIFICA N. 345/2017 DEL 16/05/2017 DI ZHOU QI 
Dati AlboPOP Item
POSTA CERTIFICATA: AVVISO DI MOBILITA VOLONTARIA PER LA COPERTURA DI 1 POSTO DI CATEGORIA B1 PROFILO PROFESSIONALE OPERATORE AREA TECNICO MANUTENTIVA.
Dati AlboPOP Item
PUBBLICAZIONE BANDI INVIATI DA ASSOCIAZIONE COMUNI BRESCIANI - VEDI ALLEGATI
Dati AlboPOP Item
POSTA CERTIFICATA: ACB INVIO MULTIPLO DI BANDI
Dati AlboPOP Item
BANDO PUBBLICO PER LE ASSEGNAZIONI DI CONCESSIONI DI AREE PUBBLICHE AI FINI DELL’ESERCIZIO DI RIVENDITA DI QUOTIDIANI E PERIODICI
Dati AlboPOP Item
ISTITUZIONE TEMPORANEA SENSO UNICO IN VIA LODRONE CON IMMISSIONE IN PIAZZA I° MAGGIO.
Dati AlboPOP Item
ORDINANZA CONTINGIBILE ED URGENTE DI PROSECUZIONE DELL'ATTIVITA' DI GESTIONE DEL CENTRO DI RACCOLTA DEL COMUNE DI CONCESIO SITO IN VIA ALDO MORO N° 8.
Dati AlboPOP Item
POSTA CERTIFICATA: ISTITUTO POLIGRAFICO E ZECCA DELLO STATO S.P.A. - SCUOLA DELL'ARTE DELLA MEDAGLIA - BANDO DI CONCORSO A.A. 2017-2018
Dati AlboPOP Item
AGGIORNAMENTO DEGLI ALBI DEI GIUDICI POPOLARI PER LE CORTI D'ASSISE E PER LE CORTI D'ASSISE D'APPELLO. ISCRIZIONE NEGLI ELENCHI COMUNALI.
Dati AlboPOP Item
ISTITUZIONE TEMPORANEA CHIUSURA DI PIAZZA I° MAGGIO / VIA LODRONE (STRETTOIA) E IL SENSO UNICO ALTERNATO IN VIA LODRONE FRONTE IL CIV. 61 (CON DIVIETO DI SOSTA ALL'INIZIO DI VIA C ARICATORE). PROROGA
Dati AlboPOP Item
BANDO REGIONE LOMBARDIA - AGGREGAZIONE GIOVANILE NEGLI ORATORI
Dati AlboPOP Item
RSS Creato
Pubblicazione GitHUB
