Citta Bernareggio
Download pagina
Creazione Feed
Inserimento dati AlboPOP
POSTA CERTIFICATA: PROT. N.6566 DEL 06-06-2017 - AVVISO DI MOBILITA' VOLONTARIA PER LA COPERTURA DI N. 1 POSTO A TEMPO PIENO E INDETERMINATO - CAT. "C" - PROFILO "ISTRUTTORE"
Dati AlboPOP Item
AVVISO PUBBLICO PER L’ASSEGNAZIONE DEL CAMPO DA CALCIO E DELLA PISTA DI ATLETICA DEL CTL3 STAGIONE 2017/18
Dati AlboPOP Item
APPROVAZIONE AVVISO PUBBLICO PER L'ASSEGNAZIONE DELLE PALESTRE, DEGLI SPAZI E DEL CAMPO DI CALCIO IN ERBA NATURALE DI PROPRIETA' COMUNALE ALLE ASSOCIAZIONI SPORTIVE E DEL TEMPO LIBERO - STAGIONE 2017/2018
Dati AlboPOP Item
AUTORIZZAZIONE A PRENDERE IN CARICO LA GESTIONE DEL CAMPO DA CALCIO E DI ATLETICA DEL CONSORZIO CTL3 IN LIQUIDAZIONE A FAR DATA DAL 01/06/2017
Dati AlboPOP Item
POSTA CERTIFICATA: CONVOCAZIONE ASSEMBLEA GENERALE GIORNO 09.06.2017 ORE 11,30 - RICHIESTA PUBBLICAZIONE
Dati AlboPOP Item
PROSIEGUO INSERIMENTO DISABILE ADULTO IN CDD "TERRE DI MEZZO" DELL'AST VIMERCATE - IMPEGNO DI SPESA PER IL PERIODO 01/06/2017 - 31/07/2017
Dati AlboPOP Item
CIG: Z330D1FE24 - PROROGA INCARICO PER SERVIZI DI ARCHIVIAZIONE DOCUMENTALE SINO AL 30/09/2017
Dati AlboPOP Item
POSTA CERTIFICATA: BANDO SELEZIONE AGENTE DI POLIZIA LOCALE A TEMPO DETERMINATO E PART TIME
Dati AlboPOP Item
DETERMINAZIONE DEL CORRISPETTIVO ECONOMICO DI TRASFORMAZIONE DEL DIRITTO DI SUPERFICIE IN DIRITTO DI PROPRIETA’ ED ELIMINAZIONE DEI VINCOLI RELATIVI ALLA DETERMINAZIONE DEL PREZZO MASSIMO DI CESSIONE RELATIVO ALL’IMMOBILE SITO IN BERNAREGGIO VIA PERTINI 19, IDENTIFICATO CATASTALMENTE AL FG.18 MAPP. 620 SUB 5 (ALLOGGIO) , SUB 26 (BOX/POSTO AUTO) 
Dati AlboPOP Item
DETERMINAZIONE DEL CORRISPETTIVO ECONOMICO DI TRASFORMAZIONE DEL DIRITTO DI SUPERFICIE IN DIRITTO DI PROPRIETA’ ED ELIMINAZIONE DEI VINCOLI RELATIVI ALLA DETERMINAZIONE DEL PREZZO MASSIMO DI CESSIONE RELATIVO ALL’IMMOBILE SITO IN BERNAREGGIO VIA PERTINI 19, IDENTIFICATO CATASTALMENTE AL FG.18 MAPP. 619 SUB 9 (ALLOGGIO) , SUB 21 (BOX/POSTO AUTO) 
Dati AlboPOP Item
DETERMINAZIONE DEL CORRISPETTIVO ECONOMICO DI TRASFORMAZIONE DEL DIRITTO DI SUPERFICIE IN DIRITTO DI PROPRIETA’ ED ELIMINAZIONE DEI VINCOLI RELATIVI ALLA DETERMINAZIONE DEL PREZZO MASSIMO DI CESSIONE RELATIVO ALL’IMMOBILE SITO IN BERNAREGGIO VIA PERTINI 19, IDENTIFICATO CATASTALMENTE AL FG.18 MAPP. 619 SUB 12 (ALLOGGIO) , SUB 22 E SUB 17 (BOX/POSTO AUTO) 
Dati AlboPOP Item
DETERMINAZIONE DEL CORRISPETTIVO ECONOMICO DI TRASFORMAZIONE DEL DIRITTO DI SUPERFICIE IN DIRITTO DI PROPRIETA’ ED ELIMINAZIONE DEI VINCOLI RELATIVI ALLA DETERMINAZIONE DEL PREZZO MASSIMO DI CESSIONE RELATIVO ALL’IMMOBILE SITO IN BERNAREGGIO VIA XX SETTEMBRE 22, IDENTIFICATO CATASTALMENTE AL FG.18 MAPP. 630 SUB 2 (ALLOGGIO E CANTINA) SUB 15 (BOX/POSTO AUTO)
Dati AlboPOP Item
CIG: Z2D1EC3D26 - ATTIVAZIONE MODULO COLLEGAMENTO AL PROTOCOLLO INFORMATICO DEL SOFTWARE ARCHI 7 - ASSISTENZA SINO AL 31/12/2019 - AFFIDAMENTO TRAMITE MEPA
Dati AlboPOP Item
AVVISO MOBILITA' :- AGENTE POLIZIA LOCALE – CAT. C.- ISTRUTTORE DIRETTIVO AMMINISTRATIVO - CAT. D1, SERVIZIO COMMERCIO; - ISTRUTTORE GEOMETRA – CAT. C – A TEMPO PARZIALE 50%, SERVIZIO CATASTO
Dati AlboPOP Item
INDAGINE DI MERCATO ESPLORATIVA PER L’INDIVIDUAZIONE DI SOGGETTI INTERESSATI ALLA CONCESSIONE DELL’APERTURA E CHIUSURA E GESTIONE DEL PUNTO RISTORO DELLA PALESTRA COMUNALE “E. RONCHI” SITA IN LARGO DONATORI DEL SANGUE. 
Dati AlboPOP Item
ISTITUZIONE SENSO UNICO ALTERNATO IN VIA LOMBARDIA N 1 IL GIORNO 05/06/2017 DALLE ORE 08.00 FINO AL TERMINE DEI LAVORI
Dati AlboPOP Item
AVVISO PUBBLICO PER L’ASSEGNAZIONE DEL CAMPO DA CALCIO IN ERBA NATURALE, DI PROPRIETA’ COMUNALE, SITO IN VIA EUROPA STAGIONE 2017/2018
Dati AlboPOP Item
AVVISO PUBBLICO PER L’ASSEGNAZIONE DELLE PALESTRE E DEGLI SPAZI DI PROPRIETA’ COMUNALE ALLE ASSOCIAZIONI SPORTIVE E DEL TEMPO LIBERO ANNO SPORTIVO 2017/2018
Dati AlboPOP Item
FORNITURA LIBRI PER LA BIBLIOTECA CIVICA - CIG Z6E1E72309
Dati AlboPOP Item
INTEGRAZIONE IMPEGNO DI SPESA ASSUNTO CON DETERMINAZIONE N. 77/2015 AVENTE PER OGGETTO: "AFFIDAMENTO SERVIZIO CONTABILITA' IVA E SERVIZIO SPLIT PAYMENT ANNI 2015-2016-2017" - CIG Z721EC86A7
Dati AlboPOP Item
IMPEGNO DI SPESA E LIQUIDAZIONE QUOTA SEMESTRALE CONVENZIONE PER LA GESTIONE IN FORMA ASSOCIATA DEL SERVIZIO DI PROTEZIONE CIVILE - ANNO 2017.
Dati AlboPOP Item
INTEGRAZIONE RETTA RSA PERSONA ANZIANA ANNO 2017 - PERIODO 01/06/2017- 31/07/2017. 
Dati AlboPOP Item
CIG:Z0317A46C4 - PROROGA INCARICO SERVIZIO DI RECAPITO DELLA CORRISPONDENZA SINO AL 31 LUGLIO 2017
Dati AlboPOP Item
COMPARTECIPAZIONE SPESE INTERVENTO DI SPAZIO NEUTRO LUGLIO-AGOSTO 2017
Dati AlboPOP Item
AGGIUDICAZIONE FORNITURA MATERIALE VARIO DI CANCELLERIA PER UFFICI TRAMITE PROCEDURA SELETTIVA DEL CONTRAENTE MEDIANTE RDO IN MEPA - CIG Z331EA0BFA
Dati AlboPOP Item
CIG: ZC61EB29B2 - AVVIO DELLE PROCEDURE DI GARA PER L’INCARICO PROFESSIONALE PER LA REDAZIONE DI RELAZIONE STRUTTURALE DI MASSIMA SULLA BASE DELLO STUDIO DI FATTIBILITA’ DEL PROGETTO DI RIUSO DI PALAZZO LANDRIANI 
Dati AlboPOP Item
EMISSIONE AVVISI DI PAGAMENTO PER LA RISCOSSIONE DELLA TASSA SUI RIFIUTI (TARI) – 1° SEMESTRE ANNO 2017 
Dati AlboPOP Item
ISTITUZIONE SENSO UNICO ALTERNATO DURANTE LO SCAVO DI ATTRAVERSAMENTO DI VIA SILVIO PELLICO DALLE ORE 08.00 DEL 29/05/2017 FINO AL TERMINE DEI LAVORI DI SCAVO CHIUSURA DI UN TRATTO DELLA CICLOPEDONALE DI VIA SILVIO PELLICO DALLE ORE 08.00 DEL 29/05/2017 ALLE ORE 18.00 DEL 01/06/2017
Dati AlboPOP Item
TRASMISSIONE NOTA DI RETTIFICA AVVISI DI MOBILITA'
Dati AlboPOP Item
TRASFORMAZIONE DEL DIRITTO DI SUPERFICIE IN DIRITTO DI PIENA PROPRIETA' DI AREA A CARATTERE INDUSTRIALE UBICATA IN ZONA P.I.P. VIALE DELLE INDUSTRIE 37/39 – FG 33 MAPPALE 52 SUBALTERNI 701 / 702 GIA’ CONCESSA IN DIRITTO DI SUPERFICIE ALLA SOCIETÀ COOPERATIVA LAVORO E PRODUZIONE S.R.L. PER AZIONI E SUCCESSIVAMENTE ASSEGNATA ALLA DITTA INDIVIDUALE FACMA DI MAGNI ROBERTO 
Dati AlboPOP Item
SOSTITUZIONE COMPONENTE DEL CONSIGLIO DI AMMINISTRAZIONE DELL'ASSOCIAZIONE PRO-LOCO
Dati AlboPOP Item
TRASFORMAZIONE DEL DIRITTO DI SUPERFICIE IN DIRITTO DI PIENA PROPRIETA' DI AREA A CARATTERE INDUSTRIALE UBICATA IN ZONA P.I.P. VIALE DELLE INDUSTRIE 37/39 – FG 33 MAPPALE 52 SUBALTERNI 701 / 702 GIA’ CONCESSA IN DIRITTO DI SUPERFICIE ALLA SOCIETÀ COOPERATIVA LAVORO E PRODUZIONE S.R.L. PER AZIONI E SUCCESSIVAMENTE ASSEGNATA ALLA DITTA INDIVIDUALE FACMA DI MAGNI ROBERTO - RITIRO 
Dati AlboPOP Item
APPROVAZIONE DEL NUOVO REGOLAMENTO PER L'ACCESSO AGLI ATTI ED AI DOCUMENTI, PER L’ACCESSO CIVICO E PER L’ ACCESSO GENERALIZZATO
Dati AlboPOP Item
PROROGA DELL’AFFIDAMENTO IN ESSERE CON LA SOCIETÀ IN HOUSE CEM AMBIENTE S.P.A. PER LA GESTIONE DEI SERVIZI DI IGIENE URBANA OLTRE IL TERMINE DEL 31 MAGGIO P.V.
Dati AlboPOP Item
ADOZIONE 1° VARIAZIONE AL BILANCIO DI PREVISIONE 2017/2019 ED ALLEGATI
Dati AlboPOP Item
APPROVAZIONE RENDICONTO DELLA GESTIONE ESERCIZIO 2016 E RELAZIONE ILLUSTRATIVA
Dati AlboPOP Item
APPROVAZIONE VERBALI DELIBERAZIONI ADOTTATE NELLE SEDUTE PRECEDENTI
Dati AlboPOP Item
VERBALE DI SEDUTA DEL 19 MAGGIO 2017
Dati AlboPOP Item
APPROVAZIONE PROGETTO "RECUPERO E MIGLIORAMENTO OASI CASTAGNETO" IN COMUNE DI BERNAREGGIO NELL'AMBITO DEL PROGETTO CARIPLO "AZIONI PER IL RAFFORZAMENTO INTEGRATO DELLA RETE ECOLOGICA - APRIRE"
Dati AlboPOP Item
PROCEDURE INTERNE PER LA SEGNALAZIONE DI OPERAZIONI SOSPETTE DI RICICLAGGIO E DI FINANZIAMENTO DEL TERRORISMO - DIRETTIVE
Dati AlboPOP Item
CIG: Z341EB0935 - FORNITURA ROTOLI CARTA TERMICA PER SISTEMA ELIMINACODE TRAMITE MEPA - VARIAZIONE DI PEG
Dati AlboPOP Item
CIG: Z461E8CB95 - FORNITURA PUBBLICAZIONE "LA COSTITUZIONE DELLA REPUBBLICA ITALIANA" TRAMITE GARA SINTEL - VARIAZIONE DI PEG
Dati AlboPOP Item
CIG: Z341EB0935 - FORNITURA NASTRI PER STAMPANTI SERVIZI DEMOGRAFICI TRAMITE MEPA - VARIAZIONE PEG
Dati AlboPOP Item
RIMBORSO IN SEGUITO A RINUNCIA DI CONCESSIONE CIMITERIALE
Dati AlboPOP Item
CONCESSIONE PATROCINIO ALL'ASSOCIAZIONE "AMICI DELLA STORIA DELLA BRIANZA" PER ORGANIZZAZIONE INIZIATIVA "CONFERENZA: LE PIETRE DELLA BRIANZA" 
Dati AlboPOP Item
CONFERMA ED INTEGRAZIONE DETERMINAZIONE N. 113 DEL 19/5/2017 AD OGGETTO "MANIFESTAZIONE 8^ FESTA DELLO SPORT - ANNO 2017". CIG: ZF01E9C45C
Dati AlboPOP Item
CIG Z4E1E82A00 - SERVIZIO DI MANUTENZIONE PER RIPARAZIONE VEICOLO PIAGGIO APE 50 - TARGA X3MHD7
Dati AlboPOP Item
MANUTENZIONE STRAORDINARIA AUTOMEZZI IN DOTAZIONE AI SERVIZI SOCIALI - CIG: Z3A11BBB08
Dati AlboPOP Item
ADESIONE CONVENZIONE CONSIP PER LA FORNITURA IN NOLEGGIO PER LA DURATA DI 48 MESI DI APPARECCHIATURE MULTIFUNZIONE DI FASCIA MEDIA PER SCANSIONE, COPIA E STAMPA - 26ESIMA EDIZIONE - ID 1688 – LOTTO 4 - CIG: Z661E96B33 
Dati AlboPOP Item
ATTO DI ACCREDITAMENTO DELL'UNITA DI OFFERTA SOCIALE ASILO NIDO "TANTE COCCOLE" - BERNAREGGIO (MB)
Dati AlboPOP Item
AVVISO INDIZIONE BANDO DI SELEZIONE DI MOBILITÀ VOLONTARIA, AI SENSI DELL'ART. 30, COMMA 1, DEL D.LGS. N. 165/2001, PER LA FORMAZIONE DI UNA GRADUATORIA PER IL PROFILO DI ISTRUTTORE AMMINISTRATIVO/FINANZIARIO CAT. C PRESSO IL SETTORE ECONOMICO-FINANZIARIO SERVIZIO BILANCIO E PROGRAMMAZIONE FINANZIARIA.
Dati AlboPOP Item
MANIFESTAZIONE "8 FESTA DELLO SPORT - ANNO 2017". CIG: ZF01E9C45C
Dati AlboPOP Item
POSTA CERTIFICATA: AVVISO DI MOBILITA’ ESTERNA PER LA COPERTURA A TEMPO PIENO E INDETERMINATO DI 1 POSTO DI ISTRUTTORE DIRETTIVO TECNICO CATEGORIA GIURIDICA D 1 SERVIZIO TECNICO ASSOCIATO
Dati AlboPOP Item
POSTA CERTIFICATA: AVVISO DI MOBILITÀ ESTERNA VOLONTARIA PER N.1 POSTO DI ISTRUTTORE DIRETTIVO CONTABILE CATEGORIA D1. RICHIESTA PUBBLICAZIONE ALL'ALBO PRETORIO.
Dati AlboPOP Item
POSTA CERTIFICATA: TRASMISSIONE BANDO DI MOBILITA' ESTERNA PER 1 POSTI CAT. C AGENTE POLIZIA LOCALE PER PUBBLICAZIONE ALL'ALBO
Dati AlboPOP Item
TRASMISSIONE AVVISI DI MOBILITA' VOLONTARIA N 1 POSTO DI SPECIALISTA DEI PROCESSI AMM-VO CONTABILI E DEI SERVIZI CAT D1 E N. 2 POSTI DI ISTRUTTORE TECNICO CAT C
Dati AlboPOP Item
[20170012582] BANDO DI CONCORSO PUBBLICO, PER SOLI ESAMI, PER L'ASSUNZIONE A TEMPO PIENO E DETERMINATO, PER SOSTITUZIONE DI MATERNITÀ, DI UN COLLABORATORE AMMINISTRATIVO DI CATEGORIA B- POSIZIONE GIURIDICA B3
Dati AlboPOP Item
POSTA CERTIFICATA: INVIO BANDO DI MOBILITA' ESTERNA VOLONTARIA - N. 1 ISTRUTTORE AMMINISTRATIVO/CONTABILE - CATEGORIA C
Dati AlboPOP Item
AVVISO DI MOBILITA’ VOLONTARIA FUNZIONARIO ESPERTO -CAT D3 - ADDETTO STAMPA
Dati AlboPOP Item
POSTA CERTIFICATA: RICHIESTA PUBBLICAZIONE N° 2 BANDI DI MOBILITÀ ISTRUTTORE AMMINISTRATIVO SERVIZI DEMOGRAFICI E AGENTE DI POLIZIA LOCALE
Dati AlboPOP Item
AVVISO DI SELEZIONE PER LA COPERTURA DI UN POSTO A TEMPO PIENO ED INDETERMINATO, MEDIANTE MOBILITA’ ESTERNA VOLONTARIA AI SENSI DELL’ART. 30 DEL D. LGS 165/2001, DI N. 1 FUNZIONARIO DIRETTIVO AMMINISTRATIVO CAT. D1, CCNL REGIONI ED ENTI LOCALI, PRESSO IL SETTORE ASSOCIATO N. 1 AFFARI GENERALI
Dati AlboPOP Item
AGGIORNAMENTO ALBI GIUDICI POPOLARI PER LO CORTI D 'ASSISE E PER LE CORTI D'ASSISE D'APPELLO : ISCRIZIONE NEGLI ELENCHI COMUNALI
Dati AlboPOP Item
POSTA CERTIFICATA: ISTITUTO POLIGRAFICO E ZECCA DELLO STATO S.P.A. - SCUOLA DELL'ARTE DELLA MEDAGLIA - BANDO DI CONCORSO A.A. 2017-2018
Dati AlboPOP Item
RSS Creato
Pubblicazione GitHUB
