Citta Capri
Download pagina
Creazione Feed
Inserimento dati AlboPOP
AVVISO DI DEPOSITO DI N.2 ATTI NELLA CASA COMUNALE
Dati AlboPOP Item
AVVISO DI DEPOSITO DI N.1 ATTO NELLA CASA COMUNALE
Dati AlboPOP Item
AVVISO RILASCIO PERMESSO COSTRUIRE SIG. GRECO
Dati AlboPOP Item
SERVIZIO DI PULIZIA DEGLI IMMOBILI DI COMPETENZA COMUNALE E DELLE AREE CIMITERIALI – LIQUIDAZIONE FATTURA IN FAVORE DELLA DITTA ECOCLEANER SRL MAGGIO 2017
Dati AlboPOP Item
AVVISO - GESTIONE DEGLI ORMEGGI NELLO SPECCHIO D'ACQUA DEL DEMANIO MARITTIMO IN CONCESSIONE AL COMUNE DI CAPRI ALL'INTERNO DEL PORTO COMMERCIALE.
Dati AlboPOP Item
POTENZIAMENTO, INTEGRAZIONE ED ADEGUAMENTO DELLA PUBBLICA ILLUMINAZIONE COMUNALE IN VARIE STRADE DEL TERRITORIO COMUNALE, SECONDO LA RIMODULAZIONE DEL QUADRO DEGLI INTERVENTI A SEGUITO DEL NUOVO PROGRAMMA DEI LAVORI DELLA DITTA "TELECOM ITALIA S.P.A.".LIQUIDAZIONE DELLA FATTURA DELLA DITTA "EDIL CAPRI S.R.L." DI CAPRI.
Dati AlboPOP Item
LIQUIDAZIONE IN FAVORE DELLA REGIONE CAMPANIA DEI CANONI DEMANIALI MARITTIMI RELATIVAMENTE ALLA C.D.M. N.9/2013 E N.4/2015, ED ALL'OCCUPAZIONE TEMPORANEA PER FIERA MERCATO (AUTORIZZAZIONE N.21/2017).
Dati AlboPOP Item
Affidamento temporaneo e provvisorio per servizio parcheggio veicoli con custodia in loc. Marimna Granbde - Molo Pennello.
Dati AlboPOP Item
Aggiudicazione defintiva alla ditta Marsico s.a.s. di D'Ambrosio & Mennillo per l'affidamento esterno per la gestione del parcheggio con custodia di veicoli, alaggio varo e sosta invernale di piccole imbarcazioni in loc. Marina Grande - Molo Pennello - CIG 7051583E5D. 
Dati AlboPOP Item
RICORSO IN RIASSUNZIONE AL TAR CAMPANIA – NAPOLI - CARUSO GENOVEFFA VS CAPRI SERVIZI S.R.L. UNIPERSONALE E COMUNE DI CAPRI – COSTITUZIONE IN GIUDIZIO – LIQUIDAZIONE SALDO IN FAVORE DELL’AVVOCATO ALESSANDRO LIMATOLA DELIBERA DI G.C. N. 32 DEL 02/02/2017 DETERMINA DIRIGENZIALE N. 97 DEL 03/02/2017 
Dati AlboPOP Item
FORNITURA GENERI ALIMENTARI E GESTIONE DEL SERVIZIO DI REFEZIONE SCOLASTICA 2016-2019 - LIQUIDAZIONE FATTURA MAGGIO 2017 IN FAVORE DELLA DITTA G.L.M. RISTORAZIONE SRL - CIG. 682934274C
Dati AlboPOP Item
IMPEGNATIVA DI IMPORTO PER ACQUISTO CARBURANTE DESTINATO AGLI AUTOMEZZI DEL COMANDO DI POLIZIA MUNICIPALE – LIQUIDAZIONE.-
Dati AlboPOP Item
PROCEDURA VOLTA ALLA FORMAZIONE DELLA GRADUATORIA DEFINITIVA PER L'ASSEGNAZIONE DI ORMEGGI ALL'INTERNO DEGLI SPECCHI ACQUEI NEL PORTO COMMERCIALE IN REGIME DI C.D.M. AL COMUNE DI CAPRI. APPROVAZIONE VERBALE N.7 DELL1.06.2017, GRADUATORIA, ELENCO ASSEGNATARI PER LA CATEGORIA DIPORTO COMMERCIALE-.
Dati AlboPOP Item
CONVOCAZIONE CONSIGLIO COMUNALE 16 GIUGNO 2017 - ODG
Dati AlboPOP Item
BILANCIO DI PREVISIONE 2017 - AVVISO DI DEPOSITO DEL BILANCIO DI PREVISIONE E RELATIVI ALLEGATI
Dati AlboPOP Item
RICORSO AL T.A.R. CAMPANIA PROMOSSO DALLA DITTA LIMONTA SPORT S.P.A - COSTITUZIONE IN GIUDIZIO - LIQUIDAZIONE SALDO ALL’AVVOCATO BRUNO DE MARIA Delibera di Giunta Comunale n.57 del 29/03/2017 Determina dirigenziale n.267 del 03/04/2017 
Dati AlboPOP Item
Consorzio Noleggiatori Capresi s.r.l. - sostituzione autobus di cui alle autorizzazioni nr. 4 e 15. 
Dati AlboPOP Item
AFFIDAMENTO ESTERNO PER LA GESTIONE DEL PARCHEGGIO CON CUSTODIA DI VEICOLI E DEL SERVIZIO DI ALAGGIO, VARO E SOSTA INVERNALE DI PICCOLE IMBARCAZIONI IN LOCALITA’ MARINAGRANDE MOLO PENNELLO - CIG: 7051583E5D - AGGIUDICAZIONE ALLA DITTA MARSICO S.A.S.
Dati AlboPOP Item
STAGE FORMATIVO GIOVANI INGEGNERI - ING. ALDO ROSATO - LIQUIDAZIONE COMPENSO MESE DI MAGGIO 2017
Dati AlboPOP Item
DIREZIONE DEI LAVORI DI MANUTENZIONE STRAORDINARIA DELL'IMMOBILE COMUNALE "EREDITA' RUSSO". LIQUIDAZIONE DELLA FATTURA DI ACCONTO IN FAVORE DELL'ARCH. GIOVANNA CARIO DI CAPRI.
Dati AlboPOP Item
VERBALE DI SOPRALLUOGO E AFFIDAMENTO LAVORI SOMMA URGENZA FOGNA SCUOLA IV NOVEMBRE
Dati AlboPOP Item
INGIUNZIONE ALLA DEMOLIZIONE DI OPERE EDILI ABUSIVE ESISTENTI NELLA PROPRIETA' DI VIA CASTELLO N.29 GIA' DISTINTA IN CATASTO AL FOGLIO DI MAPPA N.5 MAPPALI N.207-551 - EREDI SIG:RA MIRELLA FERRARO 
Dati AlboPOP Item
LIQUIDAZIONE PROGETTO PRODUTTIVITA' ANNO 2016 - SETTORE SERVIZI DEMOGRAFICI E SOCIALI.
Dati AlboPOP Item
ANNULLAMENTO IN AUTUTELA DELLE ORDINANZE N.53/2013 E N.12/2015 DI DEMOLIZIONE DI OPERE EDILI ABUSIVE E DI ACQUISIZIONE DELLE STESSE A TITOLO GRATUITO AL PATRIMONIO COMUNALE - VIA CASTELLO N.29 IN DITTA EREDI SIG.RA MIRELLA FERRARO
Dati AlboPOP Item
VARIAZIONE DEL P.E.G. ASSEGNATO AL SETTORE IV - LL.PP. -
Dati AlboPOP Item
"IN...CANTO IN PIAZZETTA" - APPROVAZIONE PREVENTIVO SOC. OUVERTURE S.A.S E IMPEGNATIVA DI SPESA MESE DI MAGGIO. CIG.Z0F1EB6E07
Dati AlboPOP Item
ELENCO AUTORIZZAZIONI PAESAGGISTICHE
Dati AlboPOP Item
ANNULLAMENTO IN AUTOTUTELA DELL' ORDINANZA N.278/2013 DI ACQUISIZIONE AL PATRIMONIO COMUNALE DI OPERE EDILI ABUSIVE ESEGUITE IN VIA MULO N.5/A IN PROPRIETA' SIG.RA ANTONIETTA POLLIO BENVENUTO
Dati AlboPOP Item
AVVISO DI DEPOSITO DI N.1 ATTO NELLA CASA COMUNALE
Dati AlboPOP Item
CONVOCAZIONE CONSIGLIO COMUNALE 6 GIUGNO 2017 - ODG
Dati AlboPOP Item
MANTENIMENTO DI UNA RAMPA DI ACCESSO PER DIVERSAMENTE ABILI SULLA SPIAGGIA DI MARINA GRANDE: VARIAZIONE DELLA C.DM. N. 9/2010, REDAZIONE DEL MODELLO MINISTERIALE DEL S.I.D. "D3" ED ISTANZA DI OCCUPAZIONE TEMPORANEA DELL'AREA DI CANTIERE. LIQUIDAZIONE DELLA FATTURA DELL'ARCH. GIANVITO CONTE DI CAPRI.
Dati AlboPOP Item
LIQUIDAZIONE SALDO ALL'AVV. UMBERTO FEDERICO PER CONTENZIOSO COMUNE DI CAPRI C/SOC. SIPPIC S.P.A. Delibera Giunta comunale n. 78/2011 Determina dirigenziale n. 435 del 06/06/2011 
Dati AlboPOP Item
LIQUIDAZIONE TARI PER L'ANNO 2017.
Dati AlboPOP Item
TRIBUNALE DI NAPOLI – SEZIONE LAVORO – RICORSO PROMOSSO DALLA DIPENDENTE COPPOLA ORNELLA – LIQUIDAZIONE ACCONTO AL L’ASSOCIAZIONE LIMATOLA AVVOCATI DELIBERA DI GIUNTA COMUNALE N. 76 DEL 05/05/2017 DETERMINA DIRIGENZIALE N 344 DEL 08/05/2017 
Dati AlboPOP Item
TRIBUNALE DI NAPOLI - SEZIONE LAVORO – RICORSO PROMOSSO DAL DIPENDENTE GIUSEPPE VALLONE – COSTITUZIONE IN GIUDIZIO- LIQUIDAZIONE ACCONTO ALL’AVVOCATO ALESSANDRO LIMATOLA R.G. 25166/2016 DELIBERA DI G.C. N. 29 DEL 02/02/2017 DETERMINA DIRIGENZIALE N. 96 DEL 08/02/2017 
Dati AlboPOP Item
ACQUISTO CONDIZIONATORI PER GLI UFFICI DEL SETTORE I – AFFARI GENERALI – LIQUIDAZIONE FATTURA DITTA S.I.T. CAPRI S.R.L. CIG: ZB01D35D04
Dati AlboPOP Item
Carrello elettrico nr. 104 - cambio dal settore edilizio in settore tecnologico - Ditta I.C.E.T. di Castellano Maurizio 
Dati AlboPOP Item
IMPEGNO DI SPESA PER NOLEGGIO BUS CON CONDUCENTE IN OCCASIONE DELLE MANIFESTAZIONI SPORTIVE "SPORT IN...COMUNE" E "GOLDEN GALA DI ATLETICA LEGGERA 2017" - CIG: Z441EC493B
Dati AlboPOP Item
REVISIONE SEMESTRALE ED EVENTUALE RICARICA DEGLI ESTINTORI IN DOTAZIONE DEGLI IMMOBILI COMUNALI. APPROVAZIONE DEL PREVENTIVO DELLA DITTA "ANTINCENDIO S.I.P.A. DI MELE DOMENICO" DI ACQUAMELA DI BARONISSI (SA).
Dati AlboPOP Item
GRUPPO DI MISURA PER L'IMPIANTO DI PUBBLICA ILLUMINAZIONE DI VIA FARAGLIONI.- APPROVAZIONE PREVENTIVO SIPPIC ED IMPEGNO DI SPESA -.
Dati AlboPOP Item
Approvazione schema di contratto di servizio per la gestione del ciclo integrato dei rifiuti tra il Comune di Capri e la S.A.P.N.A. – Sistema Ambiente Provincia di Napoli S.p.A. -anno 2017.
Dati AlboPOP Item
SMALTIMENTO AMIANTO PRESSO IL FONDO DI CESINA - REVOCA DETERMINAZIONE DIRIGENZIALE N.162 DEL 24/02/2017
Dati AlboPOP Item
SOSTITUZIONE DI UNA CADITOIA IN VIA CASTELLO, ALL'ALTEZZA DEL CIVICO 29. APPROVAZIONE DEL PREVENTIVO DELLA DITTA "EDIL ANDALA S.R.L." DI NAPOLI. SOSTITUZIONE DI UNA CADITOIA IN VIA CASTELLO, ALL'ALTEZZA DEL CIVICO 29. APPROVAZIONE DEL PREVENTIVO DELLA DITTA "EDIL ANDALA S.R.L." DI NAPOLI.
Dati AlboPOP Item
FORNITURA E TRASPORTO DI PIASTRELLE PER LA PAVIMENTAZIONE DEL TERRAZZO DI COPERTURA DI "VILLA LYSIS". IMPEGNO DI SPESA, IN FAVORE DELLA DITTA "IMPRESA EDILE MERCADANTE ANTONIO" DI CASAL DI PRINCIPE (CE), DELLE SOMME RIENTRANTI SOTTO LA VOCE "FORNITURA IVA COMPRESA" DEL QUADRO ECONOMICO APPROVATO.
Dati AlboPOP Item
IMPEGNO E PRENOTAZIONE PER ASSICURAZIONI VEICOLI IN DOTAZIONE ALLA POLIZIA MUNICIPALE.-
Dati AlboPOP Item
Impegnativa di spesa per il pagamento del canone demaniale marittimo per l'anno 2017 relativo alla C.D.M. n.9/2013.
Dati AlboPOP Item
IMPEGNATIVA DI SPESA PER IL PAGAMENTO DEL CANONE DEMANIALE MARITTIMO PER L'ANNO 2017 RELATIVAMENTE ALLA C.D.M. N.4/2015.
Dati AlboPOP Item
IMPEGNATIVA DI SPESA PER IL PAGAMENTO DEL CANONE DEMANIALE MARITTIMO PER L'OCCUPAZIONE TEMPORANEA DI UN'AREA DEMANIALE PER FIERA MERCATO.
Dati AlboPOP Item
LAVORI DI ADEGUAMENTO DI "VILLA LYSIS" AI FINI MUSEALI. AGGIUDICAZIONE EFFICACE IN FAVORE DELLA DITTA "IMPRESA EDILE MERCADANTE ANTONIO" DI CASAL DI PRINCIPE (CE). RITORNO SULLA DETERMINAZIONE DIRIGENZIALE N. 378 DEL 17.5.2017.
Dati AlboPOP Item
CERIMONIA PER LA FINE DEI LAVORI DI MESSA IN SICUREZZA DELL'ARCO NATURALE - APPROVAZIONE PREVENTIVO INTRATTENIMENTO MUSICALE E CATERING - ONERI SIAE. RUGGIERO MARCO - CIG.Z711EB6DF8 CAPRI PASTA DI COLAVECCHIA ROBERTO - CIG.Z3E1EB6DF3
Dati AlboPOP Item
PREVENTIVO DI SPESA NR. 24/P/2017 RELATIVO A OFFERTA FORMAZIONE “CONCILIA” PIU’ LICENZA CLIENT CONCILIA.-
Dati AlboPOP Item
RICORSO IN RIASSUNZIONE CORTE DI APPELLO DI NAPOLI - S.I.P.P.I.C. S.p.A. / COMUNE DI CAPRI – COSTITUZIONE IN GIUDIZIO- CONVENZIONE CON L’AVVOCATO UMBERTO FEDERICO R.G. 2799/2011 
Dati AlboPOP Item
AVVISO RIPRESA LAVORI DI GARA AFFIDAMENTO ESTERNO GESTIONE PARCHEGGIO CUSTODIA VEIOLI CON ALAGGIO VARO E SOSTA INVERNALE PICCOLE IMBARCAZIONI LOC.M.GRANDE - MOLO PENNELLO 
Dati AlboPOP Item
Ritorno sulla Determinazione nr. 71/384 per rettifica numero progressivo assegnato al carrello elettrico in ditta Trasporti & Logistica 
Dati AlboPOP Item
CONCESSIONE PATROCINI PORSCHE CLUB 27/28 MAGGIO 2017- REALIZZAZIONE DELLA GUIDA "INFOCAPRI EDIZIONE 2017" A CURA DI JAB CAPRI - PRESENTAZIONE DEL LIBRO "TUTTO IN FRANTUMI E DANZA" DI EDOARDO NESI E GUIDO BRERA 3 GIUGNO 2017.
Dati AlboPOP Item
AMPLIAMENTO OGGETTO MANDATO CONFERITO ALL'AVV. ANTONIO LEMBO A MEZZO DELIBERAZIONE GIUNTALE NR. 64/2017 – RECUPERO CREDITI C/ A.T.I. LEOMAR DI FRANCESCO E LEONARDO RUSCIANO E I.N.TR. S.r. l.
Dati AlboPOP Item
PARZIALE MODIFICA IN VIA SPERIMENTALE DELL'ORDINANZA N. 54/2009 - DISCIPLINA TRANSITO, PARCHEGGIO E SOSTA IN LOCALITA' PALAZZO A MARE - SAN COSTANZO 
Dati AlboPOP Item
LIQUIDAZIONE FATTURA DELLA CAPRI SERVIZI S.R.L. UNIPERSONALE - SERVIZIO ORDINARIO SPAZZAMENTO - GIUGNO 2017
Dati AlboPOP Item
LIQUIDAZIONE FATTURA DELLA CAPRI SERVIZI S.R.L. UNIPERSONALE PER IL SERVIZIO DI VERDE PUBBLICO – GIUGNO 2017
Dati AlboPOP Item
LIQUIDAZIONE FATTURA DELLA CAPRI SERVIZI S.R.L. UNIPERSONALE - MANTENIMENTO DEGLI STANDARD TURISTICI – GIUGNO 2017 
Dati AlboPOP Item
PROJECT FINANCING PER L' AFFIDAMENTO IN CONCESSIONE DELLA REALIZZAZIONE E GESTIONE DEL NUOVO ASILO NIDO ALLA LOCALITA' SAN COSTANZO - PUBBLICAZIONE AVVISO DI GARA - LIQUIDAZIONE FATTURA DITTA GRUPPO EDITORIALE EFFEMMETI S.R.L. DI FOGGIA
Dati AlboPOP Item
SOMMINISTRAZIONE DI LAVORO TEMPORANEO DA PARTE DI DUE OPERAI DI CATEGORIA B, POSIZIONE ECONOMICA 1. LIQUIDAZIONE DELLA FATTURA DELLA DITTA "RANDSTAD ITALIA S.P.A. UNIPERSONALE" DI MILANO PER LE PRESTAZIONI LAVORATIVE SVOLTE NEL MESE DI NOVEMBRE 2016.
Dati AlboPOP Item
ACQUISTO SUL MERCATO ELETTRONICO DELLA "CONSIP S.P.A." DEGLI INDUMENTI DI PROTEZIONE PER GLI OPERAI DEL CIMITERO COMUNALE. LIQUIDAZIONE DELLA FATTURA DELLA DITTA "ARIETE GROUP S.P.A." DI VIADANA (MN).
Dati AlboPOP Item
RIFACIMENTO DELLE RINGHIERE IN FERRO A PROTEZIONE DELLA VIA DI ACCESSO AL BELVEDERE DELL'ARCO NATURALE. LIQUIDAZIONE DELLA FATTURA DELLA DITTA "EDIL ANDALA S.R.L." DI NAPOLI.
Dati AlboPOP Item
POTENZIAMENTO, INTEGRAZIONE ED ADEGUAMENTO DELLA PUBBLICA ILLUMINAZIONE COMUNALE IN VARIE STRADE DEL TERRITORIO COMUNALE. RITORNO SULLA DETERMINAZIONE DIRIGENZIALE N. 149 DEL 17.2.2017 PER LA RIMODULAZIONE DEL QUADRO DEGLI INTERVENTI, A SEGUITO DI UN NUOVO PROGRAMMA DEI LAVORI DELLA DITTA "TELECOM ITALIA S.P.A."
Dati AlboPOP Item
REALIZZAZIONE GAZEBO IN VIALE MATTEOTTI N.8 C/O IL RISTORANTE " IL GERANIO " - SOC. IL GERANIO S.A.S. DI LUCIO GAETA & C.
Dati AlboPOP Item
APERTURA NUOVO INGRESSO PEDONALE SU VIA MARUCELLA C/O COMPLESSO COOPERATIVA ALFA BANK.
Dati AlboPOP Item
APPELLO AVVERSO LA SENTENZA N. 16713/2013 DEL TRIBUNALE DI NAPOLI - SEZIONE LAVORO - COMUNE DI CAPRI C/ MOSCA ANTONINO - COSTITUZIONE IN GIUDIZIO - NOMINA LEGALE
Dati AlboPOP Item
GUIDA REGIONALE "SEGUENDO ULISSE - EDIZIONE 2017" - OFFERTA DI PARTECIPAZIONE 
Dati AlboPOP Item
VARIAZIONE AL BILANCIODI PREVISIONE 2017/2019.
Dati AlboPOP Item
SERVIZIO DI PRELIEVO, TRASPORTO E SMALTIMENTO RIFIUTI PRELEVATI PRESSO CIMITERO CATTOLICO - LIQUIDAZIONE FATTURA DITTA FURINO ECOLOGIA S.R.L. CIG: Z521CDA74B
Dati AlboPOP Item
CON503/2017 DEL 13.02.2015 - Bar Grotta Azzurra - rimodulazione con compensazione metrica del suolo pubblico in concessione.
Dati AlboPOP Item
RIMOZIONE, TRASPORTO E SMALTIMENTO DEI PRODOTTI IN CEMENTO-AMIANTO SVERSATI IN VIA TUORO. APPROVAZIONE DEL PREVENTIVO ED IMPEGNO DI SPESA IN FAVORE DELLA DITTA "ECOLOGIA E SERVIZI ITALIA S.R.L." DI SCAFATI (SA).
Dati AlboPOP Item
ACQUISTO MAGLIETTE CON STAMPA PERSONALIZZATA ATTRAVERSO IL MEPA - LIQUIDAZIONE FATTURA DITTA CHIAPPINI LEONARDO - CIG: Z5B1E8345E
Dati AlboPOP Item
INGIUNZIONE AL PAGAMENTO DI SANZIONE AMMINISTRATIVA AI SENSI DELL' ART.6 DEL D.P.R. N.380/2001 PER OPERE EDILI ABUSIVE ESEGUITE IN VIA LO PALAZZO N.30 C/O RISTORANTE LA PIGNA - PROPRIETA' SIG. RENATO DE GREGORIO
Dati AlboPOP Item
PORTO DI M.GRANDE - AVVISO PRESENTAZIONE VARIAZIONE CDM N. 35/08
Dati AlboPOP Item
LAVORI DI RECUPERO E DI SISTEMAZIONE DEL BELVEDERE DELL'ARCO NATURALE. LIQUIDAZIONE DELLA FATTURA DELLA DITTA "EDIL ANDALA S.R.L." DI NAPOLI.
Dati AlboPOP Item
DELOCALIZZAZIONE DELLA FONTANA PUBBLICA ESISTENTE IN UN'ALTRA AREA DELLA PIAZZETTA DI MATERMANIA. LIQUIDAZIONE DELLA FATTURA DELLA DITTA "EDILRICCI S.R.L." DI CAPRI.
Dati AlboPOP Item
ELENCO AUTORIZZAZIONI PAESISTICHE MAGGIO 2017
Dati AlboPOP Item
RICORSO AL T.A.R. CAMPANIA PROMOSSO DAL GRUPPO “AVANTI CAPRI” PER L’ANNULLAMENTO DELLA DELIBERA DI CONSIGLIO N. 13 DEL 31.01.2017 DI APPROVAZIONE DEL BILANCIO DI PREVISIONE 2017/2019 – LIQUIDAZIONE ACCONTO ALL’AVVOCATO GIUSEPPE SARTORIO
Dati AlboPOP Item
NUOVO IMPIANTO DI ILLUMINAZIONE CON SISTEMA A LED E POTENZIAMENTO DEI CORPI LUMINOSI NEL CAMPO DI CALCIO "SAN COSTANZO". LIQUIDAZIONE DELLA FATTURA DELLA DITTA "SIMITECH DI GARGIULO GIUSEPPE" DI CAPRI.
Dati AlboPOP Item
LAVORI DI STRAORDINARIA MANUTENZIONE DELL'IMMOBILE COMUNALE "EREDITA' RUSSO" DI VIA AIANO DI SOPRA. APPROVAZIONE DEGLI ATTI CONTABILI RELATIVI AL I S.A.L. E LIQUIDAZIONE DELLA FATTURA DELLA DITTA ESECUTRICE.
Dati AlboPOP Item
ELENCO AUTORIZZZAZIONI PAESAGGISTICHE MAGGIO 2017
Dati AlboPOP Item
Archiviazione in autotutela del verbale di accertata violazione amministrativa a carico della soc. Capri Flor 
Dati AlboPOP Item
GRADUATORIA PUBBLICHE AFFISSIONI GIUGNO 2017
Dati AlboPOP Item
AVVISO SELEZIONE PUBBLICA 8 AGENTI PM TEMPO DETERMINATO- PUBBLICAZIONE ANNULLATA
Dati AlboPOP Item
DITTA TRASPORTI & LOGISTICA DI BRATTO GIANPAOLO - AUTORIZZAZIONE ALLA CIRCOLAZIONE DI CARRELLO ELETTRICO SETTORE TARSPORTO PER CONTO DI TERZI - COLORE GIALLO.
Dati AlboPOP Item
TRASPORTI L'ISOLA SOCIETÀ COOPERATIVA - AGGIORNAMENTO COMPOSIZIONE SOCIETARIA E INTESTATARI TITOLARI DEI CARRELLI DI CUI ALLE AUTORIZZAZIONI COMUNALI NR. 1-4-11 E PRESA D'ATTO DI RINUNCIA ALL'AUTORIZZAZIONE COMUNALE DEL CARRELLO ELETTRICO NR. 9 - SETTORE EDILIZIO COLORE BLU.
Dati AlboPOP Item
LAVORI DI ORDINARIA E STRAORDINARIA MANUTENZIONE DI RECUPERO E MESSA IN SICUREZZA DELLE ARE APPARTENENTI IL PARCO ASTARITA. CONFERIMENTO INCARICO DI DIREZIONE LAVORI, COLLAUDO,RILIEVI E COMPUTI ALL'ARCH. GIUSEPPE GRAMEGNA DI ANACAPRI.
Dati AlboPOP Item
INGIUNZIONE ALLA IMMEDIATA SOSPENSIONE DEI LAVORI - IMMOBILE IN VIA PROV. MARINA PICCOLA N.74 - SOC. MIDAGAR S.R.L., L.R. FOZONE CACCESE LORENZO
Dati AlboPOP Item
TAGLIO DELLA PIANTA DI BUNGANVILLEA IN VIA LE BOTTEGHE, NEI PRESSI DELL'INGRESSO DEL NEGOZIO DEL CALZOLAIO FAIELLA. LIQUIDAZIONE DELLA FATTURA DELLA DITTA "CAPRI FLOR DI RUGGIERO DOMENICO & C. S.N.C." DI CAPRI.
Dati AlboPOP Item
ABBATTIMENTO DI ALCUNI ALBERI PERICOLANTI, POTATURA DI UN ALTRO E REIMPIANTO DI TRE "PINUS PINEA" NELLA PIAZZETTA DI MATERMANIA. LIQUIDAZIONE DELLA FATTURA DELLA DITTA "CAPRI FLOR DI D. RUGGIERO & C. S.N.C." DI CAPRI.
Dati AlboPOP Item
SOMMINISTRAZIONE DI LAVORO TEMPORANEO ESPLETATO DA UN OPERAIO DI CATEGORIA B, POSIZIONE ECONOMICA 1. LIQUIDAZIONE DELLA FATTURA DELLA DITTA "RANDSTAD ITALIA S.P.A. UNIPERSONALE" DI MILANO PER LE PRESTAZIONI LAVORATIVE SVOLTE DAL 1.4.2017 AL 30.4.2017.
Dati AlboPOP Item
RIPARAZIONE E SOSTITUZIONE DELLA SCHEDA DISPLAY DEL GRUPPO ELETTROGENO A SERVIZIO DELLA CASA COMUNALE. LIQUIDAZIONE DELLA FATTURA DELLA DITTA "SIMITECH DI GARGIULO GIUSEPPE" DI CAPRI.
Dati AlboPOP Item
ELENCO AUTORIZZAZIONI PAESISTICHE MAGGIO 2017
Dati AlboPOP Item
ELENCO AUTORIZZAZIONI PAESAGGISTICHE MAGGIO 2017
Dati AlboPOP Item
ELENCO AUTORIZZAZIONI PAESAGGISTICHE MESE MAGGIO 2017
Dati AlboPOP Item
ELENCO AUTORIZZAZIONI APESAGGISTICHE MESE MAGGIO 2017
Dati AlboPOP Item
ELENCO AUTORIZZAZIONI PAESAGGISTICHE MESE MAGGIO 2007
Dati AlboPOP Item
ELENCO AUTORIZZAZZIONI PAESAGGISTICHE MESE MAGGIO 2017
Dati AlboPOP Item
RSS Creato
Pubblicazione GitHUB
