23/09/2017 11:30:43
Citta 
Annone Veneto
Recupero dati della Città
Dati recuperati correttamente
Download pagina
Creazione Feed
Inserimento dati AlboPOP
SISTEMAZIONE UFFICI AREA AMMINISTRATIVA 
Dati AlboPOP Item
ACQUISTO ATTREZZATURE PER UFFICIO RAGIONERIA 
Dati AlboPOP Item
ACQUISTO INTEGRAZIONE AL GESTIONALE SICRAWEB - MODULO FINANZIARIA - PER REGOLARIZZAZIONE SOSPESI IN ENTRATA E IN USCITA 
Dati AlboPOP Item
LIQUIDAZIONE SERVIZIO DI AGGIORNAMENTO NORMATIVO ANNO 2017 (DELLA DITTA SOLUZIONE SRL) 
Dati AlboPOP Item
REGOLAZIONE PREMIO POLIZZA TUTELA GIUDIZIARIA PERIODO 31.12.2015-31.12.2016 
Dati AlboPOP Item
SERVIZI FISCALI E CONTABILI PER IL TRIENNIO 2016-2018: IMPEGNO DI SPESA PER L'ANNO 2017 
Dati AlboPOP Item
LIQUIDAZIONE SOFTWARE GESINT RELATIVO AL CONTO ANNUALE DEL PERSONALE 2017 
Dati AlboPOP Item
DETERMINA A CONTRARRE PER L’AFFIDAMENTO DEL SERVIZIO DI TRASPORTO ALLE TERME– ANNO 2017 
Dati AlboPOP Item
QUOTE ASSOCIATIVE 2017 
Dati AlboPOP Item
ACQUISTO TESTO PER L'AGGIORNAMENTO PROFESSIONALE "IL NUOVO PROCEDIMENTO AMMINISTRATIVO DIGITALE" 
Dati AlboPOP Item
ACQUISTO CARTUCCIA INCHIOSTRO BLU PER AFFRANCOPOSTA IS 200 IN DOTAZIONE ALL'UFFICIO PROTOCOLLO - LIQUIDAZIONE. 
Dati AlboPOP Item
LIQUIDAZIONE FATTURA PER ABBONAMENTO A RIVISTA SUL PERSONALE "PERSONALE NEWS" DELLA SOCIETÀ PUBLIKA SRL 
Dati AlboPOP Item
ACQUISTO TESTO PER UFFICIO RAGIONERIA 
Dati AlboPOP Item
ACQUISTO TONER PER AREA AMMINISTRATIVA 
Dati AlboPOP Item
CONVOCAZIONE COMMISSIONE ELETTORALE 
Dati AlboPOP Item
LIQUIDAZIONE LAVORO STRAORDINARIO MESE DI AGOSTO 2017 PERSONALE DIPENDENTE. 
Dati AlboPOP Item
LIQUIDAZIONE COMPETENZE AGOSTO 2017 ATTIVITA' LAVORI SOCIALMENTE UTILI. 
Dati AlboPOP Item
COMUNE DI ZUGLIANO - SOSPENSIONE AUTORIZZAZIONE PER IL COMMERCIO SU AREE PUBBLICHE TIPOLOGIA B, N. 110 DEL 20/06/2010 - EL MANSOURI JAWAD. 
Dati AlboPOP Item
COMUNE DI VICCHIO (FI) - ORDINANZA N. 43 DEL 19/09/2017 - ESUMAZIONI ORDINARIE NEL CIMITERO DI CASELLE. 
Dati AlboPOP Item
COMUNE DI VICCHIO (FI) ORDINANZA CIMITERIALE N. 40 DEL 07/09/2017 - RETTIFICA ORDINANZA N. 34 DEL 10/08/2017 AVENTE PER OGGETTO: ESUMAZIONI ORDINARIE NEL CIMITERO DI SAN QUIRICO - ULIVETA. 
Dati AlboPOP Item
CINEMA IN PIAZZA ESTATE 2017 - LIQUIDAZIONE S.I.A.E. 
Dati AlboPOP Item
COMUNE DI ASOLO - AVVISO DI MOBILITA' VOLONTARIA TRA ENTI PER LA COPERTURA DI UN POSTO DA ASSEGNARE ALL'AREA ECONOMICO FINANZIARIA CON IL PROFILO DI ISTRUTTORE CONTABILE CAT. C - C1. 
Dati AlboPOP Item
COMUNE DI FOSSALTA DI PORTOGRUARO - AVVISO DI MOBILITA' VOLONTARIA PER LA COPERTURA DI UN POSTO DI ISTRUTTORE DIRETTIVO TECNICO, CATEGORIA D1, A TEMPO PIENO ED INDETERMINATO, DA ASSEGNARE ALL'AREA LAVORI PUBBLICI-EDILIZIA-URBANISTICA. 
Dati AlboPOP Item
COMUNE DI PORTOGRUARO - AVVISO DI MOBILITA' VOLONTARIA PER LA COPERTURA DI UN POSTO A TEMPO PIENO ED INDETERMINATO DI CATEGORIA D, PROFILO PROFESSIONALE ISTRUTTORE DIRETTIVO CONTABILE. 
Dati AlboPOP Item
LTA - BANDO DI SELEZIONE PUBBLICA PER L'ASSUNZIONE A TEMPO PIENO ED INDETERMINATO DI N. 1 TECNICO GESTIONE MAGAZZINO, 1 TECNICO SISTEMI INFORMATICI, 1 TECNICO SERVIZIO ACQUEDOTTO. 
Dati AlboPOP Item
RSS Creato
Pubblicazione GitHUB
