05/10/2017 12:33:14
Citta 
Collecchio
Recupero dati della Città
Dati recuperati correttamente
Download pagina
Creazione Feed
Inserimento dati AlboPOP
MODIFICHE TEMPORANEE ALLA VIABILITA’ IN STRADA BERGAMINO A MADREGOLO PER SAGGI PER ASFALTATURA 
Dati AlboPOP Item
RENDICONTO CASSA ECONOMALE 3^ TRIMESTRE 2017 
Dati AlboPOP Item
IMPEGNO E LIQUIDAZIONE DI CONTRIBUTO A FAVORE DELL’ISTITUTO COMPRENSIVO ETTORE GUATELLI DI COLLECCHIO 
Dati AlboPOP Item
ADESIONE ALLA QUINTA EDIZIONE DELL’INIZIATIVA BENEFICA “IN FARMACIA PER I BAMBINI” RACCOLTA FARMACI E PRODOTTI PER BAMBINI – IMP. DI SPESA E LIQUIDAZIONE A FAVORE DI FONDAZIONE FRANCESCA RAVA - N.P.H. ITALIA ONLUS 
Dati AlboPOP Item
SERVIZIO DI PULIZIA IMMOBILI COMUNALI E FARMACIA COMUNALE – ADESIONE ALLA CONVENZIONE INTERCENT-ER “PULIZIE, SANIFICAZIONE E SERVIZI AUSILIARI 4” - AGGIORNAMENTO ISTAT PER GLI ANNI 2017-2018-2019CIG: 67713663F 
Dati AlboPOP Item
RINNOVO CONTRATTO IN ESSERE E NUOVO CONTRATTO DI LOCAZIONE CON LA DITTA COLLECCHIO CENTRO SRL PER LOCALI ADIBITI A SEDE DEGLI UFFICI DI PEDEMONTANA SOCIALE 
Dati AlboPOP Item
OGGETTO:TRASCRIZIONE LIBRI DI TESTO PER ALUNNI IPOVEDENTI. AFFIDAMENTO COOPERATIVA PUNTI DI VISTA DI RIETI. IMPEGNO DI SPESA 
Dati AlboPOP Item
FORNITURA TARGHE NUMERAZIONE CIVICA - AFFIDAMENTO ALLA DITTA “ITP SNC” – IMPEGNO DI SPESA - CIG 
Dati AlboPOP Item
EDIFICI SCOLASTICI – LAVORI DI ADEGUAMENTO SISMICO DELLA SCUOLA PRIMARIA “AI CADUTI DI TUTTE LE GUERRE” DI GAIANO – IMPEGNO DI SPESA E AFFIDAMENTO DIRETTO DI LAVORI DI COMPLETAMENTO ALLA DITTA MARRONE COSTRUZIONE, P.IVA 03075910541, CON SEDE IN VIA BORRONI, 83 FOLIGNO (PG).CIG Z8B201C049CODICE CUP G91E16000290007 
Dati AlboPOP Item
 AFFIDAMENTO DEL SERVIZIO DI ORGANIZZAZIONE DEL VIAGGIO E AUTORIZZAZIONE ALLA MISSIONE A WIESBADEN- CIG: Z6B201A7F9 
Dati AlboPOP Item
AFFIDAMENTO INCARICHI LIBERA PROFESSIONE PRESSO LA FARMACIA COMUNALE PER IL PERIODO 1 OTTOBRE 2017 / 30 SETTEMBRE 2019 - RETTIFICA 
Dati AlboPOP Item
LEGGE REGIONALE 27 GIUGNO 2014 N.6. APPROVAZIONE PROTOCOLLO D'INTESA PER LA PARITÀ E CONTRO LE DISCRIMINAZIONI DI GENERE 
Dati AlboPOP Item
VARIAZIONE AL BILANCIO DI PREVISIONE 2017/2019 ED APPLICAZIONE AVANZO DI AMMINISTRAZIONE 2016 
Dati AlboPOP Item
REGOLAMENTO DI CONTABILITA'- MODIFICA. 
Dati AlboPOP Item
REVISIONE STRAORDINARIA DELLE PARTECIPAZIONI EX ART. 24, D.LGS. 19 AGOSTO 2016 N. 175, COME MODIFICATO DAL DECRETO LEGISLATIVO 16 GIUGNO 2017, N.100 – RICOGNIZIONE PARTECIPAZIONI POSSEDUTE – INDIVIDUAZIONE PARTECIPAZIONI DA ALIENARE – DETERMINAZIONI PER ALIENAZIONE. 
Dati AlboPOP Item
APPROVAZIONE DEL BILANCIO CONSOLIDATO PER L'ESERCIZIO 2016 EX ART. 11/BIS D.LGS 118/2011 
Dati AlboPOP Item
VARIAZIONE AL PIANO ESECUTIVO DI GESTIONE 2017/2019 
Dati AlboPOP Item
APPROVAZIONE DELL’ACCORDO AI SENSI DELL’ART.15 DELLA L.241/1990 TRA IL COMUNE DI COLLECCHIO ED IL CONSORZIO DELLA BONIFICA PARMENSE PER INTERVENTI DI SISTEMAZIONE IDROGEOLOGICA 
Dati AlboPOP Item
IMPIANTO DI DISTRIBUZIONE DEL GAS NATURALE. STATO DI CONSISTENZA. APPROVAZIONE 
Dati AlboPOP Item
AFFIDAMENTO INCARICHI LIBERA PROFESSIONE PRESSO LA FARMACIA COMUNALE PER IL PERIODO 1 OTTOBRE 2017 / 30 SETTEMBRE 2019 
Dati AlboPOP Item
RINNOVO CONTRATTO IN ESSERE E NUOVO CONTRATTO DI LOCAZIONE CON LA DITTA COLLECCHIO CENTRO SRL PER LOCALI ADIBITI A SEDE DEGLI UFFICI DI PEDEMONTANA SOCIALE 
Dati AlboPOP Item
LINEE GUIDA AL DIRETTORE DI FARMACIA CIRCA I COMPENSI PER GLI INCARICHI LIBERO PROFESSIONALI. 
Dati AlboPOP Item
REALIZZAZIONE DI NUOVE CELLETTE OSSARI NEL CIMITERO DI COLLECCHIO CAPOLUOGO. APPROVAZIONE DEL PROGETTO DEFINITIVO – ESECUTIVO.CUP: G97H17000680004 
Dati AlboPOP Item
AVVISO DI PROCEDURA COMPARATIVA PER L'AFFIDAMENTO DI INCARICHI DI PRESTAZIONE PROFESSIONALE A FARMACISTI PER IL PERIODO OTTOBRE 2017-SETTEMBRE 2019- APPROVAZIONE VERBALE E GRADUATORIA 
Dati AlboPOP Item
FORNITURA E POSA DI NUOVE ZANZARIERE E DI NUOVE VENEZIANE DA INSTALLARE NELLA CUCINA A SERVIZIO DELLA MENSA DELLA SCUOLA SECONDARIA DI I° GRADO “D. GALAVERNA”. AFFIDAMENTO DIRETTO SU MEPA (TRATTATIVA N. 248768) ALLA DITTA OMBRA 2000 SNC CON SEDE A COLLECCHIO IN VIA VIII MARZO, 61 - CODICE FISCALE E PARTITA IVA 02098040344. CODICE CUP: G91E17000240004 - CODICE CIG: Z2C1FF75DA. 
Dati AlboPOP Item
RSS Creato
Pubblicazione GitHUB
