Citta Canosa di Puglia
Download pagina
Creazione Feed
Inserimento dati AlboPOP
ASSUNZIONE SPESA E VERSAMENTO IRAP SU COMPETENZE LIQUIDATE AL PERSONALE COMUNALE PER IL MESE DI MAGGIO 2017
Dati AlboPOP Item
Assunzione impegno di spesa per fornitura materiale vario per allestimento seggi elettorali
Dati AlboPOP Item
Servizio di manutenzione straordinaria ville comunali, con specifici interventi tesi a rendere accessibili le aree gioco, con eliminazione delle barriere architettoniche. Trattativa Diretta su MEPA. Affidamento, impegno e liquidazione della spesa. 
Dati AlboPOP Item
Fornitura ricambi (kit - coltello) per decespugliatore in dotazione degli operai manutentori dell'Ufficio Verde Pubblico. Affidamento, impegno e liquidazione della spesa. 
Dati AlboPOP Item
Liquidazione somme in favore della sig.ra Lenoci Laura Concetta, in qualità di erede della de cuius Pugliese Francesca, a seguito della Sentenza n. 572/2017 del Tribunale di Trani e riconoscimento della legittimità del debito fuori bilancio giusta Deliberazione di C.C. n. 41 del 24/05/2017.
Dati AlboPOP Item
Fornitura indumenti da lavoro, per gli operai manutentori dell’Ufficio Ambiente e Verde Pubblico. Ordine di Acquisto Diretto su MEPA. Assunzione, impegno e liquidazione della spesa. 
Dati AlboPOP Item
Messa in esercizio dell'impianto di ascensore palazzina comunale (B4 – B5) di Via Balilla, 44 – Assunzione spesa e affidamento prestazione del servizio di manutenzione programmata.
Dati AlboPOP Item
Indizione gara per acquisto di n.1 scuolabus - CIG 7095399C79.
Dati AlboPOP Item
Assunzione impegno di spesa per fornitura di “Pacco di materiale di cancelleria” da destinare ai seggi elettorali in occasione delle elezioni amministrative 2017.
Dati AlboPOP Item
 Bando pubblico per la concessione di contributi per interventi di recupero edilizio nelle zone del centro storico «Zona Castello» / Liquidazione somme dovute in favore di Armenio I. D.
Dati AlboPOP Item
Servizio di diserbo delle aree verdi comunali, ai fini di prevenzione del rischio di propagazione di incendi. Attivazione procedura negoziata per la scelta del contraente mediante RdO (Richiesta di Offerta) su MEPA e prenotazione della spesa.
Dati AlboPOP Item
Assunzione spesa per partecipazione corso, in house, dipendenti comunali, organizzato dall'Associazione ANUTEL. 
Dati AlboPOP Item
Assunzione impegno di spesa per assistenza e manutenzione software SICR@WEB gestione atti e fatturazione elettronica. Anno 2017. CIG: Z271EA63ED
Dati AlboPOP Item
PERMESSO DI COSTRUIRE N.20 DEL 07/06/2017 RILASCIATO AL SIG. DI SIBIO COSIMA DAMIANA PER LA ESECUZIONE DEI LAVORI DI MESSA IN SICUREZZA DEL FABBRICATO SITO IN VIA SAATI N. 7 ANGOLO VIA LUISA PETRONI 
Dati AlboPOP Item
Proroga Convenzione tra il Comune di Canosa di Puglia ed il Comune di Stornara per l'utilizzo a tempo parziale del dipendente comunale Capitano Tucci Matteo.
Dati AlboPOP Item
Pubblico esercizio " Bar casa del caffè" di Minerva Luciano. Richiesta occupazione permanente di suolo pubblico in piazza V. Veneto, 2
Dati AlboPOP Item
Ricorso in Appello ex art. 433 c.p.c. promosso dal sig. N.D. Nomina legale. 
Dati AlboPOP Item
Reclamo ex art. 669 terdecies e 624 , comma 2, c.p.c. proposto dalla Bleu s.r.l. presso il Tribunale Civile di Lanciano. Nomina legale. 
Dati AlboPOP Item
Sentenza della Corte di Cassazione n. 9965 del 20.4.2017. Nomina legale per riassunzione giudizio.
Dati AlboPOP Item
Riconoscimento legittimità del debito fuori bilancio ai sensi dell'art. 194, comma 1, lett. e) del D.Lgs 267/2000, per il pagamento di somme in favore dell'Avv. Olga Catalano a titolo di competenze professionali.
Dati AlboPOP Item
Riconoscimento della legittimità del debito fuori bilancio ai sensi dell'art. 194 -comma 1- lett. e), D. Lgs. n. 267/2000 per pagamento somma.
Dati AlboPOP Item
Contenzioso “AREA DOMUS ARREDAMENTI S.N.C; ACQUAVIVA SERRAMENTI & SISTEMI; MARYFLOO S.N.C.; IDROTERMOELETTRICA IMPIANTI S.A.S. c/o Comune di Canosa di Puglia - Sentenze Tribunale di Trani – Sezione Civile - n. 338/2017; n. 340/2017; Ordinanze Tribunale di Trani – Giudice dell’Esecuzione – n. 112/2017 - n. 114/2017 - n. 120/2017 - n. 121/2017 -. Riconoscimento della legittimità del debito fuori bilancio ai sensi dell’art. 194, c. 1, lett. a ) D. Lgs. 267/2000. 
Dati AlboPOP Item
Riconoscimento della legittimità del debito fuori bilancio della Sentenza del Tribunale Sez. Lav. n.1975/2016.
Dati AlboPOP Item
Approvazione del Rendiconto di Gestione anno 2016
Dati AlboPOP Item
Variazione di bilancio ai sensi dell'art.175 comma 2 
Dati AlboPOP Item
Ratifica Deliberazione di Giunta Comunale n.119/2017 : "VARIAZIONE DI BILANCIO AI SENSI ART.175 COMMA 4"
Dati AlboPOP Item
LISTE DEI CANDIDATI PER L'ELEZIONE DIRETTA ALLA CARICA DI SINDACO E DDEI CONSIGLIERI COMUNALI CHE AVRÀ LUOGO DOMENICA 11 GIUGNO 2017 - RETTIFICATE
Dati AlboPOP Item
CONTE - MUGEO
Dati AlboPOP Item
NOTARIO - GIUOCO
Dati AlboPOP Item
LIMA - FARETINA
Dati AlboPOP Item
SERVIZIO DI INSTALLAZIONE TABELLONI PER LA PROPAGANDA ELETTORALE ED ALLESTIMENTO SEGGI - AGGIUDICAZIONE DEFINITIVA
Dati AlboPOP Item
PISCITELLI DE VANNA
Dati AlboPOP Item
ZEPPA - MANZI
Dati AlboPOP Item
SALVEMINI - D'AMBRA
Dati AlboPOP Item
BOVE - FARINOLA
Dati AlboPOP Item
LISTA DEI CANDIDATI PER L'ELEZIONE DIRETTA DEL SINDACO E DEI CONSIGLIERI COMUNALI DI DOMENICA 11 GIUGNO 2017
Dati AlboPOP Item
SCARCELLI - SINESI
Dati AlboPOP Item
LAMONACA - MORRA
Dati AlboPOP Item
BOCCAFORNO - D'ARIANO
Dati AlboPOP Item
POSTA CERTIFICATA: INVIO BANDO 36° EDIZIONE DEL PREMIO "CITTÀ DI LEONFORTE" DI MICRONARRATIVA E TEATRO.
Dati AlboPOP Item
AVVISO DI DEPOSITO -ATTI DI VIOLAZIONE CODICE DELLA STRADA NR.157/2017 -NR.70825 DEL 26/01/2017 INTESTATO AL SIG. LORUSSO GIUSEPPE CARLO - PER CONTO DEL COMUNE DI CANOSA DI PUGLIA - - BT - COMANDO POLIZIA LOCALE -
Dati AlboPOP Item
PERMESSO DI COSTRUIRE N.19 DEL 30/05/2017 RILASCIATO AL SIG. DON RAFFAELE BIANCOLILLOLEGALE RAPPRESENTANTE DELLA "CONFRATERNITA DI SANT'ANNA" PER LA COSTRUZIONE DI UN BLOCCO FUNERARIO PER OSSARI SITO NEL CIMITERO COMUNALE ZONA XVIII - 
Dati AlboPOP Item
LEGGE REGIONALE N.18/1999 ART.8 COMUNICAZIONE DI RICERCA ACQUE SOTTERRANEE PER USO IRRIGUO IN LOC.LE FOSSE DEL COMUNE DI CANOSA DI PUGLIA FOGLIO 22 P.LLA 370 DITTA GUGLIELMI GIOVANNI 
Dati AlboPOP Item
LEGGE REGIONALE N.18/1999 ART.8 COMUNICAZIOE DI RICERCA DI ACQUE SOTTERRANEE PER USO IRRIGUO IN LOC. TOZZOLI DEL COMUNE DI CANOSA DI PUGLIA FOGLIO 79 P.LLA 431 DITTA PANTANELLA DI SURIANO SABINO & C. SAS AGR.
Dati AlboPOP Item
AVVISO AI CREDITORI - PROGETTAZIONE ESECUTIVA ED ESECUZIONE DEI “LAVORI DI ADEGUAMENTO ALLE NORME DI SICUREZZA DEGLI EDIFICI SCOLASTICI COMUNALI - SCUOLA MEDIA G. BOVIO – STRALCIO DEL COMPLETAMENTO” (SOSTITUZIONE E MANUTENZIONE STRAORDINARIA TETTO) CUP: I24H12000050001 /CIG: 59541965F9
Dati AlboPOP Item
SERVIZIO DI RACCOLTA E TRASPORTO RIFIUTI URBANI ED ASSIMILATI. PAGAMENTO SOMME RELATIVE AGLI ONERI IMPIANTI DI RECUPERO RIFIUTI INERTI E BIODEGRADABILI MESE DI MARZO 2017. D.D. 33/2017 UNIONE ARO 2 BT
Dati AlboPOP Item
SERVIZIO DI IGIENE URBANA NEL COMUNE DI CANOSA DI PUGLIA. PAGAMENTO CANONE MESE MARZO 2017 ALL'UNIONE DI COMUNI ARO 2 BARLETTA ANDRIA TRANI. CIG: 2668772452
Dati AlboPOP Item
Affrancazione livello enfiteutico Eredi Gesù. Fondi rustici in agro di Canosa di Puglia, foglio 67, particelle 243 e 259.
Dati AlboPOP Item
BEGHELLI SERVIZI Srl - Servizio integrato di illuminazione a risparmio energetico - Assunzione spesa per liquidazione fatture ralative a consumi e servizi contrattualizzati per il 1° bimestre 2017 e conguagli.
Dati AlboPOP Item
Intervento di rimozione, trasporto e smaltimento di elementi di copertura in sospetto amianto. Affidamento servizio, impegno e liquidazione della spesa.
Dati AlboPOP Item
Affrancazione livello enfiteutico Pizzuto Michele. Fondi rustici in agro di Canosa di Puglia, foglio 17, particelle 29, 33, 34 e 35; foglio 19, particella 83.
Dati AlboPOP Item
LAVORI DI MANUTENZIONE STRAORDINARIA STRADE COMUNALI INTERVENTI URGENTI. LIQUIDAZIONE SOMME SPETTANTI A SALDO ALL’IMPRESA TECNOSTRADE DI AVELLA FRANCESCO cod. cig. z711d416fe 
Dati AlboPOP Item
Fornitura decespugliatore da porre in dotazione degli operai manutentori dell'Ufficio Verde Pubblico. Ordine di Acquisto Diretto su MEPA. Affidamento, impegno e liquidazione della spesa. 
Dati AlboPOP Item
Fornitura antiparassitari interni / esterni necessari per gestione operatoria (sterilizzazione) e postoperatoria dei gatti in colonia felina c/o il Cimitero Comunale. Affidamento, impegno e liquidazione della spesa.
Dati AlboPOP Item
ASSUNZIONE SPESA PER RIMBORSO TARES E TARI AGLI AVENTI DIRITTO. 
Dati AlboPOP Item
RATEIZZAZIONE AVVISO SOLLECITO N. 750 TARI 2014. COD. UFF. 3934.
Dati AlboPOP Item
RDO N. 1566130 SUL MEPA PER IL SERVIZIO DI ELABORAZIONE STAMPA IMBUSTAMENTO E POSTALIZZAZIONE AVVISI TARI 2017. CIG. ZAB1E4D687.AGGIUDICAZIONE ALLA DITTA MTS DI MASTRIA FRANCESCO DI SAN GIORGIO MORGETO (RC).
Dati AlboPOP Item
LAVORI DI MANUTENZIONE STRAORDINARIA EDIFICIO SCOLASTICO DELL'ANDRO AMMISSIBILITÀ DEL CERTIFICATO DI REGOLARE ESECUZIONE E LIQUIDAZIONE SOMME SPETTANTI A SALDO ALL’IMPRESA EDIL ART DI LAMBO MICHELE . Cod. CIG. Z01194CDEF 
Dati AlboPOP Item
Lavori di manutenzione straordinaria e recupero locali ex Pretura, Piazza Galluppi, Bagni Pubblicii " Approvazione 1 SAl e relativo certificato di pagamento.- Cod. CIG 607492386
Dati AlboPOP Item
COLLOCAMENTO DI UN ADULTO SENZA FISSA DIMORA AL CENTRO NOTTURNO "ONESTI" DI ANDRIA
Dati AlboPOP Item
Accertamento di entrata per sanzioni al D.Lgs. 285/1992 Nuovo Codice della Strada dal 01.01.2017 al 20.03.2017 - contabilità armonizzata
Dati AlboPOP Item
Accertamento in ENTRATA delle Risorse del “Piano d'Intervento” per l'attuazione del Sostegno per l'Inclusione Attiva - Fondo Sociale Europeo 2014-2020
Dati AlboPOP Item
Assunzione impegno di spesa ed affidamento fornitura scatole in cartone occorrenti per le elezioni amministrative 2017
Dati AlboPOP Item
Costituzione ufficio elettorale ed autorizzazione alla prestazione di opera straordinaria in occasione delle consultazioni elettorali per le elezioni amministrative dell'11 giugno 2017 ed eventuale turno di ballottaggio del 25 giugno 2017.
Dati AlboPOP Item
Liquidazione fatture quarto e ultimo trimestre PRO.V.I. CODICE PRATICA N. 9EIBOR3
Dati AlboPOP Item
DISAGIO ADULTI: COLLOCAMENTO PRESSO SAN VINCENZO DE PAOLI ANDRIA - ANNO 2017
Dati AlboPOP Item
CONTRASTO ALLA POVERTÀ. INTERVENTI SOCIO-ASSISTENZIALI IN FAVORE DI CITTADINI IN STATO DI DISAGIO - EROGAZIONE CONTRIBUTI ECONOMICI.
Dati AlboPOP Item
Elezioni Amministrative dell'11/06/2017 ed eventuale ballottaggio del 25/06/2017 – Servizio di installazione pannelli e allestimento sedi di seggio.- CIG Z411E64225 – Aggiudicazione definitiva.
Dati AlboPOP Item
COD. MC - Programma innovativo in ambito urbano. Contratti di Quartiere II. Zona Castello - Lavori di Edilizia residenziale sovvenzionata da assegnare ad anziani e giovani coppie, comprensiva di edilizia sperimentale. Collegamento alla rete gas - Accettazione preventivi di Estra Energie srl per immobile n. 2, 3, 4, 9. 
Dati AlboPOP Item
Programma innovativo in ambito urbano. Contratti di Quartiere II. Zona Castello – Lavori di Edilizia residenziale sovvenzionata da assegnare ad anziani e giovani coppie, comprensiva di edilizia sperimentale. Allacci alla rete idrica e fognante cittadina. Accettazione preventivi della Società AQP S.p.A. 
Dati AlboPOP Item
RATEIZZAZIONE AVVISO_SOLLECITO N. 671 TARI 2014. COD.UFF. 3323.
Dati AlboPOP Item
Liquidazione fatture primo trimestre - secondo annualità - PRO.V.I. CODICE PRATICA N. MVYHS87
Dati AlboPOP Item
DETERMINA A CONTRARRE- RDO, EX ART 36, COMMA 2 LETT A, D.LGS. 50/2016, RELATIVO ALL'AFFIDAMENTO PER LA FORNITURA E POSA IN OPERA DELLA SEGNALETICA STRADALE VERTICALE E ORIZZONTALE CHE SI RENDE NECESSARIA PER GLI INTERVENTI DI NUOVO IMPIANTO, RIFACIMENTO E ADEGUAMENTO DELLA STESSA SUL TERRITORIO DEL COMUNE DI CANOSA DI PUGLIA
Dati AlboPOP Item
FORNITURA DIVISE POLIZIA MUNICIPALE- GIACCHE A VENTO
Dati AlboPOP Item
RATEIZZAZIONE AVVISO SOLLECITO N. 339 TARI 2014. COD.CONT. 1240.
Dati AlboPOP Item
RINEGOZIAZIONE DEI PRESTITI CONCESSI DALLA CASSA DEPOSITI E PRESTITI S.P.A., AI SENSI DELL’ART. 7 DEL DECRETO LEGGE N. 78/2015, CONVERTITO CON MODIFICAZIONI DALLA LEGGE 6 AGOSTO 2015, N. 125, COME MODIFICATO DALL’ART. 1, COMMA 440 DELLA LEGGE DI BILANCIO 2017 E IN CONFORMITÀ ALLA CIRCOLARE CDP N. 1287 DEL 12 APRILE DEL 2017. ATTUAZIONE DELIBERA C.C. N. 42 DEL 24.05.2017
Dati AlboPOP Item
ORDINANZA REGOLAMENTAZIONE TEMPORANEA DELLA CIRCOLAZIONE STRADALE PER INTERVENTI DI MANOMISSIONE DELLA SEDE STRADALE - C.SO GARIBALDI (DALLA INTERSEZIONE CON P.ZZA DELLA REPUBBLICA/C.SO SAN SABINO A VIA SEN. ROSA) DAL 29.5.2017 AL 23.5.2017.
Dati AlboPOP Item
PERMESSO DI COSTRUIRE N.18 DEL 25/05/2017 RILASCIATO AI SIGG. DELLA GUERRA MARIA INCORONATA GRAZIA, DELLA GUERRA TERESA, DELLA GUERRA COSIMO DAMIANO E DELLA GUERRAFRANCESCA PER LA COSTRUZIONE DI UNA CAPPELLA GENTILIZIA, PREVIA DEMOLIZIONE DEL CIPPO E DELL'EDICOLA ESISTENTE SITO NEL CIMITERO COMUNALE ZONA XI - LOTTO 115 
Dati AlboPOP Item
Rinegoziazione dei prestiti concessi dalla Cassa Depositi e prestiti S.p.A., ai sensi dell’art. 7 del decreto legge n. 78/2015, convertito con modificazioni dalla Legge 6 agosto 2015, n. 125, come modificato dall’art. 1, comma 440 della legge di bilancio 2017 e in conformità alla circolare CDP n. 1287 del 12 aprile del 2017
Dati AlboPOP Item
Riconoscimento della legittimità del debito fuori bilancio della sentenza del Tribunale di Trani n°.572/2017 del 16/03/2017 per pagamento somme in favore della Sig.ra Pugliese Francesca.
Dati AlboPOP Item
Riconoscimento della legittimità del debito fuori bilancio della sentenza del Tribunale di Trani n°.583/2017 del 17/03/2017 per pagamento somme in favore della Sig.ra Gerardi Milena.
Dati AlboPOP Item
Riconoscimento della legittimità del debito fuori bilancio della sentenza del Giudice di Pace di Canosa di Puglia n°.20/2017 del 06/02/2017 per pagamento somme in favore della Sig.ra Sorrenti Maria Angela.
Dati AlboPOP Item
Comunicazioni del Sindaco
Dati AlboPOP Item
ASSUNZIONE IMPEGNO DI SPESA PER LA FORNITURA DEL SERVIZIO DI CONSERVAZIONE DEI DOCUMENTI INFORMATICI. CIG ZB91E8DFCB
Dati AlboPOP Item
ORDINANZA REGOLAMENTAZIONE TEMPORANEA DELLA CIRCOLAZIONE STRADALE IN OCCASIONE DELLA MANIFESTAZIONE DENOMINATA "MEDITERRANEO TRA ORIENTE ED OCCIDENTE" DEL 29.05.2017.
Dati AlboPOP Item
POSTA CERTIFICATA: ESTRATTO AVVISO DI VENDITA IMMOBILI REGIONALI
Dati AlboPOP Item
POSTA CERTIFICATA: RICHIESTA PUBBLICAZIONI DETERMINE
Dati AlboPOP Item
Atto di citazione promosso dalla Ditta Suriano s.r.l. innanzi al Tribunale di Trani – Nomina legale. 
Dati AlboPOP Item
AVVISO DI AGGIUDICAZIONE SERVIZIO ELABORAZIONE STAMPA IMBUSTAMENTO E POSTALIZZAZIONE
Dati AlboPOP Item
PARTECIPAZIONE AL CORSO DI FORMAZIONE - IMPEGNO DI SPESA
Dati AlboPOP Item
Teatro e musica Lingua Italiana dei Segni. Impegno di spesa.
Dati AlboPOP Item
ASSUNZIONE SPESA PER RIMBORSI IMU AGLI AVENTI DIRITTO ANNUALITA' 2012 - 2013 - 2014 - 2015 - 2016.
Dati AlboPOP Item
RATEIZZAZIONE AVVISO SOLLECITO N. 674 TARI 2014. COD. UFF. 3346.
Dati AlboPOP Item
RATEIZZAZIONE AVVISO SOLLECITO N. 137 TARI 2014. COD. UFF. 186.
Dati AlboPOP Item
ASSUNZIONE SPESA PER RIMBORSO DIRITTI DI AFFISSIONE PARI AL 50% PER CAMPAGNA PUBBLICITARIA SOSPESA. ART. 22 COMMA 7 D.LGS. 503/1993.
Dati AlboPOP Item
RATEIZZAZIONE AVVISO SOLLECITO N. 552 TARI 2014. COD. UFF. 553.
Dati AlboPOP Item
RATEIZZAZIONE AVVISO SOLLECITO N. 2746 TARI 2014. COD. UFF. 26804.
Dati AlboPOP Item
RATEIZZAZIONE AVVISO ACCERTAMENTO N. 920 ICI 2011. COD. UFF. 8886.
Dati AlboPOP Item
RATEIZZAZIONE AVVISO _SOLLECITO N. 1827 TARI 2014. COD. UFF. 10853.
Dati AlboPOP Item
Liquidazione somme in favore della sig.ra Sabato Gabriella,in qualità di moglie erede del defunto sig. D'Aquino Sabino, a seguito dello schema di atto transattivo approvato con Delibera di Giunta Comunale n. 100 del 28/04/2017.
Dati AlboPOP Item
RSS Creato
Pubblicazione GitHUB
