13/02/2018 13:31:59
Citta 
Torri del Benaco
Recupero dati della Città
Dati recuperati correttamente
Download pagina
Creazione Feed
Inserimento dati AlboPOP
AVVISO DI MOBILITÀ ESTERNA PER LA COPERTURA DI N. 1 POSTO DI ISTRUTTORE DIRETTIVO TECNICO CAT. D - A TEMPO PIENO E INDETERMINATO PRESSO L'AREA TECNICA MEDIANTE MOBILITÀ VOLONTARIA 
Dati AlboPOP Item
Data al:  15/03/2018 
Conversion from string "Thu, 15 Mar 2018 00:00:00 GMT" to type 'Date' is not valid.
BON SRL - AVVISO VALIDITA' S.C.I.A. N. 033/2018 
Dati AlboPOP Item
CHIUSURA TEMPORANEA E REGOLAMENTAZIONE A SENSO UNICO ALTERNATO DI TRATTO DI STRADA DENOMINATA VIA PIRANDELLO - ALLACCIAMENTO. 
Dati AlboPOP Item
CHIUSURA TEMPORANEA TOTALE AL TRANSITO VEICOLARE E PEDONALE DI TRATTO DI VIA MARCONI. 
Dati AlboPOP Item
RIMOZIONE INSEGNA PUBBLICITARIA E RIMESSA IN PRISTINO DELLO STATO DEI LUOGHI. 
Dati AlboPOP Item
RIMOZIONE INSEGNA PUBBLICITARIA E RIMESSA IN RIPRISTINO DELLO STATO DEI LUOGHI 
Dati AlboPOP Item
AVVISO DI DEPOSITO NELLA CASA COMUNALE DI UN ATTO A NOME DI DANESE IVAN 
Dati AlboPOP Item
Data al:  14/03/2018 
Conversion from string "Wed, 14 Mar 2018 00:00:00 GMT" to type 'Date' is not valid.
AVVISO DI DEPOSITO NELLA CASA COMUNALE DI N. 15 ATTI (VEDI ELENCO ALLEGATO) 
Dati AlboPOP Item
Data al:  12/03/2018 
Conversion from string "Mon, 12 Mar 2018 00:00:00 GMT" to type 'Date' is not valid.
DITTA: CO. EVOLUTION SRL. GESTIONE DEL TEATRO - CINEMA E NOTIFICA DEI CANONI UTENZE A TITOLO FORFETTARIO ANNI 2016 - 2017. INDIRIZZI. 
Dati AlboPOP Item
INSTALLAZIONE FONTANA NEL PARCO DEL FABBRICATO DI PROPRIETA' COMUNALE DENOMINATO VILLA MELISA - ATTO DI INDIRIZZO 
Dati AlboPOP Item
APPROVAZIONE SCHEMA DI CONVENZIONE TRA IL COMUNE DI GARDA E TORRI DEL BENACO PER L'UTILIZZO IN FORMA ASSOCIATA DEL "CENTRO DI RACCOLTA" DI GARDA BIENNIO 2018-2019. INDIRIZZI. 
Dati AlboPOP Item
PATROCINIO "FESTA DELLA RENGA" 14.02.2018. INDIRIZZI. 
Dati AlboPOP Item
PATROCINIO "GIORNATE DELLO SPORT" 15/16.02.2018. INDIRIZZI. 
Dati AlboPOP Item
GESTIONE PIANO DI COMUNICAZIONE E PUBBLICHE RELAZIONI PERIODO FEBBRAIO GIUGNO 2018. INDIRIZZI. 
Dati AlboPOP Item
ANTICIPAZIONE ECONOMALE PER L'ESERCIZIO FINANZIARIO 2018. 
Dati AlboPOP Item
CHIUSURA AL TRAFFICO DI UN TRATTO DI VIA SAN GREGORIO IN FRAZIONE PAI. 
Dati AlboPOP Item
CHIUSURA AL TRAFFICO STRADA IN LOCALITÀ COI PRESSO IL CIVICO 02. 
Dati AlboPOP Item
AVVISO DI MOBILITA' 
Dati AlboPOP Item
Data al:  09/03/2018 
Conversion from string "Fri, 09 Mar 2018 00:00:00 GMT" to type 'Date' is not valid.
NOMINA REVISORE DEI CONTI PER IL TRIENNIO 2018-2020 
Dati AlboPOP Item
GESTIONE SERVIZI COMUNALI TRIENNIO 2018-2020 SETTORE EDILIZIA PUBBLICA. DETERMINAZIONE. 
Dati AlboPOP Item
APPROVAZIONE SCHEMA DI PROTOCOLLO PER LA SEGNALAZIONE E LA PRESA IN CARICO URGENTE DI DONNE VITTIME DI VIOLENZA. 
Dati AlboPOP Item
ESAME E APPROVAZIONE NUOVO "REGOLAMENTO COMUNALE DELL'IMPOSTA DI SOGGIORNO". 
Dati AlboPOP Item
Data al:  09/03/2018 
Conversion from string "Fri, 09 Mar 2018 00:00:00 GMT" to type 'Date' is not valid.
APPROVAZIONE DELLA FUNZIONE ASSOCIATA PER LA GESTIONE DELL’UFFICIO TRIBUTI, TRA IL COMUNE DI TORRI DEL BENACO ED IL COMUNE DI GARDA 
Dati AlboPOP Item
APPROVAZIONE BILANCIO DI PREVISIONE E DOCUMENTO UNICO DI PROGRAMMAZIONE (DUP) PER GLI ESERCIZI 2018-2020 
Dati AlboPOP Item
BILANCIO DI PREVISIONE E.F. 2018-2020. VERIFICA DELLA QUANTITA' E QUALITA' DI AREE E FABBRICATI DA DESTINARSI ALLA RESIDENZA, ALLE ATTIVITA' PRODUTTIVE E TERZIARIE, CHE POTRANNO ESSERE CEDUTI IN PROPRIETA' OD IN DIRITTO DI SUPERFICIE 
Dati AlboPOP Item
RSS Creato
Pubblicazione GitHUB
