14/06/2017 09:30:48
Citta 
Belpasso
Recupero dati della Città
Dati recuperati correttamente
Download pagina
Creazione Feed
Inserimento dati AlboPOP
ATTO DI ACCERTAMENTO N.14034309 A CARICO DI LEOTTA FABIO NATO A CATANIA IL 19/01/1979
Dati AlboPOP Item
ATTO DI ACCERTAMENTO N.14024463 A CARICO DI VALENTI ANTONINO NATO A CATANIA IL 07/10/1967
Dati AlboPOP Item
ATTO DI ACCERTAMENTO N.14017496 A CARICO DI CANTONE MAURIZIO ROBERTO NATO A CATANIA IL 26/6/1966
Dati AlboPOP Item
ATTO DI ACCERTAMENTO N.114011277 A CARICO DI MIO GIUSEPPE NATO A BELPASSO IL 02/8/1952
Dati AlboPOP Item
ATTO DI ACCERTAMENTO N.14007584A CARICO DI MARCHESE JESSICA NATA A CATANIA IL 21/5/1992
Dati AlboPOP Item
ATTO DI ACCERTAMENTO N.14005229 A CARICO DI STRANO GIUSEPPE SANTO NATO A CATANIA IL 01/11/1970
Dati AlboPOP Item
ATTO DI ACCERTAMENTO N.14122957 A CARICO DI SCUDIERI SALVATORE NATO IL 26/03/1976
Dati AlboPOP Item
ATTI DI ACCERTAMENTO N.14016743 E 14009263 A CARICO DI PITINO CONCETTA GRAZIELLA NATA A CATANIA IL 09/9/1970
Dati AlboPOP Item
AVVISO DI ACCERTAMENTO D'UFFICIO - IMPOSTA MUNICIPALE PROPRIA - I.M.U. ANNO 2012 A CARICO DI DITTA SIGMA TRASPORTI SRL P.IVA N. 025058110875
Dati AlboPOP Item
AVVISO DI LIQUIDAZIONE DELL'IMPOSTA - IRROGAZIONE DI SANZIONE N.2011/004/SC/0000000004/0/002 A CARICO DI MIRALDI GIUSEPPE NATO A CATANIA IL 22/01/1971
Dati AlboPOP Item
ATTO DI CONTESTAZIONE PER VIOLAZIONE IN MATERIA DI ACCISE A CARICO DI FERALE DAVIDE NATO A CATANIA IL 08/4/1986 - ATTO NUMERO: 28799 DELL'11/11/2016
Dati AlboPOP Item
ATTO DI CONTESTAZIONE PER VIOLAZIONE IN MATERIA DI ACCISE A CARICO DI FUSTO MARIA ANTONINA NATA A PATERNÒ IL 20/05/1965 - NUMERO ATTO: 10920 DEL 27/4/2016
Dati AlboPOP Item
 PROGETTO “ ORO NERO DELL'ETNA. BELPASSO - CITTÀ DELLE CENTO SCULTURE”. 5° SIMPOSIO DI SCULTURA. ATTO DI INDIRIZZO GESTIONALE. 
Dati AlboPOP Item
LAVORI PER LA COSTRUZIONE LOCULI CIMITERIALI BLOCCO OVEST, NEL CIVICO CIMITERO V STRALCIO - AFFIDAMENTO INCARICO AGGIORNAMENTO CALCOLI STATICI ESECUTIV,I CON LE MODALITÀ PREVISTE DALL’ART. 36, COMMA 2, LETT. A) DEL D. LGS N. 50/2016. - IMPEGNO DI SPESA - CIG : Z321EC1165
Dati AlboPOP Item
APPALTO DEL SERVIZIO DI PULIZIA LOCALI COMUNALI – DURATA ANNUALE PROCEDURA DI GARA APERTA SVOLTA CON MODALITA’ TELEMATICA ON-LINE "M.E.P.A". CODICE CIG : 6932577F81 / NUMERO GARA: 6624081 / ID NEGOZIAZIONE: 1471928 - AGGIUDICAZIONE DEFINITIVA LOUIS SRL 
Dati AlboPOP Item
LIQUIDAZIONE SPESE PER LA REGISTRAZIONE CONTRATTO, IMPOSTA IPOTECARIA E CATASTALE RELATIVE ALL'ACQUISIZIONE DELL'AREA DESTINATA ALLA REALIZZAZIONE DI UN PARCHEGGIO NEL QUARTIERE MATRICE .
Dati AlboPOP Item
PROGETTAZIONE ED ESECUZIONE DEI LAVORI , PER LA REALIZZAZIONE DEI LABORATORI CARRI DI S.LUCIA IN BELPASSO IN BELPASSO - C/DA TIMPA MAGNA . ULTERIORE IMPEGNO E LIQUIDAZIONE COMPETENZE TECNICHE AI COMPONENTI ESTERNI AVV.TO VINCENZO AMATO E ING. GALIA VITO :
Dati AlboPOP Item
MODIFICHE AL PIANO VIARIO PER PASSEGGIATA IN BICICLETTA ORGANIZZATA DA "FRATERNITA MISERICORDIA BERLPASSO"
Dati AlboPOP Item
INSTALLAZIONE DI CORDOLO SPARTITRAFFICO IN VIA A.GRAMSCI
Dati AlboPOP Item
 CONCESSIONE DI LOCULO COMUNALE AL SIG.BONIFACIO PROSPERO MARIO.
Dati AlboPOP Item
 CONCESSIONE LOCULO CIMITERIALE AL SIG. CONIGLIONE GABRIELE.
Dati AlboPOP Item
 INTERVENTI DI ASSISTENZA ECONOMICA A FAVORE DI CITTADINI IN CONDIZIONI DI DISAGIO. LIQUIDAZIONE SERVIZIO CIVICO MAGGIO-GIUGNO 2017. 
Dati AlboPOP Item
CONCESSIONE EDILIZIA IN SANATORIA N. 50/2017 PRATICA N. 1044/U.T.C. L. 47/85. DITTA: VINCIGUERRA GIUSEPPE.
Dati AlboPOP Item
RICOVERO ADULTI DISABILI S.C- S.J.- D.M. M.L.. PRESSO LA STRUTTURA COMUNITÀ ALLOGGIO CASA FAMIGLIA “A.P.PROGRESSO” BELPASSO – IMPEGNO DI SPESA PERIODO DAL 01/05/2017 AL 30/06/2017. CIG : Z891EB494C
Dati AlboPOP Item
AVVISO DI DEPOSITO ATTI: TECLAS PETRE + 25
Dati AlboPOP Item
RSS Creato
Pubblicazione GitHUB
