25/08/2020 16:06:03
Citta 
Livigno
Recupero dati della Città
Dati recuperati correttamente
Download pagina
Creazione Feed
Inserimento dati AlboPOP
SERVIZIO DI ALLACCIAMENTO ALL’ACQUEDOTTO DI DUE NUOVE FONTANE PRESENTI SUL TERRITORIO DEL COMUNE DI LIVIGNO. AFFIDAMENTO DIRETTO ALLA S.EC.AM. SPA ED ASSUNZIONE IMPEGNO DI SPESA. 
Dati AlboPOP Item
SMALTIMENTO MACERIE DI DEMOLIZIONE DI VARIO GENERE (CALCINACCI, DEMOLIZIONI C.A., SCARTI IN LEGNO, ECC.) SCUOLA SAN ROCCO. AFFIDAMENTO DIRETTO ALLA DITTA LIVIGNO SCAVI S.R.L. ED ASSUNZIONE IMPEGNO DI SPESA. 
Dati AlboPOP Item
CONCESSIONE PER IL COMPLETAMENTO/AMPLIAMENTO E GESTIONE DEL COMPLESSO AQUA GRANDA – ACCOLLO DEL FINANZIAMENTO (ART. 3.3) XI RATA (15/09/2020) 
Dati AlboPOP Item
FORNITURA DI ABBIGLIAMENTO PER GLI OPERAI IN SERVIZIO PRESSO L’UFFICIO TECNICO COMUNALE UTGM . AFFIDAMENTO DIRETTO FORNITURA ALLA DITTA LOGA DI LONGA ONORATO 
Dati AlboPOP Item
ACQUISTO ANTENNA 24GHZ E ACCESSORI PER SISTEMA VIDEOSORVEGLIANZA COMUNALE IN SOSTITUZIONE DELL'ANTENNA 24GHZ GUASTA INSTALLATA PRESSO IL TRALICCIO PASSO EIRA 
Dati AlboPOP Item
AUTORIZZAZIONE PAESISTICA N. 79/2020 - GUANA CINZIA - 
Dati AlboPOP Item
AUTORIZZAZIONE PAESISTICA N. 147/2020 - A.P.T. LIVIGNO SRL - 
Dati AlboPOP Item
PERMESSO DI COSTRUIRE N. 415/2019 - GIACOMELLI ANDREA - 
Dati AlboPOP Item
COMUNE DI DERVIO (SO) - AVVISO SELEZIONE PUBBLICA ISTRUTTORE TECNICO CATEGORIA C POSIZIONE ECONOMICA C1 - TEMPO INDETERMINATO PART TIME 18 ORE 
Dati AlboPOP Item
PIANO DELLA PERFORMANCE SEMPLIFICATO/PIANO ESECUTIVO DI GESTIONE 2020 – 2022 (ART. 169 DEL D. LGS 267/2000 - TUEL). III° AGGIORNAMENTO. 
Dati AlboPOP Item
SERVIZIO DI GESTIONE E MANUTENZIONE DEL SISITEMA DI MONITORAGGIO GEOLOGICO DEL VERSANTE IN PROSSIMITA’ DEL PASSO DEL GALLO. TRIENNIO 2020/2022 (36 MESI). PRESA D’ATTO RELAZIONI TECNICHE SEMESTRALI (GIUGNO 2020) DITTA INGEGNERIA & CONTROLLI ITALIA SRL E GEOL. COLTURI STEFANO GIACOMO 
Dati AlboPOP Item
REFERENDUM POPOLARE CONFERMATIVO DELLA L. COST. RECANTE MODIFICHE AGLI ARTT. 56, 57 E 59 DELLA COSTITUZIONE IN MATERIA DI RIDUZIONE DEL NUMERO DEI PARLAMENTARI DA SVOLGERSI IL 20 E 21 SETTEMBRE 2020 – DETERMINAZIONE DEGLI SPAZI DA DESTINARE ALLA PROPAGANDA 
Dati AlboPOP Item
RSS Creato
Pubblicazione GitHUB
