Citta Baranzate
Download pagina
Creazione Feed
Inserimento dati AlboPOP
PROGETTO WELFARE METROPOLITANO E RIGENERAZIONE URBANA SELEZIONATO NELL'AMBITO DEL BANDO PER LA RIQUALIFICAZIONE URBANA E LA SICUREZZA DELLE PERIFERIE DELLE CITTA' METROPOLITANE. PRESA D'ATTO DEL PATTO DI ATTUAZIONE DEL PROGRAMMA DI INTERVENTO N. 5 "RICA(RIGENERARE COMUNITA' E ABITARE) - VERSO HUMAN TECHNOPOLE".
Dati AlboPOP Item
APPROVAZIONE DELLO SCHEMA DI CONVENZIONE TRA IL COMUNE DI BARANZATE E LA ASSOCIAZIONE POLISPORTIVA DILETTANTISTICA BARANZATESE 1948 PER LA GESTIONE DEL CENTRO SPORTIVO COMUNALE "G.RAFFIN"
Dati AlboPOP Item
ADEGUAMENTO DELLE PREVISIONI DI CASSA DEL BILANCIO DI PREVISIONE FINANZIARIO 2017/2019 ALLE RISULTANZE DEL RENDICONTO 2016, AI SENSI DELL'ART. 227, COMMA 6-QUATER, DEL DECRETO LEGISLATIVO 18 AGOSTO 2000, N. 267.
Dati AlboPOP Item
AFFIDAMENTO LAVORI DI COLLEGAMENTO CICLABILE LUNGO LA VIA NAZARIO SAURO - 1° LOTTO FUNZIONALE - VARIANTE N. 2 - CIG: 6777103251 CUP: C91B16000110004
Dati AlboPOP Item
VERIFICHE BIENNALI IMPIANTI DI MESSA A TERRA DEGLI EDIFICI COMUNALI AI SENSI DEL DPR 462/2001 - IMPEGNO DI SPESA E AFFIDAMENTO INCARICO
Dati AlboPOP Item
IMPEGNO DI SPESA PER FORNITURA BUONI PASTO NEL PRIMO SEMESTRE DELL'ANNO 2017.
Dati AlboPOP Item
SCUOLA DELL'INFANZIA CARLO COLLODI DI VIA S.D'ACQUISTO LAVORI DI MANUTENZIONE ORDINARIA PER TINTEGGIO DELLA SCUOLA CIG: Z161C41C76APPROVAZIONE CONTO FINALE - LIQUIDAZIONE DEI CORRISPETTIVI
Dati AlboPOP Item
IMPEGNO DI SPESA PER RINNOVO POLIZZA LIBRO MATRICOLA AUTOMEZZI DI PROPRIETA' COMUNALE PERIODO 31/05/2017 - 31/05/2018 - CIG. ZDD1E90AD5
Dati AlboPOP Item
APPALTO PER L'AFFIDAMENTO DEL SERVIZIO DI RIQUALIFICAZIONE, CURA E MANUTENZIONE DEL PATRIMONIO VEGETAZIONALE DEL COMUNE DI BARANZATECIG: 7034082418APPROVAZIONE VERBALE DI GARA E AGGIUDICAZIONE APPALTO
Dati AlboPOP Item
PROGETTO DI BONIFICA IN PROCEDURA SEMPLIFICATA AI SENSI DELL'ART. 242 BIS D. LGS. N. 152/2006 E SS. MM. ED II. AREA VIA MILANO 265APPROVAZIONE DEL PIANO DI CARATTERIZZAZIONE
Dati AlboPOP Item
IMPEGNO DI SPESA E INCARICO ALL'AVVOCATO GIOVANNI BRAMBILLA PISONI DI MILANO E AVVOCATO MATTEO ADDUCI DI ROMA PER RAPPRESENTARE E DIFENDERE IN GIUDIZIO IL COMUNE DI BARANZATE NEL RICORSO INNANZI AL CONSIGLIO DI STATO R.G. 8828/2006 NEL RICORSO IN APPELLOPRESENTATO DAL SIGNOR SAVERIO GRILLO (PER ANNULLAMENTO E/O RIFORMA SENTENZA T.A.R. LOMBARDIA N. 3226/2005 - RIF. P.E. 93053/1993)
Dati AlboPOP Item
APPROVAZIONE DELL'ATTO INTEGRATIVO N. 3 ALLA CONVENZIONE URBANISTICA DEL 29/10/2010 PER L'ATTUAZIONE DEL PROGRAMMA INTEGRATO DI INTERVENTO NEL COMPARTO TRA LE VIE I° MAGGIO / F. FILZI IN COMUNE DI BARANZATE (P.E. N. 90/2009).
Dati AlboPOP Item
VARIANTE N. 1 AL REGOLAMENTO EDILIZIO COMUNALE 2010 - APPROVAZIONE.
Dati AlboPOP Item
APPROVAZIONE PIANO TRIENNALE DI PREVENZIONE DELLA CORRUZIONE 2017 - 2019.
Dati AlboPOP Item
AVVISO DEPOSITO N.6 ATTI NELLA CASA DEL COMUNE -N EL000031184
Dati AlboPOP Item
AVVISO DI PUBBLICAZIONE BANDO DI MOBILITA' ISTRUTTORE AMMINISTRATIVO DIRETTIVO D1 -MAIL
Dati AlboPOP Item
NUOVO AVVISO PUBBLICO DI MOBILITÀ ESTERNA - ISTRUTTORE DIRETTIVO AMMINISTRATIVO CAT. D1 - AREA AFFARI GENERALI, CULTURA, SERVIZI ALLA PERSONA ED EDUCATIVI-MAIL
Dati AlboPOP Item
ORDINANZA N°31 -ISTITUZIONE DEL DIVIETO DI SOSTA CON RIMOZIONE FORZATA (TEMPORANEA) IN VIA MONTE SPLUGA AI CIVICI N 5 E N 7 PER 10M A PARTIRE DAL GIORNO 29/05/2017 AL 16/06/2017 DALLE ORE 7.00 ALLE ORE 21.00 PER LAVORI EDILI IN FACCIATA
Dati AlboPOP Item
AVVISO SELEZIONE PUBBLICA-MAIL
Dati AlboPOP Item
[20170005311] TRASMISSIONE AVVISO DI MOBILITA' EX ART. 30 DEL D.LGS. 165/2001.
Dati AlboPOP Item
PUBBLICAZIONE CONCORSO PUBBLICO.-MAIL
Dati AlboPOP Item
PROT. N.9574 DEL 12-05-2017 - RICHIESTA PUBBLICAZIONE ALBO PRETORIO-MOBILITA'
Dati AlboPOP Item
I: RICHIESTA PUBBLICAZIONE N° 2 BANDI DI MOBILITA'
Dati AlboPOP Item
CONDUZIONE E MANUTENZIONE DEGLI IMPIANTI TERMICI E DI PRODUZIONE DI ACQUA CALDA SANITARIA DEGLI EDIFICI COMUNALIDAL 15/10/2016 AL 28/02/2017 CIG: Z7B1B996E2AVVISO AI CREDITORI
Dati AlboPOP Item
AVVISO SELEZIONE PUBBLICA -MAIL
Dati AlboPOP Item
LAVORI CONDUZIONE E MANUTENZIONE DEGLI IMPIANTI TERMICI E DI PRODUZIONE DI ACQUA CALDA SANITARIA DEGLI EDIFICI COMUNALI STAGIONI 2014/2015 E 2015/2016LAVORI COMPLEMENTARI A SENSI ART 57 COMMA 5 DEL D.LGS 163/06 E SS.MM.II. PER SCUOLA PRIMARI G.RODARI - MANUTENZIONE STRAORDINARIA ALL'IMPIANTO DI RISCALDAMENTO E PRODUZIONE ACSCIG: Z38179E060AVVISO AI CREDITORI
Dati AlboPOP Item
LAVORI CONDUZIONE E MANUTENZIONE DEGLI IMPIANTI TERMICI E DI PRODUZIONE DI ACQUA CALDA SANITARIA DEGLI EDIFICI COMUNALI STAGIONI 2014/2015 E 2015/2016CIG: 5912962A98AVVISO AI CREDITORI
Dati AlboPOP Item
PUBBLICAZIONE CONCORSO PUBBLICO-MAIL
Dati AlboPOP Item
MANIFESTO RELATIVO ALL'AGGIORNAMENTO DEGLI ALBI DEI GIUDICI POPOLARI PER LE CORTI D'ASSISE E PER LE CORTI D'ASSISE D'APPELLO.
Dati AlboPOP Item
TRASMISSIONE ORDINANZA 85 DEL 15 NOVEMBRE 2016 - COMUNE DI BARANZATE
Dati AlboPOP Item
RSS Creato
Pubblicazione GitHUB
