Citta Viterbo
Download pagina
Creazione Feed
Inserimento dati AlboPOP
D.P.R. N. 380/2001 ART. 27 E SEG. E L.R. N. 15/2008 ORDINANZA DI DEMOLIZIONE EMESSA PER L'IMMOBILE SITO IN VITERBO VIALE RANIERO CAPOCCI, N.18 PROPRIETA' DELLA SOC. " FASAFE" ED IL LOCAZIONE AL SIG. INBIMBO ENRICO.
Dati AlboPOP Item
DIFESA DEI BOSCHI DAGLI INCENDIDICHIARAZIONE DELLO STATO DI GRAVE PERICOLOSITA'
Dati AlboPOP Item
APPROVAZIONE SCHEMA DI ESITO DI GARA PER L'APPALTO DEI LAVORI DI RIQUALIFICAZIONE DELLE AREE URBANE A SERVIZIO DEL PARCO DELL'ARCIONELLO - 1° STRALCIO- CIG 6520201015 - CUP D82F11000190006
Dati AlboPOP Item
FONDO RUSTICO DI PROPRIETA' COMUNALE SITO IN LOC. PALANZANELLA. VOLTURA DA COOPERATIVA SOCIALE ZAFFA A ASSOCIAZIONE DI PROMOZIONE SOCIALE (APS) ZAFFA PALANZANELLA. PRESA D'ATTO.
Dati AlboPOP Item
MICRO-ORGANIZZAZIONE DEL SETTORE VI° LAVORI PUBBLICI E MANUTENZIONI - APPROVAZIONE DELLA DECLARATORIA DELLE FUNZIONI ATTRIBUITE AI SERVIZI.-
Dati AlboPOP Item
REALIZZAZIONE DI UN ACCORDO DI COLLABORAZIONE, AI SENSI DELL'ART. 119 DEL D. LGS. 267/2000 E DELL'ART. 7 DEL REGOLAMENTO COMUNALE N. 144/2010, FINALIZZATO ALL'INDIVIDUAZIONE DI UN SOGGETTO PROPRIETARIO O POSSESSORE DI AREE (COMPRESA L'AREA DOVE ATTUALMENTE INSISTONO LE PISCINE DENOMINATE "BAGNACCIO") SITUATE ALL'INTERNO DELLA CONCESSIONE MINERARIA IL BAGNACCIO PER LA GESTIONE DI ACQUE TERMOMINERALI EMUNTE DAL POZZO BAGNACCIO - AFFIDAMENTO CON RISERVA E PROROGA - CIG Z5D1D0F76C
Dati AlboPOP Item
PROCEDURA APERTA PER LA REALIZZAZIONE DI PROGETTI DI ACCOGLIENZA DEGLI ENTI LOCALI IN SENO ALLO SPRAR. INDIVIDUAZIONE DEL SOGGETTO ATTUATORE- CIG 69283531C4- DETERMINA APPROVAZIONE AVVISO DI RETTIFICA.
Dati AlboPOP Item
SOSTITUZIONE DEL PRESIDENTE DELLA COMMISSIONE DI GARA PER L'AFFIDAMENTO DEI SERVIZI DI ASSISTENZA, SOCIO EDUCATIVO E PULIZIE/RIORDINO PRESSO IL CENTRO DIURNO ALZHEIMER. CIG 68766853FB
Dati AlboPOP Item
PROROGA DELL'AUTORIZZAZIONE PROT. 22176 DEL 03/06/11 ALL'ESERCIZIO DELL'ATTIVITA' DI AUTODEMOLIZIONE PRESSO L'IMPIANTO SITO LUNGO LA S.S. UMBRO LAZIALE KM. 5,500 LOC. CASTEL DI SALCE - SOCIETA' LAE-FER S.R.L.
Dati AlboPOP Item
SIG. GRANDI DARIK - CONCESSIONE LOCULI RIQ. B N. 527 - 528 CIMITERO SAN LAZZARO - ARRETRATI LOCULO PROVVISORIO - RICHIESTA RATEIZZAZIONE IMPORTO CONCESSIONE E ARRETRATI PROVVISORIO.
Dati AlboPOP Item
INCIDENTE STRADALE VERIFICATOSI IL 07/11/2016 IN VITERBO VIALE RANIERO CAPOCCI - DANNEGGIAMENTO PALO PUBBLICA ILLUMINAZIONE NS. RIF. RCAR 09/2017 - AFFIDAMENTO DITTA SCEP IMPIANTI S.R.L. CON SEDE IN SPOLTORE (PE), VIA CIRCOLARE P.I.P. SNC - CIG ZC11EC1C7C
Dati AlboPOP Item
SOCIETA' SVILUPPO EDILIZIO TURISTICO ALBERGHIERO E SPORTIVO- S.E.T.A.S. SRL /COMUNE DI VITERBO - RICORSO EX ART. 702 BIS C.P.C. AVANTI AL TRIBUNALE DI VITERBO - IMPEGNO DI SPESA A FAVORE DEL CTU ARCH. CHIARA ERCOLI
Dati AlboPOP Item
IMPEGNO PER SISTEMAZIONE URGENTE DEL SACELLO DEI CADUTI - DITTA DANIEL PLANTS - FESTEGGIAMENTI DEL 2 GIUGNO 2017 - (CIG ZAE1ECB051)
Dati AlboPOP Item
PROGETTO INTEGRATO PER L'ATTIVITA' DEL CENTRO DIURNO PER MALATI ALZHEIMER. SERVIZIO DI ASSISTENZA, SOCIO EDUCATIVO E PULIZIE/RIORDINO LOCALI. PERIODO 1\6\2017 - 31\7\2017. CIG 65070034BE
Dati AlboPOP Item
SIG. COLELLA RENZO VITTORIO - CONCESSIONE COLOMBARIO TIPO A/B - STRALCIO 5 LIVELLO 1 PROSPETTO1 SETTORE L N.13 CIMITERO SAN LAZZARO - RICHIESTA RATEIZZAZIONE IMPORTO DELLA CONCESSIONE.
Dati AlboPOP Item
SIG.RA CESARI MARIA - CONCESSIONE LOCULO RIQ. B N. 514 CIMITERO SAN LAZZARO - PAGAMENTO ARRETRATI LOCULO PROVVISORIO - RICHIESTA RATEIZZAZIONE CONCESSIONE IMPORTO LOCULO E PAGAMENTO ARRETRATI.
Dati AlboPOP Item
IMPEGNI DI SPESA BIENNIO 2017-2018 NOLEGGIO FULL SERVICE N. 5 APPARECCHIATURE PER COMANDO POLIZIA LOCALE E SPORTELLO ANAGRAFICO VIA GARBINIDITTA "GBR ROSSETTO S.P.A." - CIG Z911EC8A1B
Dati AlboPOP Item
RIMBORSI SOMME G.G. - M.R. - S.A. - R.U.
Dati AlboPOP Item
SIG.RA ANSELMI LIDIA - CONCESSIONE COLOMBARIO RIQ. B N. 518 - CIMITERO SAN LAZZARO - RICHIESTA RATEIZZAZIONE IMPORTO DELLA CONCESSIONE.
Dati AlboPOP Item
ACQUISTO TRAMITE R.D.O. EFFETTUATA SUL MEPA DI CARTA PER FOTOCOPIE E CANCELLERIA - CIG Z6E1EAB7C6
Dati AlboPOP Item
FESTIVITA' DELLA MADONNA LIBERATRICE - 28 MAGGIO 2017 - DETERMINAZIONOI ED IMPEGNO DI SPESA
Dati AlboPOP Item
AFFIDAMENTO TRAMITE MEPA DEL SERVIZIO DI ELABORAZIONE, STAMPA E RECAPITO DEGLI AVVISI DI PAGAMENTO DELLA TARI ANNO 2017. NOMINA COMMISSIONE DI GARA. CIG. Z301E7A951.
Dati AlboPOP Item
DITTA LUGLI MAURO AFFIDAMENTO LAVORI PER RIPRISTINO PALO PUBBLICA ILLUMINAZIONE. CIG. ZEE1EC1CD9
Dati AlboPOP Item
COMPENSI AL PERSONALE U.C.S. PER RILEVAZIONE PREZZI AL CONSUMO 2° SEMESTRE 2016 - IMPEGNO DI SPESA
Dati AlboPOP Item
SIGG. PASTORINO ISABELLA MARGHERITA, GABRIELLA CATERINA, GIOVANNI E FRANCO - CONCESSIONE LOCULI STRALCIO 4 SETTORE I LIVELLO 2 PROSPETTO 2 N. 11 - 12 - 13 H CIMITERO SAN LAZZARO - PAGAMENTO ARRETRATI LOCULI PROVVISORI - RICHIESTA RATEIZZAZIONE CONCESSIONE IMPORTO LOCULO E PAGAMENTO ARRETRATI.
Dati AlboPOP Item
LAVORI DI REALIZZAZIONE DI UN CENTRO CIVICO SPORTIVO INTEGRATO IN LOCALITA' S. BARBARA - RISOLUZIONE DEL CONTRATTO AI SENSI DELL'ART. 136 COMMI 1 E 3 DEL D.LGS. 163/2006- CUP CUP D89B12000160001 - COD. INV. 1099.
Dati AlboPOP Item
SIG.RA GENOVESI ANNA RITA - CONCESSIONE LOCULO RIQ. B N. 513 CIMITERO SAN LAZZARO - ARRETRATI PAGAMENTO LOCULO PROVVISORIO - RICHIESTA RATEIZZAZIONE PAGAMENTO IMPORTO LOCULO E ARRETRATI
Dati AlboPOP Item
: SERVIZIO DI VIGILANZA ARMATA PRESSO IL SETTORE SERVIZI SOCIALI -AFFIDAMENTO ISTITUTO VIGILANZA PRIVATA DELLA PROVINCIA DI VITERBO - PERIODO DAL 01/04/2017 - 31/12/2017 - CIG- Z861EA894C
Dati AlboPOP Item
APPROVAZIONE RENDICONTO SPESE PER INIZIATIVA MOSTRA MULTIMEDIALE "VAN GOGH SHADOW" REGOLAMENTO PER LA CONCESSIONE DI CONTRIBUTI, AI SENSI DELL'ART. 12 DELLA LEGGE 7 AGOSTO 1990, N. 241 E SUCCESSIVE MODIFICHE, IN APPLICAZIONE DELLA L.R. 15 MAGGIO 1997, N. 8 E SUCCESSIVE MODIFICHE E DELLA L.R. 16 NOVEMBRE 2015, N.15 - DETERMINA SENZA IMPEGNO DI SPESA
Dati AlboPOP Item
COMUNE DI VITERBO/SIG.RA TODINI GRAZIELLA- APPELLO AVVERSO SENTENZA N. 433/2017 DEL TRIBUNALE DI VITERBO - IMPEGNO DI SPESA PER INCARICO LEGALE AVV. CESARE CARDONI
Dati AlboPOP Item
SOC. AXIA S.R.L/COMUNE DI VITERBO - ATTO DI CITAZIONE AVANTI AL TRIBUNALE DI ROMA - IMPEGNO DI SPESA PER INCARICO LEGALE AVV. MARIA LUISA ACCIARI
Dati AlboPOP Item
SIG. CALDARELLI FRANCO/COMUNE DI VITERBO- TALETE SPA - ATTO DI CITAZIONE AVANTI AL TRIBUNALE DI VITERBO - IMPEGNO DI SPESA PER INCARICO LEGALE AVV. PIETRO PORRI
Dati AlboPOP Item
PROGETTO HOME CARE PREMIUM -SPESE GESTIONALI - ACQUISTO ARREDI SUL MEPA E FORNITURE SERVIZI VARI -IMPEGNI SPESA-
Dati AlboPOP Item
AFFIDAMENTO DELLE ATTIVITA' STRUMENTALI E DI SUPPORTO IN MATERIA DI GESTIONE DELLE SANZIONI AMMINISTRATIVE AL CODICE DELLA STRADA ELEVATE DAL DIPENDENTE CORPO DI POLIZIA LOCALE. CIG:Z141E90D86
Dati AlboPOP Item
ASILI NIDO A.S. 2016/2017. REVOCA INSERIMENTO ED ESONERO UTENTE.
Dati AlboPOP Item
CONTRIBUTO AGLI ISTITUTI COMPRENSIVI DI VITERBO AI SENSI DEL DECRETO LEGISLATIVO 16 APRILE 1994 N. 297
Dati AlboPOP Item
LAVORI DI MANUTENZIONE E MESSA A NORMA DELLA PALESTRA DELLA SCUOLA PRIMARIA "A. VOLTA" - CONFERIMENTO INCARICO D.L. CONTABILITA' COORD. DELLA SICUREZZA IN FASE DI ESECUZIONE E REDAZIONE CERTIFICATO REGOLARE ESECUZIONE - CIG ZC81E65CBA- CUP D84H14001480004 - COD. INV. 1662
Dati AlboPOP Item
LAVORI DI MIGLIORAMENTO DELLA SEGNALETICA VERTICALE ED ORIZZONTALE PRESSO L'INCROCIO TRA LA S.S. 2 CASSIA E STRADA PONTESODO - CIG Z6B1EAC2BB
Dati AlboPOP Item
SIG. DE LISI PAOLO/COMUNE VITERBO- CONVENZIONE DI NEGOZIAZIONE ASSISTITA - INCARICO LEGALE
Dati AlboPOP Item
PREMIO LETTERARIO "LE STREGHE DI MONTECCHIO" 28 MAGGIO 2017 - REALIZZAZIONE DI N. 3 TARGHE - IMPEGNO DI SPESA - CIG ZE01EB9D89
Dati AlboPOP Item
PICCOLA COMUNITA' PER MINORI - AFFIDAMENTO DELLA CONDUZIONE DELLE ATTIVITA' - AGGIUDICAZIONE. CIG 68784260B4 - CPV 85311300-5
Dati AlboPOP Item
SVOLGIMENTO DELLE FUNZIONI RSA -SALDO ANNO 2016-IMPEGNO DELLA SPESA
Dati AlboPOP Item
AFFIDAMENTO LAVORI DI MESSA IN SICUREZZA DELLE TENDE DEL LOCALE 78 (CLASSE 1C) DELL'ISTITUTO COMPRENSIVO ELLERA - CIG Z351EB058E
Dati AlboPOP Item
RIPRISTINO DI ALCUNI IMPIANTI SEMAFORICI DEL CAPOLUOGO E FRAZIONI - CIG Z451E8616C.
Dati AlboPOP Item
ACQUISTO TRAMITE IL MEPA DI BANDIERE PER LA FACCIATA DI PALAZZO DEI PRIORI - CIG Z791EA9771
Dati AlboPOP Item
INTERVENTO DI MESSA IN SICUREZZA E RECUPERO DELL'IMPIANTO SPORTIVO DI ATLETICA LEGGERA DEL CAMPO SCUOLA IN VITERBO, VIA CAMPO SPORTIVO SCOLASTICO - LAVORI IN ECONOMIA: SOSTITUZIONE DEL CORDOLO IN PROFILATO DI ACCIAIO DELLA PISTA DI ATLETICA - CUP D86H09000130002 - CIG Z8B1E9E3F7 - COD.INV. 1485.
Dati AlboPOP Item
AGGIORNAMENTO SOFTWARE, RIPROGRAMMAZIONE E COLLAUDO APPARATI RADIORICETRASMITTENTI VERIFICA APPARATI STAZIONE RIPETITRICE
Dati AlboPOP Item
RESTITUZIONE SOMMA AL RITROVATORE SIG.MALERBA MARIO
Dati AlboPOP Item
CENTRI RICREATIVI ESTIVI PER MINORI 2017- IMPEGNO CONTRIBUTI ALLE PARROCCHIE ANNUALITA' 2017
Dati AlboPOP Item
LAVORI DI RIFACIMENTO DELLA PAVIMENTAZIONE DI VIA CAIROLI - AGGIUDICAZIONE DEFINITIVA (COD INV. 1656 - CUP D89J16001180006-CIG 6948736658).
Dati AlboPOP Item
CONSORZIO GESTIONE BIBLIOTECHE COMUNALE DEGLI ARDENTI E PROVINCIALE ANSELMI ANNO 2017 - DETERMINAZIONI IN MERITO ALL'IMPEGNO DI SPESA
Dati AlboPOP Item
IMPEGNO DELLA SPESA SUL BILANCIO 2017 PER LA LIQUIDAZIONE AL PERSONALE COMUNALE INTERESSATO DEL COMPENSO INCENTIVANTE DI CUI ALL'ART. 93 D.LGS. 163/2006 RELATIVO AD ALCUNI INTERVENTI A CARICO DI PRIVATI.
Dati AlboPOP Item
LAVORI DI SEGNALETICA VERTICALE ED ORIZZONTALE PRESSO GLI INCROCI STRADALI TRA S. MARIA IN SILICE, VIA VICO QUINZANO E VIA CASTELLO DI FANO, REGOLAZIONE PIAZZA DEI CASTELLI ED INSTALLAZIONE SEGNALETICA VERTICALE SULLA S.R. 2 CASSIA PER APERTURA STRADA PONTESODO - ULTERIORI LAVORI - AFFIDAMENTO IMPRESA SEGNALETICA ITALIANA S.R.L. - CIG Z551E65A2A
Dati AlboPOP Item
FESTA DI S. ANTONIO DA PADOVA
Dati AlboPOP Item
MATRIMONIO - CATTEDRALE DI S. LORENZO
Dati AlboPOP Item
MATRIMONIO- CHIESA DI S. ANDREA
Dati AlboPOP Item
ORDINANZA CONTINGIBILE E URGENTE A TUTELA DELLA SALUTE PUBBLICA - INCENDIO ECOLOGIA VITERBO S.R.L.
Dati AlboPOP Item
PUBBLICAZIONE DI MATRIMONIO N. 148/2017: CUCCODORO - TADDEI
Dati AlboPOP Item
PUBBLICAZIONE DI MATRIMONIO N . 147/2017: ROSATI - NOCELLA
Dati AlboPOP Item
PUBBLICAZIONE DI MATRIMONIO N. 146/2017: SMALDORE - LAURENTI
Dati AlboPOP Item
PUBBLICAZIONE DI MATRIMONIO N. 145/2017: ER-RAFIY - SCAGNETTI
Dati AlboPOP Item
PUBBLICAZIONE DI MATRIMONIO N. 143/2017: PALMA - CANTA
Dati AlboPOP Item
PUBBLICAZIONE DI MATRIMONIO N. 144/2017: DI PORTO - CARDINALI
Dati AlboPOP Item
PUBBLICAZIONE DI MATRIMONIO N. 143/2017: PALMA - CANTA
Dati AlboPOP Item
APPROVAZIONE PROGRAMMA DEGLI INCARICHI DI COLLABORAZIONE AUTONOMA PER L'ANNO 2017
Dati AlboPOP Item
RETTIFICA PARZIALE ORDINANZA DEL DIRIGENTE N. 180 DEL 30.05.2017, AVENTE AD OGGETTO: ORDINANZA DI FERMO ASCENSORE VIA TRENTO N. 32 - S.C.E.C. E S. S.R.L.
Dati AlboPOP Item
APPROVAZIONE DELLA NOTA DI AGGIORNAMENTO AL DOCUMENTO UNICO DI PROGRAMMAZIONE (DUP) - PERIODO 2017/2019 (ART. 170, COMMA 1, DEL D.LGS. N. 267/2000)
Dati AlboPOP Item
INDIVIDUAZIONE, PER L'ANNO 2017, DELLE AREE E DETERMINAZIONE DEI PREZZI DI CESSIONE IN PROPRIETA' O IN DIRITTO DI SUPERFICIE DELLE STESSE. (D.LGS. 18 AGOSTO 2000, N. 267 ART. 172 COMMA 1, LETTERA C)
Dati AlboPOP Item
DOCUMENTO UNICO DI PROGRAMMAZIONE (DUP) - PERIODO2017/2019 DISCUSSIONE E CONSEGUENTE DELIBERAZIONE (ART. 170, COMMA 1, DEL D. LGS. N. 267/2000)
Dati AlboPOP Item
APPROVAZIONE DEL BILANCIO CONSOLIDATO DELL'ESERCIZIO 2014 AI SENSI DELL'ART. 11-BIS DEL D. LGS. N. 118/2011
Dati AlboPOP Item
ESITO DI GARA PER L'APPALTO DEI LAVORI DI RIQUALIFICAZIONE DELLE AREE URBANE A SERVIZIO DEL PARCO DELL'ARCIONELLO - 1° STRALCIO- CIG 6520201015 - CUP D82F11000190006
Dati AlboPOP Item
ORDINANZA DI SGOMBERO PER ESERCITAZIONI DI TIRI EMESSA DAL 1° BATTAGLIONE ASSALTO "GRADO".
Dati AlboPOP Item
AVVISO DI DEPOSITO ATTI - PROT.6/8-10-2016 LEGIONE CARABINIERI LAZIO STAZIONE DI CAPRANICA.
Dati AlboPOP Item
ORDINANZA DI DIVIETO DI CIRCOLAZIONE SU VIA BELLAVISTA E VIA S. AGOSTINO E ISTITUZIONE DOPPIO SENSO DI CIRCOLAZIONE
Dati AlboPOP Item
ORDINANZA DI FERMO ASCENSORE VIA TRENTO N. 32 - S.C.E.C. E S. S.R.L.
Dati AlboPOP Item
ORDINANZA DI SGOMBERO PER ESERCITAZIONI DI TIRI EMESSA DAL REGGIMENTO "SAVOIA CAVALLERIA".
Dati AlboPOP Item
ISTITUZIONE DI UN CENTRO FAMIGLIA - APPROVAZIONE ELABORATI PROGETTUALI
Dati AlboPOP Item
AUTORIZZAZIONE ALLA GUIDA DEI VEICOLI A DISPOSIZIONE DELL'AMMINISTRAZIONE COMUNALE.- ARCH. SERGIO PROIETTI
Dati AlboPOP Item
POSTE ITALIANE SPA - SERVIZI POSTALI EASY FULL E PICK UP - ULTERIORE PROROGA CONTRATTUALE
Dati AlboPOP Item
LAVORI DI RIQUALIFICAZIONE DELL'AREA A PARCHEGGIO SITA IN VIA S. ANTONIO A VITERBO - PRESA D'ATTO RISULTANZE DI GARA - PUBBLICAZIONI AI SENSI DELL' ART. 29 DEL D.LGS. 50/2016. - CUP D87H16000820004 - CIG. 69621113BF.
Dati AlboPOP Item
LAVORI DI RISTRUTTUARZIONE E MESSA A NORMA DELL'IMPIANTO SPORTIVO CAMPO DA RUGBY - PRESA D'ATTO RISULTANZE DI GARA - PUBBLICAZIONI AI SENSI DELL' ART. 29 DEL D.LGS. 50/2016 - CUP D86J15000470001 - CIG. 64756145B8.
Dati AlboPOP Item
IMPEGNI DI SPESA BIENNIO 2017-2018 NOLEGGIO FULL SERVICE N. 3 APPARECCHIATURE PER SETTORE VIIDITTA "GBR ROSSETTO S.P.A." - CIG Z431EAC89E
Dati AlboPOP Item
IMPEGNI DI SPESA BIENNIO 2017-2018 NOLEGGIO FULL SERVICE N. 3 APPARECCHIATURE PER SEGRETERIA GENERALE ED UFFICIO ELETTORALEDITTA "GBR ROSSETTO S.P.A." - CIG ZE01EAC7CB
Dati AlboPOP Item
ACQUISTO TRAMITE IL MEPA DI REGISTRI PER IL SERVIZIO COMMERCIO - CIG Z0D1E7875F
Dati AlboPOP Item
18 GIUGNO 2017 - 56° TROFEO "SALVATORE MORUCCI" - G.S. DILETTANTI SALVATORE MORUCCI - CONCESSIONE CONTRIBUTO - IMPEGNO DI SPESA
Dati AlboPOP Item
PREMIAZIONE "3° TORNEO PRIMAVERA UNDER 13" - REALIZZAZIONE TROFEO E TARGHE ZEF1EA60F7
Dati AlboPOP Item
SOC. BANCA FARMAFACTORING S.P.A/COMUNE VITERBO - RICORSO PER DECRETO INGIUNTIVO - IMPEGNO DI SPESA PER INCARICO LEGALE AVV. ROBERTO CUTIGNI
Dati AlboPOP Item
SERVIZIO DI TRASPORTO URBANO A CHIAMATA ALTERNATIVO AL TRASPORTO DI LINEA PER CITTADINI DISABILI. AGGIUDICAZIONE. CIG 6903021921 CPV 85310000-8
Dati AlboPOP Item
INTERVENTI DI MANUTENZIONE ORDINARIA AUTOVETTURA IN DOTAZIONE ALLO STAFF DEL SINDACO - DITTA "ITALMECCANICA SRL" CIG Z8112385D0
Dati AlboPOP Item
SIG. FREZZA FLAVIO - RIMBORSO ICI IMU ANNI 2010, 2011 E 2012
Dati AlboPOP Item
FORNITURA E POSA IN OPERA DI TELECAMERE PRESSO LE ISOLE DI PROSSIMITA' - INTEGRAZIONE DEFT.N° 5432 DEL 30/12/2016 - ISTITUZIONE UFFICIO DIREZIONE DEI LAVORI. - CIG ZDB1CAFA98
Dati AlboPOP Item
LAVORI EDILI PRESSO LE ISOLE DI PROSSIMITA' - INTEGRAZIONE DET.N° 5388 DEL 29/12/2016 - ISTITUZIONE UFFICIO DIREZIONE DEI LAVORI. - CIG Z771CAFA1D
Dati AlboPOP Item
LAVORI DI PIANTUMAZIONE SIEPI PRESSO N.7 ISOLE DI PROSSIMITA' - INTEGRAZIONE DET.N° 5382 DEL 29/12/2016 - ISTITUZIONE UFFICIO DIREZIONE DEI LAVORI. - CIG Z841CAF9B2
Dati AlboPOP Item
QUANTIFICAZIONE INCASSI VINCOLATI AL 1° GENNAIO 2017 AI SENSI DEL PUNTO 10.6 DEL PRINCIPIO CONTABILE APPLICATO DELLA CONTABILITA' FINANZIARIA ALL. 4/2 AL D.LGS. N. 118/2011 - AGGIORNAMENTO
Dati AlboPOP Item
RICHIESTA MODIFICA COGNOME IOVINELLI.
Dati AlboPOP Item
CONTRIBUTI FINALIZZATI AL RIMBORSO DELLE SPESE PER SOGGIORNI ESTIVI RIABILITATIVI PER DISABILI IN ETA' EVOLUTIVA ED ADULTI -ANNO 2017
Dati AlboPOP Item
INTITOLAZIONE DEL GIARDINO DI VIA DEGLI ARTIGLIERI AD ALESSANDRO VISMARA.
Dati AlboPOP Item
SOCIETA' ARM 23 SRL - PIATTAFORMA "PROJECT ARM" - APPROVAZIONE SCHEMA PROTOCOLLO D'INTESA PER LA VALORIZZAZIONE, PROMOZIONE TURISTICA ED ECONOMICA DEL COMUNE DI VITERBO.
Dati AlboPOP Item
PROGETTO HCP 2017/2018 RINNOVO CONVENZIONE CON INPS
Dati AlboPOP Item
AFFIDAMENTO DELL'INCARICO DI ECONOMO COMUNALE ALLA RAG. STRADA ROSSELLA
Dati AlboPOP Item
RSS Creato
Pubblicazione GitHUB
