Citta Rovigo
Download pagina
Creazione Feed
Inserimento dati AlboPOP
LIQUIDAZIONE RETTE DI RICOVERO DEI MESI DI MARZO/APRILE 2017 ALLA CASA DI CURA PRIVATA “CITTÀ DI ROVIGO” (RO). 
Dati AlboPOP Item
LIQUIDAZIONE RETTE DI RICOVERO ALL'ISTITUTO “LA RESIDENCE”- FICAROLO (RO)/ISTITUTI POLESANI – MESE DI APRILE 2017 
Dati AlboPOP Item
LIQUIDAZIONE RETTE DI RICOVERO DEI MESI DI GENNAIO/FEBBRAIO 2017 ALLA CASA DI CURA PRIVATA “CITTÀ DI ROVIGO” (RO). 
Dati AlboPOP Item
LIQUIDAZIONE RETTE DI RICOVERO A SAN PAOLO SOC. COOP. SOCIALE - CASTELMASSA – (RO) PERIODO GENNAIO/APRILE 2017
Dati AlboPOP Item
PRELEVAMENTO DAL FONDO DI RISERVA N. 6/2017
Dati AlboPOP Item
PIANO PARTICOLAREGGIATO CENTRO RURALE “CANTONAZZO”: MODIFICA SCHEDA U.M.I. N.24 E RELATIVO AGGIORNAMENTO CARTOGRAFICO_ VARIANTE_ ADOZIONE. 
Dati AlboPOP Item
APPROVAZIONE MODIFICA SCHEMA DI CONVENZIONE PER L' UTILIZZO DA PARTE DELL'UNIONE DELL'ERIDANO AI SENSI DELL'ART. 14 CCNL 2004, DELL'ATTIVITÀ DI UN DIPENDENTE A TEMPO PIENO DEL COMUNE DI ROVIGO (MATR. 11024)
Dati AlboPOP Item
AUTORIZZAZIONE ALLO SVOLGIMENTO DELLA CERIMONIA D'INAUGURAZIONE DI SEZIONE ORGANIZZATA DALL'A.N.A.I DEL POLESINE- 18 GIUGNO 2017 - P.ZZA V.EMANUELE II. 
Dati AlboPOP Item
AUTORIZZAZIONE DELLA MANIFESTAZIONE ORGANIZZATA DAL CIRCOLO CULTURALE ARTI DECORATIVE - DENOMINATA "I° CONCORSO DI ARTIGIANATO ARTISTICO " CHE SI SVOLGERÀ L'11 GIUGNO 2017 PRESSO LA PIAZZETTA ANNONARIA. 
Dati AlboPOP Item
PIANO DEGLI INTERVENTI DEL COMMERCIO - APPROVAZIONE LINEE GUIDA PER LA RACCOLTA DELLE MANIFESTAZIONI D'INTERESSE PER LA REDAZIONE DELLA VARIANTE AL PIANO DEGLI INTERVENTI IN ATTUAZIONE DELLA L.R50/2012 E PER LA COMPILAZIONE DEGLI ACCORDI PUBBLICO / PRIVATO AI SENSI DELL' ART. 6 L.R. 11/2004. 
Dati AlboPOP Item
APPROVAZIONE CONCESSIONI SPAZI SCOLASTICI E COMUNALI 
Dati AlboPOP Item
ISTITUTO COMPRENSIVO ROVIGO 3, RICHIESTA DI CONCESSIONE GRATUITA DI AMBIENTI PRESSO IL MONASTERO DI SAN BARTOLOMEO PER SAGGI MUSICALI DI FINE ANNO SCOLASTICO, 06-07.06.2017.
Dati AlboPOP Item
OGGETTO: AUTORIZZAZIONE DELLA MANIFESTAZIONE ORGANIZZATA DALL' ACSD TUMBO DENOMINATA "IN PIAZZETTA" CHE SI SVOLGERÀ DAL 5 AL 9 GIUGNO PRESSO LA PIAZZETTA ANNONARIA. 
Dati AlboPOP Item
AUTORIZZAZIONE ALLO SVOLGIMENTO DELLA MANIFESTAZIONE ORGANIZZATA DAL CONI POINT DI ROVIGO DENOMINATA "A TUTTO SPORT" DEL 3 GIUGNO 2017 - P.ZZA V.EMANUELE II. 
Dati AlboPOP Item
VISITA-SCAMBIO NELLA CITTA' GEMELLATA DI VIERNHEIM DAL 9 AL 12 GIUGNO 2017 - PRESA D'ATTO PARTECIPAZIONE
Dati AlboPOP Item
CONCESSIONE A TITOLO GRATUITO DELLA SALA DELLA GRAN GUARDIA PER IL GIORNO 9 GIUGNO 2017 PER UN INCONTRO DI PRESENTAZIONE DI UN LIBRO NELL'AMBITO DEL MESE DEDICATO ALLA CROCE ROSSA ITALIANA.
Dati AlboPOP Item
LINEA DI INDIRIZZO IN MERITO ALLA PARTECIPAZIONE AL PROGETTO “CULTURAL EXHIBITION MEETS GAMING : STRATEGIES AND DIGITAL SKILLS FOR MUSEUM INNOVATORS” IN QUALITÀ DI PARTNER DI AZIONE PILOTA DESTINATA AL MUSEO DEI GRANDI FIUMI
Dati AlboPOP Item
DEFINIZIONE DELLA COLLABORAZIONE CON C.N.A. ROVIGO ED ECIPA SOC. CONS. A R.L. PER ATTIVITÀ DI FORMAZIONE PROFESSIONALE F.S.E. AREA RESTAURO, E PARZIALE RETTIFICA DELLA DELIBERAZIONE DI GIUNTA N. 227 DEL 02.08.2016.
Dati AlboPOP Item
AUTORIZZAZIONE DELLA MANIFESTAZIONE DENOMINATA "LA DIFFERENZA NON È SOTTRAZIONE" PREVISTA PER IL GIORNO 17 GIUGNO 2017 - P.ZZA V.EMANUELE II. 
Dati AlboPOP Item
INCARICO ALL'AVVOCATURA CIVICA PER COSTITUZIONE IN GIUDIZIO AVANTI AL TAR VENETO.
Dati AlboPOP Item
LIQUIDAZIONE SPESE DI ISTRUTTORIA PER RINNOVO CONCESSIONE PER IL TOMBINAMENTO DI TRATTI DEL CANALE SABBIONI ALL'INTERNO DELLA LOTTIZZAZIONE DENOMINATA SABBIONI A CONCADIRAME – ROVIGO (POS. 7593).
Dati AlboPOP Item
VARIAZIONE COMPENSATIVA AI SENSI DELL'ART. 175 COMMA 5 QUATER LETT. A) DEL D.LGS. 267/2000
Dati AlboPOP Item
PUBBLICAZIONE VERBALE 02894-OGGETTI RINVENUTI
Dati AlboPOP Item
ASSEGNAZIONE ALLOGGIO DI EDILIZIA RESIDENZIALE PUBBLICA SITO A ROVIGO IN VIA BRAMANTE N. 14
Dati AlboPOP Item
PUBBLICAZIONE DI MATRIMONIO MALENGO E COVELLA
Dati AlboPOP Item
REVOCA DEL PROVVEDIMENTO DI DECADENZA DALL'ASSEGNAZIONE DELL'ALLOGGIO DI EDILIZIA RESIDENZIALE PUBBLICA EX ART. 27, COMMA 1, LETTERA I) DELLA L.R. 10/1996, DI PROPRIETÀ DELL'A.T.E.R. DI ROVIGO, SITO IN VIA BARUCHELLO N. 1S/17
Dati AlboPOP Item
AVVISO DI DEPOSITO DI ATTO N. T6U012000274 CRONOLOGICO N. 664/2017 - SIG. XU XIULIAN
Dati AlboPOP Item
APPROVAZIONE SPESA PER REGISTRAZIONE DECRETO DIRIGENZIALE N.23 DEL 12/05/2017, PUBBLICATO SUL BUR N. 52 DEL 26/05/2017 DI ESPROPRIAZIONE ED ASSERVIMENTO COATTIVO DELLE AREE INTERESSATE DALL'INTERVENTO DI "REALIZZAZIONE DI UN 1° STRALCIO DI PERCORSI CICLOPEDONALI DI COLLEGAMENTO TRA IL CENTRO URBANO E LE FRAZIONI - ROVIGO - SARZANO".
Dati AlboPOP Item
DECADENZA DALL'ASSEGNAZIONE DELL'ALLOGGIO DI EDILIZIA RESIDENZIALE PUBBLICA DI VIA R. FOLLEREAU N. 20
Dati AlboPOP Item
DECADENZA DALL'ASSEGNAZIONE DELL'ALLOGGIO DI EDILIZIA RESIDENZIALE PUBBLICA DI VIA G. PASCOLI N. 60 AI SENSI DELL'ART. 27, COMMA 1, LETTERA I) DELLA L.R. 10/1996 
Dati AlboPOP Item
ASSISTENZA ECONOMICA STRAORDINARIA SOSPESI MESE DI MAGGIO 2017 – IMPEGNO E CONTESTUALE LIQUIDAZIONE CONTRIBUTI ECONOMICI A PERSONE VARIE
Dati AlboPOP Item
AFFIDAMENTO SERVIZIO DI COORDINAMENTO PER LA SICUREZZA NELLA FASE DI ESECUZIONE DEI LAVORI DI RISANAMENTO STRUTTURALE DELLE SEDI VIARIE E RIFACIMENTO SOTTOSERVIZI AL GEOM. MARON GRAZIANO CON STUDIO IN ROVIGO.
Dati AlboPOP Item
IMPEGNO DI SPESA PER SERVIZIO DI DISINFESTAZIONE ZANZARE GIUGNO 2017 NEL TERRITORIO COMUNALE – ACQUISTO MEDIANTE ORDINE DIRETTO SUL MERCATO ELETTRONICO DELLA PUBBLICA AMMINISTRAZIONE (MEPA) – CIG. ZF61EBF3DD.
Dati AlboPOP Item
S.P.R.A.R. 2017 - IMPEGNO E CONTESTUALE LIQUIDAZIONE CONTRIBUTI AI BENEFICIARI INSERITI NEL PROGETTO – APRILE E MAGGIO 2017. 
Dati AlboPOP Item
VARIAZIONE COMPENSATIVA AI SENSI DELL'ART. 175 COMMA 5 QUATER LETT. A) DEL D.LGS. 267/2000
Dati AlboPOP Item
ALIENAZIONE ALLA DITTA MODONESI PIERPAOLO DELL'AREA SITA A ROVIGO IN VIA BUONARROTI N. 2, CENSITA AL N.C.T. DI ROVIGO NEL FOGLIO 10 - PARTICELLA 2036
Dati AlboPOP Item
TRASMISSIONE RAPPORTI E ORDINANZE EX ART. 31, COMMA 7, D.P.R. 380/2001: “TESTO UNICO DELLE DISPOSIZIONI LEGISLATIVE E REGOLAMENTARI IN MATERIA EDILIZIA”: MESE DI MAGGIO 2017.
Dati AlboPOP Item
INTEGRAZIONE DELLA ORDINANZA PER LA DISCIPLINA TEMPORANEA DELLA CIRCOLAZIONE STRADALE N. 180/2017 PER MANIFESTAZIONE NEL CENTRO CITTADINO DENOMINATA “HOP HOP STREET FOOD” DAL 01/06/2017 AL 04/06/2017 
Dati AlboPOP Item
ORDINANZA PER LA DISCIPLINA TEMPORANEA DELLA CIRCOLAZIONE STRADALE PER LAVORI DI RIPRISTINO VORAGINE IN VIA BOTTEGO DAL 06/06/2017 AL 16/06/2017 
Dati AlboPOP Item
ORDINANZA PER LA DISCIPLINA TEMPORANEA DELLA CIRCOLAZIONE STRADALE PER LAVORI POLESINE ACQUE SPA DIVISIONE FOGNATURA DA ESEGUIRSI IN VIA O. MUNERATI, 43 - 45 FINO AL 16/06/2017 
Dati AlboPOP Item
ORDINANZA PER LA DISCIPLINA TEMPORANEA DELLA CIRCOLAZIONE STRADALE PER LAVORI EDILI IN VIA N. SAURO DAL 08/06/2017 AL 09/06/2017 CON ORARIO 8.30 – 17.30
Dati AlboPOP Item
PUBBLICAZIONE DI MATRIMONIO PIZZILEO E NOCCO
Dati AlboPOP Item
ORDINANZA DIRIGENZIALE DI IRROGAZIONE DI SANZIONE AMMINISTRATIVA PECUNIARIA AI SENSI DEGLI ARTT.167 COMMI 4 E 5 E 181 COMMA 1TER D.LGS.42/2004 PER OPERE ESEGUITE SENZA LA PREVENTIVA AUTORIZZAZIONE PAESAGGISTICA IN VIA POZZATO N.90 - CENS. DI ROVIGO F.14 MAPP.104.
Dati AlboPOP Item
ASSEGNAZIONE ALLOGGIO DI EDILIZIA RESIDENZIALE PUBBLICA SITO A ROVIGO IN VIALE OROBONI N. 5 
Dati AlboPOP Item
AGGIUDICAZIONE DEFINITIVA DEL SERVIZIO DI GESTIONE DEL CENTRO ASCOLTO ED ASILO NOTTURNO "CASA SOLIDALE" - CIG 6991473A07
Dati AlboPOP Item
AVVISO DI SELEZIONE PUBBLICA, PER ESAMI, PER LA FORMAZIONE DI UNA GRADUATORIA PER EVENTUALI ASSUNZIONI A TEMPO DETERMINATO DI PERSONALE CON PROFILO PROFESSIONALE DI "ISTRUTTORE DELLE ATTIVITÀ AMMINISTRATIVE E CONTABILI" - CATEGORIA C
Dati AlboPOP Item
PROGRAMMA STRAORDINARIO DI INTERVENTO PER LA RIQUALIFICAZIONE URBANA E LA SICUREZZA DELLE PERIFERIE DI CUI ALL'ART. 1 COMMA 974 E 975 DELLA LEGGE 28 DICEMBRE 2015. ASSUNZIONE IMPEGNO DI SPESA PER ESPLETAMENTO PRESTAZIONI TECNICO-SPECIALISTICHE ESTIMATIVE : AGENZIA DELLE ENTRATE – DIREZIONE PROVINCIALE DI ROVIGO – UFFICIO PROVINCIALE TERRITORIO 
Dati AlboPOP Item
CONFERIMENTO INCARICO ALL'AVVOCATURA CIVICA PER RECUPERO SPESE SOSTENUTE DALL'AMMINISTRAZIONE COMUNALE PER DARE ATTUAZIONE ALL'ORDINANZA SINDACALE N. 2/2016 - 
Dati AlboPOP Item
RISOLUZIONE DEL RAPPORTO DI LAVORO
Dati AlboPOP Item
IMPEGNO DELLA SPESA ED AFFIDAMENTO DELL’ESECUZIONE DELL’INTERVENTO PER IL RIPRISTINO DELLA SICUREZZA DELLE INFRASTRUTTURE STRADALI SUL TERRITORIO COMUNALE – CIG Z621ECB553
Dati AlboPOP Item
AVVISO PUBBLICO PER LA COPERTURA, MEDIANTE MOBILITA’ ESTERNA, DI N. 1 POSTO DI ASSISTENTE SOCIALE CAT. D, DA ASSEGNARE ALL’AREA 1 AMMINISTRATIVA DEL COMUNE DI ARRE
Dati AlboPOP Item
BANDO 36° EDIZIONE DEL PREMIO "CITTÀ DI LEONFORTE" - PREMIO NAZIONALE DI MICRONARRATIVA E TEATRO 
Dati AlboPOP Item
DICHIARAZIONE DI EFFICACIA DELLA DETERMINAZIONE DIRIGENZIALE N. 1192 DEL 30/05/2017 RELATIVA ALL'AFFIDAMENTO DEL SERVIZIO DI GESTIONE DEL CENTRO ASCOLTO ED ASILO NOTTURNO "CASA SOLIDALE".
Dati AlboPOP Item
AVVISO DI INDAGINE DI MERCATO PER MANIFESTAZIONE DI INTERESSE A PARTECIPARE ALLA PROCEDURA NEGOZIATA PER L'AFFIDAMENTO DELLA FORNITURA DI CAPI DI VESTIARIO PER DIPENDENTI AVENTI DIRITTO IN SERVIZIO PRESSO SETTORI VARI DELL'AMMINISTRAZIONE COMUNE DI ROVIGO
Dati AlboPOP Item
LIQUIDAZIONE SPESA AD ECOAMBIENTE S.R.L., SOCIETÀ IN HOUSE PROVIDING, PER GESTIONE DEL SERVIZIO IGIENE URBANA – APRILE 2017.
Dati AlboPOP Item
PERMESSO DI COSTRUIRE N. 50 DEL 31/05/2017,RIF. UT 438/2017, IN ACCERTAMENTO DI CONFORMITÀ EX ART. 36 DPR380/2001, PER OPERE REALIZZATE IN DIFFORMITÀ DALLA LICENZA EDILIZIA N. 1161/61 AL PIANO QUARTO IN VIA G. VERDI 7/A-B, CENS. DI ROVIGO F. 18 - MAPP. 367 SUB 10 - 11 18 - 25 - 30PARTE.
Dati AlboPOP Item
CONFERIMENTO INCARICO ALL’AVV. FERRUCCIO LEMBO DELL'AVVOCATURA CIVICA PER RECUPERO DEL CREDITO VANTATO NEI CONFRONTI DEI PROPRIETARI DELL'AREA CORTILIVA SITA IN ROVIGO VIA OTTAVIO MUNERATI N.4 IN SEGUITO AD ESECUZIONE D'UFFICIO DELL'ORDINANZA DIRIGENZIALE N. 268/2011 PER INOTTEMPERANZA DELLA STESSA.
Dati AlboPOP Item
CAMBIO INTESTAZIONE PERMESSO DI COSTRUIRE N. 124 DEL 11/10/2016 U.T. 207/2016, RILASCIATO ALLA DITTA “MARFIN S.R.L.” ORA “FERRATI S.R.L.”
Dati AlboPOP Item
AVVISO PUBBLICO DI MANIFESTAZIONE DI INTERESSE PER LA GESTIONE DEL CENTRO ANTIVIOLENZA DEL POLESINE E CASA RIFUGIO DEL CENTRO ANTIVIOLENZA DEL POLESINE
Dati AlboPOP Item
ASSEGNAZIONE CONTRIBUTI SOCIETÀ SPORTIVE AI SENSI DELL'ART. 22 LETTERA A) DEL REGOLAMENTO PER LA GESTIONE E L’USO DEGLI IMPIANTI SPORTIVI COMUNALI. APPROVAZIONE ELENCO DEI BENEFICIARI E RELATIVE PERCENTUALI 
Dati AlboPOP Item
NOMINA A INCARICATO TRATTAMENTO DEI DATI DIPENDENTE RIZZATI ANNA 
Dati AlboPOP Item
AFFIDAMENTO DIRETTO LAVORI DI MANUTENZIONE STRAORDINARIA PIAZZA ANNONARIA- DITTA FONSATO IMPIANTI CON SEDE A TAGLIO DI PO (RO) . 
Dati AlboPOP Item
PERMESSO DI COSTRUIRE N. 49 DEL 30/05/2017 - RIF. UT 1399/2016 PER SOPRAELEVAZIONE DEL CORPO DI FABBRICATO ANTERIORE DEL FABBRICATO A DESTINAZIONE INDUSTRIALE SITO IN VIALE DEL LAVORO 18 - ROVIGO
Dati AlboPOP Item
ASSEGNAZIONE ALLOGGIO SITO IN ROVIGO LOC.GRIGNANO VIA SCOLO VALDENTRO N. 46 SUB 1 GARAGE SUB 18
Dati AlboPOP Item
ORDINANZA PER LA DISCIPLINA TEMPORANEA DELLA CIRCOLAZIONE STRADALE PER LAVORI POTATURA PIANTE IN VIA MURE OSPEDALE IL 31/05/2017 DALLE ORE 8.30 ALLE ORE 17.30
Dati AlboPOP Item
ORDINANZA PER LA DISCIPLINA TEMPORANEA DELLA CIRCOLAZIONE STRADALE PER LAVORI EDILI IN VIA FIUME IL 31/05/2017 DALLE ORE 8.00 ALLE ORE 16.00
Dati AlboPOP Item
ORDINANZA PER LA DISCIPLINA TEMPORANEA DELLA CIRCOLAZIONE STRADALE PER LAVORI EDILI A SEGUITO OCCUPAZIONE SUOLO IN CORSO DEL POPOLO DAL 05/06/2017 AL 30/06/2017.
Dati AlboPOP Item
ORDINANZA PER LA DISCIPLINA TEMPORANEA DELLA CIRCOLAZIONE STRADALE PER TRASLOCO IN VIA S. BELLINO IL 05/06/2017 DALLE ORE 8.00 ALLE ORE 14.00
Dati AlboPOP Item
ORDINANZA PER LA DISCIPLINA TEMPORANEA DELLA CIRCOLAZIONE STRADALE - IMPRESA I.T.E.L. S.R.L. - LAVORI PER CONTO E.N.E.L. IN VIA PARENZO IL 01/06/2017
Dati AlboPOP Item
AVVIO DEL PROCEDIMENTO AI SENSI DELL'ART. 8 DELLA L. 241/90 DI "VERIFICA DELLA COMUNICAZIONE DEL 17/05/17 PER L'ISCRIZIONE DELL'ATTIVITÀ DI RECUPERO DI RIFIUTI NON PERICOLOSI IN PROCEDURA SEMPLIFICATA, NEL REGISTRO PROVINCIALE, AI SENSI DELL'ART. 216 DEL D.LGS. N. 152/06 E DEL D.M. 05/02/98 E SS.MM." PRATICA N.01481380291-11052017-1637 - SUAP 3173 - 01481380291 MULTISERVICE SRLS
Dati AlboPOP Item
INGIUNZIONE DI RILASCIO DELL'ALLOGGIO PARCHEGGIO DI PROPRIETÀ COMUNALE SITO A ROVIGO IN VIA SCARLATTI 2 PER OCCUPAZIONE SENZA TITOLO AI SENSI DEL COMBINATO DISPOSTO DELL'ART.29 DELLA L.R.10/1996 E DELL'ART.14 DEL REGOLAMENTO PER LA DISCIPLINA E L'ASSEGNAZIONE DEGLI ALLOGGI PARCHEGGIO DI PROPRIETÀ COMUNALE APPROVATO CON DELIBERA DI CONSIGLIO COMUNALE N.32 DEL 15/5/2012 E SUCCESSIVAMENTE MODIFICATA CON DELIBERA DEL COMMISSARIO STRAORDINARIO N.2 DEL 28/1/2015
Dati AlboPOP Item
ORDINANZA DIRIGENZIALE EX ART. 34, COMMA 2, DPR 380/2001, DI IRROGAZIONE DELLA SANZIONE PECUNIARIA PER OPERE EDILIZIE REALIZZATE IN PARZIALE DIFFORMITÀ DAL TITOLO IN VIA CIMITERO N. 21 – ROVIGO.
Dati AlboPOP Item
ORDINANZA CONTINGIBILE ED URGENTE AI SENSI DELL’ART.54 DEL D.LGS. 267/2000 DI MESSA IN SICUREZZA EDIFICIO IN VIALE PORTA PO, 151 - ROVIGO 
Dati AlboPOP Item
ORDINANZA CONTINGIBILE ED URGENTE AI SENSI DELL’ART.54 DEL D.LGS. 267/2000 DI MESSA IN SICUREZZA EDIFICIO E PARTI ACCESSORIE IN VIA L. RAMELLO, 1 - ROVIGO 
Dati AlboPOP Item
T.U. 11/12/1933, N. 1775 -R.D. 14.08.1920 N. 1285. ORDINANZA AI FINI DEL RINNOVO A SANATORIA CONCESSIONE DI DERIVAZIONE DI ACQUA PUBBLICA DA FALDA SOTTERRANEA AD USO IRRIGUO TRAMITE UN POZZO FG. 22 MAPP 842 LOC. CAPITELLO_AGRITURISMO IL BOSCO DI VIGNAGA AGOSTINO - POS. P516/1.
Dati AlboPOP Item
COMUNICAZIONE DI INIZIO PROCEDIMENTO AMMIISTRATIVO - DOMANDA VIA PER LA REALIZZAZIONE DI UN IMPIANTO RECUPERO RIFIUTI SPECIALI IN ZONA INTERPORTO - LOC. BORSEA - RO
Dati AlboPOP Item
LIQUIDAZIONE CONTRIBUTO AD ASSOCIAZIONE
Dati AlboPOP Item
LIQUIDAZIONE CONTRIBUTO STRAORDINARIO PER ADESIONE A PROGETTO ATTIVITÀ NATATORIA PER CITTADINI CON DISABILITÀ.
Dati AlboPOP Item
SURROGA RAPPRESENTANTE DEI GENITORI DEL COMITATO DI GESTIONE ASILO NIDO BRAMANTE 
Dati AlboPOP Item
SURROGA RAPPRESENTANTI DEI GENITORI DEL COMITATO DI GESTIONE ASILO NIDO BUONARROTI
Dati AlboPOP Item
BOLLETTINO UFFICIALE DELLE VENDITE GIUDIZIARIE PER I TRIBUNALI DI ROVIGO N. 10 DEL 19/05/2017 
Dati AlboPOP Item
AVVISO PUBBLICO PER LA COPERTURA, MEDIANTE MOBILITA’ ESTERNA, DI N. 1 POSTO DI ISTRUTTORE AMMINISTRATIVO CAT. C, DA ASSEGNARE ALL’AREA 2 ECONOMICO FINANZIARIA
Dati AlboPOP Item
ARTT.65 E 66 DELLA LEGGE N. 448/98 E S.M.I. RIGUARDANTI L'ASSEGNO PER NUCLEO FAMILIARE NUMEROSO E L'ASSEGNO DI MATERNITA'. MAGGIO 2017 (2)
Dati AlboPOP Item
NOMINA COMMISSIONE GIUDICATRICE PER L’AFFIDAMENTO DEL SERVIZIO DI GESTIONE CENTRO SERVIZI MIGRANDO - SERVIZI DI ORIENTAMENTO E INFORMAZIONE. DETERMINAZIONE A CONTRATTARE. ISTITUZIONE SEGGIO DI GARA PER LO SVOLGIMENTO DELLE ATTIVITÀ PRELIMINARI DI VALUTAZIONE E AMMISSIONE DEI CONCORRENTI.
Dati AlboPOP Item
ORDINANZA CONTINGIBILE ED URGENTE AI SENSI DELL’ART.54 DEL D.LGS. 267/2000 DI MESSA IN SICUREZZA APPARTAMENTO IN VIA DELLA COSTITUZIONE - ROVIGO
Dati AlboPOP Item
SERVIZIO DI ANIMAZIONE ESTIVA PER LE SCUOLE DELL'INFANZIA PRESSO IL PLESSO SCOLASTICO MARCHI ANNO 2017.
Dati AlboPOP Item
ORDINANZA PER LA DISCIPLINA PERMANENTE DELLA CIRCOLAZIONE STRADALE E RIORGANIZZAZIONE DEGLI STALLI DI SOSTA, ANCHE A PAGAMENTO, NEI SEGUENTI SITI: CORSO DEL POPOLO, PIAZZA MERLIN, VIA MIANI, VIA OBERDAN, VIALE TRIESTE, VIA PONTE DELLA RODA
Dati AlboPOP Item
 ORDINANZA PER LA DISCIPLINA TEMPORANEA DELLA CIRCOLAZIONE STRADALE PER LAVORI DITTA GAGGIO S.A.S. PER CONTO DI AP RETI GAS DA ESEGUIRSI IN VIA CASELLATO FINO AL 26/06/2017 
Dati AlboPOP Item
ORDINANZA PER LA DISCIPLINA TEMPORANEA DELLA CIRCOLAZIONE STRADALE PER LAVORI EDILI IN VIA BONIFACIO DAL 29/05/2017 AL 09/06/2017
Dati AlboPOP Item
ORDINANZA PER LA DISCIPLINA TEMPORANEA DELLA CIRCOLAZIONE STRADALE PER LAVORI MANUTENZIONE ORDINARIA ELETTRODOTTO DITTA TERNA RETE ITALIA SPA DA ESEGUIRSI IN VIA MASCAGNI IL 29 E 30 MAGGIO 2017
Dati AlboPOP Item
ORDINANZA PER LA DISCIPLINA TEMPORANEA DELLA CIRCOLAZIONE STRADALE PER LAVORI POLESINE ACQUE SPA DIVISIONE FOGNATURA DA ESEGUIRSI IN VIA LELLO ED IN VIA DELLA CONCILIAZIONE FINO AL 23/06/2017 
Dati AlboPOP Item
ORDINANZA PER LA DISCIPLINA TEMPORANEA DELLA CIRCOLAZIONE STRADALE PER POSIZIONAMENTO DEL “PULMANN AZZURRO” DELLA POLIZIA DI STATO IL GIORNO 26 MAGGIO 2017 IN PIAZZA RICONOSCENZA IN OCCASIONE DELL'INCONTRO CON LE SCOLARESCHE POLESANE SUL TEMA “BULLISMO E CYBERBULLISMO” CHE SI TERRA' PRESSO IL TEATRO DON BOSCO
Dati AlboPOP Item
ORDINANZA PER LA DISCIPLINA TEMPORANEA DELLA CIRCOLAZIONE STRADALE DAL 01/06/2017 AL 04/06/2017 PER MANIFESTAZIONE NEL CENTRO CITTADINO DENOMINATA “HOP HOP STREET FOOD”
Dati AlboPOP Item
CIMITERO DI CONCADIRAME: LAVORI DI REALIZZAZIONE DI UN GRUPPO DI 15 LOCULI. CIG: ZE21C6186C. APPROVAZIONE VERBALE N.1 DI CONCORDAMENTO NUOVI PREZZI.
Dati AlboPOP Item
ASSEGNAZIONE ALLOGGIO IN EMERGENZA ABITATIVA EX ART 11 L.R. 10/1996 SITO IN ROVIGO LOC. FENIL DEL TURCO VIA FOLLERAU N. 18
Dati AlboPOP Item
ASSEGNAZIONE ALLOGGIO DI EDILIZIA RESIDENZIALE PUBBLICA SITO IN VIA D.A. ALEASI N. 22 
Dati AlboPOP Item
DECADENZA DALL'ASSEGNAZIONE DELL'ALLOGGIO DI EDILIZIA RESIDENZIALE PUBBLICA DI VIA BARUCHELLO 1S/17 AI SENSI DELL'ART. 27, COMMA 1, LETTERA I) DELLA L. R. 10/1996
Dati AlboPOP Item
PERMESSO DI COSTRUIRE IN SANATORIA (EX LEGGE 326/2003:3° CONDONO EDILIZIO) N. 481 DEL 24.05.2017 - RIF. UT 1656/06.12.2004 PER CREAZIONE NUOVO ALLOGGIO NEL SOTTOTETTO IN VIA L. ARIOSTO N. 5/A - ROVIGO
Dati AlboPOP Item
 PROGETTO “HOME CARE PREMIUM 2017” –ASSISTENZA DOMICILIARE PER I DIPENDENTI PENSIONATI PUBBLICI, PER I LORO CONIUGI, E PARENTI AFFINI DI PRIMO GRADO NON AUTOSUFFICIENTI 1/07/2017- 31/12/2018 
Dati AlboPOP Item
OGGETTO: AUTORIZZAZIONE DELLA MANIFESTAZIONE DENOMINATA "ROVIGO COMICS COSPLAY & GAMES" PREVISTA PER I GIORNI 26-27-28 MAGGIO 2017 NELLE PIAZZE E VIE DEL CENTRO STORICO E DELLE INIZIATIVE COLLEGATE : - "FESTA AMERICANA E CIBI DAL MONDO" CHE SI SVOLGERÀ I GIORNI 26-27-28 MAGGIO 2017 NELLE VIE DEL CENTRO STORICO; - "TEDDY BEAR HOSPITAL" PREVISTA PER IL 27 MAGGIO 2017 NEL CENTRO STORICO CITTADINO . 
Dati AlboPOP Item
RSS Creato
Pubblicazione GitHUB
